{"/Users/shubhadipmaity/projects/vue3-datepicker/src/App.vue": {"path":"/Users/shubhadipmaity/projects/vue3-datepicker/src/App.vue","statementMap":{"0":{"start":{"line":2,"column":0},"end":{"line":2,"column":null}},"1":{"start":{"line":3,"column":0},"end":{"line":3,"column":null}},"2":{"start":{"line":11,"column":0},"end":{"line":11,"column":null}},"3":{"start":{"line":36,"column":0},"end":{"line":36,"column":null}},"4":{"start":{"line":39,"column":0},"end":{"line":39,"column":null}},"5":{"start":{"line":42,"column":0},"end":{"line":42,"column":null}},"6":{"start":{"line":45,"column":0},"end":{"line":45,"column":null}},"7":{"start":{"line":48,"column":0},"end":{"line":48,"column":null}},"8":{"start":{"line":51,"column":0},"end":{"line":51,"column":null}},"9":{"start":{"line":54,"column":0},"end":{"line":54,"column":null}},"10":{"start":{"line":55,"column":0},"end":{"line":55,"column":null}},"11":{"start":{"line":56,"column":0},"end":{"line":56,"column":null}},"12":{"start":{"line":57,"column":0},"end":{"line":57,"column":null}},"13":{"start":{"line":60,"column":0},"end":{"line":60,"column":null}},"14":{"start":{"line":63,"column":0},"end":{"line":63,"column":null}}},"fnMap":{"0":{"name":"data","decl":{"start":{"line":10,"column":0},"end":{"line":10,"column":null}},"loc":{"start":{"line":10,"column":0},"end":{"line":32,"column":null}}},"1":{"name":"handleCalendarClose","decl":{"start":{"line":35,"column":0},"end":{"line":35,"column":null}},"loc":{"start":{"line":35,"column":0},"end":{"line":37,"column":null}}},"2":{"name":"handleSelectDate","decl":{"start":{"line":38,"column":0},"end":{"line":38,"column":null}},"loc":{"start":{"line":38,"column":0},"end":{"line":40,"column":null}}},"3":{"name":"handleChangedMonth","decl":{"start":{"line":41,"column":0},"end":{"line":41,"column":null}},"loc":{"start":{"line":41,"column":0},"end":{"line":43,"column":null}}},"4":{"name":"handleChangedYear","decl":{"start":{"line":44,"column":0},"end":{"line":44,"column":null}},"loc":{"start":{"line":44,"column":0},"end":{"line":46,"column":null}}},"5":{"name":"handleChangedDay","decl":{"start":{"line":47,"column":0},"end":{"line":47,"column":null}},"loc":{"start":{"line":47,"column":0},"end":{"line":49,"column":null}}},"6":{"name":"dateSelected","decl":{"start":{"line":50,"column":0},"end":{"line":50,"column":null}},"loc":{"start":{"line":50,"column":0},"end":{"line":52,"column":null}}},"7":{"name":"checkDatePicker","decl":{"start":{"line":53,"column":0},"end":{"line":53,"column":null}},"loc":{"start":{"line":53,"column":0},"end":{"line":58,"column":null}}},"8":{"name":"changedVmodel","decl":{"start":{"line":59,"column":0},"end":{"line":59,"column":null}},"loc":{"start":{"line":59,"column":0},"end":{"line":61,"column":null}}},"9":{"name":"changeDefaultValue","decl":{"start":{"line":62,"column":0},"end":{"line":62,"column":null}},"loc":{"start":{"line":62,"column":0},"end":{"line":64,"column":null}}}},"branchMap":{},"s":{"0":0,"1":0,"2":0,"3":0,"4":0,"5":0,"6":0,"7":0,"8":0,"9":0,"10":0,"11":0,"12":0,"13":0,"14":0},"f":{"0":0,"1":0,"2":0,"3":0,"4":0,"5":0,"6":0,"7":0,"8":0,"9":0},"b":{}}
,"/Users/shubhadipmaity/projects/vue3-datepicker/src/main.ts": {"path":"/Users/shubhadipmaity/projects/vue3-datepicker/src/main.ts","statementMap":{"0":{"start":{"line":1,"column":0},"end":{"line":1,"column":null}},"1":{"start":{"line":2,"column":0},"end":{"line":2,"column":null}},"2":{"start":{"line":3,"column":12},"end":{"line":3,"column":22}},"3":{"start":{"line":4,"column":0},"end":{"line":4,"column":3}}},"fnMap":{},"branchMap":{},"s":{"0":0,"1":0,"2":0,"3":0},"f":{},"b":{}}
,"/Users/shubhadipmaity/projects/vue3-datepicker/src/components/datepicker/DateInput.vue": {"path":"/Users/shubhadipmaity/projects/vue3-datepicker/src/components/datepicker/DateInput.vue","statementMap":{"0":{"start":{"line":2,"column":0},"end":{"line":2,"column":null}},"1":{"start":{"line":3,"column":0},"end":{"line":3,"column":null}},"2":{"start":{"line":87,"column":0},"end":{"line":87,"column":null}},"3":{"start":{"line":88,"column":0},"end":{"line":88,"column":null}},"4":{"start":{"line":90,"column":0},"end":{"line":101,"column":null}},"5":{"start":{"line":91,"column":0},"end":{"line":99,"column":null}},"6":{"start":{"line":92,"column":0},"end":{"line":94,"column":null}},"7":{"start":{"line":93,"column":0},"end":{"line":93,"column":null}},"8":{"start":{"line":96,"column":0},"end":{"line":96,"column":null}},"9":{"start":{"line":100,"column":0},"end":{"line":100,"column":null}},"10":{"start":{"line":103,"column":0},"end":{"line":126,"column":null}},"11":{"start":{"line":104,"column":0},"end":{"line":106,"column":null}},"12":{"start":{"line":105,"column":0},"end":{"line":105,"column":null}},"13":{"start":{"line":107,"column":0},"end":{"line":109,"column":null}},"14":{"start":{"line":108,"column":0},"end":{"line":108,"column":null}},"15":{"start":{"line":111,"column":0},"end":{"line":111,"column":null}},"16":{"start":{"line":116,"column":0},"end":{"line":123,"column":null}},"17":{"start":{"line":117,"column":0},"end":{"line":117,"column":null}},"18":{"start":{"line":118,"column":0},"end":{"line":122,"column":null}},"19":{"start":{"line":119,"column":0},"end":{"line":119,"column":null}},"20":{"start":{"line":120,"column":0},"end":{"line":122,"column":null}},"21":{"start":{"line":121,"column":0},"end":{"line":121,"column":null}},"22":{"start":{"line":125,"column":0},"end":{"line":125,"column":null}},"23":{"start":{"line":129,"column":0},"end":{"line":133,"column":null}},"24":{"start":{"line":130,"column":0},"end":{"line":130,"column":null}},"25":{"start":{"line":132,"column":0},"end":{"line":132,"column":null}},"26":{"start":{"line":140,"column":0},"end":{"line":140,"column":null}},"27":{"start":{"line":148,"column":0},"end":{"line":155,"column":null}},"28":{"start":{"line":154,"column":0},"end":{"line":154,"column":null}},"29":{"start":{"line":156,"column":0},"end":{"line":163,"column":null}},"30":{"start":{"line":157,"column":0},"end":{"line":157,"column":null}},"31":{"start":{"line":158,"column":0},"end":{"line":158,"column":null}},"32":{"start":{"line":159,"column":0},"end":{"line":162,"column":null}},"33":{"start":{"line":160,"column":0},"end":{"line":160,"column":null}},"34":{"start":{"line":161,"column":0},"end":{"line":161,"column":null}},"35":{"start":{"line":170,"column":0},"end":{"line":170,"column":null}},"36":{"start":{"line":178,"column":0},"end":{"line":184,"column":null}},"37":{"start":{"line":179,"column":0},"end":{"line":179,"column":null}},"38":{"start":{"line":181,"column":0},"end":{"line":181,"column":null}},"39":{"start":{"line":182,"column":0},"end":{"line":182,"column":null}},"40":{"start":{"line":183,"column":0},"end":{"line":183,"column":null}},"41":{"start":{"line":185,"column":0},"end":{"line":185,"column":null}},"42":{"start":{"line":193,"column":0},"end":{"line":193,"column":null}},"43":{"start":{"line":196,"column":0},"end":{"line":196,"column":null}}},"fnMap":{"0":{"name":"setup","decl":{"start":{"line":86,"column":0},"end":{"line":86,"column":null}},"loc":{"start":{"line":86,"column":0},"end":{"line":206,"column":null}}},"1":{"name":"(anonymous_1)","decl":{"start":{"line":90,"column":0},"end":{"line":90,"column":null}},"loc":{"start":{"line":90,"column":0},"end":{"line":101,"column":null}}},"2":{"name":"(anonymous_2)","decl":{"start":{"line":103,"column":0},"end":{"line":103,"column":null}},"loc":{"start":{"line":103,"column":0},"end":{"line":126,"column":null}}},"3":{"name":"(anonymous_3)","decl":{"start":{"line":129,"column":0},"end":{"line":129,"column":null}},"loc":{"start":{"line":129,"column":0},"end":{"line":130,"column":null}}},"4":{"name":"(anonymous_4)","decl":{"start":{"line":130,"column":0},"end":{"line":130,"column":null}},"loc":{"start":{"line":130,"column":0},"end":{"line":133,"column":null}}},"5":{"name":"showCalendar","decl":{"start":{"line":139,"column":0},"end":{"line":139,"column":null}},"loc":{"start":{"line":139,"column":0},"end":{"line":141,"column":null}}},"6":{"name":"parseTypedDate","decl":{"start":{"line":147,"column":0},"end":{"line":147,"column":null}},"loc":{"start":{"line":147,"column":0},"end":{"line":164,"column":null}}},"7":{"name":"clearDate","decl":{"start":{"line":169,"column":0},"end":{"line":169,"column":null}},"loc":{"start":{"line":169,"column":0},"end":{"line":171,"column":null}}},"8":{"name":"inputBlurred","decl":{"start":{"line":177,"column":0},"end":{"line":177,"column":null}},"loc":{"start":{"line":177,"column":0},"end":{"line":186,"column":null}}},"9":{"name":"onFocus","decl":{"start":{"line":192,"column":0},"end":{"line":192,"column":null}},"loc":{"start":{"line":192,"column":0},"end":{"line":194,"column":null}}}},"branchMap":{"0":{"loc":{"start":{"line":91,"column":0},"end":{"line":99,"column":null}},"type":"if","locations":[{"start":{"line":91,"column":0},"end":{"line":99,"column":null}},{"start":{"line":91,"column":0},"end":{"line":99,"column":null}}]},"1":{"loc":{"start":{"line":92,"column":0},"end":{"line":94,"column":null}},"type":"if","locations":[{"start":{"line":92,"column":0},"end":{"line":94,"column":null}},{"start":{"line":92,"column":0},"end":{"line":94,"column":null}}]},"2":{"loc":{"start":{"line":104,"column":0},"end":{"line":106,"column":null}},"type":"if","locations":[{"start":{"line":104,"column":0},"end":{"line":106,"column":null}},{"start":{"line":104,"column":0},"end":{"line":106,"column":null}}]},"3":{"loc":{"start":{"line":107,"column":0},"end":{"line":109,"column":null}},"type":"if","locations":[{"start":{"line":107,"column":0},"end":{"line":109,"column":null}},{"start":{"line":107,"column":0},"end":{"line":109,"column":null}}]},"4":{"loc":{"start":{"line":111,"column":0},"end":{"line":111,"column":null}},"type":"cond-expr","locations":[{"start":{"line":111,"column":0},"end":{"line":111,"column":null}},{"start":{"line":111,"column":0},"end":{"line":111,"column":null}}]},"5":{"loc":{"start":{"line":116,"column":0},"end":{"line":123,"column":null}},"type":"if","locations":[{"start":{"line":116,"column":0},"end":{"line":123,"column":null}},{"start":{"line":116,"column":0},"end":{"line":123,"column":null}}]},"6":{"loc":{"start":{"line":118,"column":0},"end":{"line":122,"column":null}},"type":"if","locations":[{"start":{"line":118,"column":0},"end":{"line":122,"column":null}},{"start":{"line":118,"column":0},"end":{"line":122,"column":null}}]},"7":{"loc":{"start":{"line":120,"column":0},"end":{"line":122,"column":null}},"type":"if","locations":[{"start":{"line":120,"column":0},"end":{"line":122,"column":null}},{"start":{"line":120,"column":0},"end":{"line":122,"column":null}}]},"8":{"loc":{"start":{"line":148,"column":0},"end":{"line":155,"column":null}},"type":"if","locations":[{"start":{"line":148,"column":0},"end":{"line":155,"column":null}},{"start":{"line":148,"column":0},"end":{"line":155,"column":null}}]},"9":{"loc":{"start":{"line":156,"column":0},"end":{"line":163,"column":null}},"type":"if","locations":[{"start":{"line":156,"column":0},"end":{"line":163,"column":null}},{"start":{"line":156,"column":0},"end":{"line":163,"column":null}}]},"10":{"loc":{"start":{"line":159,"column":0},"end":{"line":162,"column":null}},"type":"if","locations":[{"start":{"line":159,"column":0},"end":{"line":162,"column":null}},{"start":{"line":159,"column":0},"end":{"line":162,"column":null}}]},"11":{"loc":{"start":{"line":178,"column":0},"end":{"line":184,"column":null}},"type":"if","locations":[{"start":{"line":178,"column":0},"end":{"line":184,"column":null}},{"start":{"line":178,"column":0},"end":{"line":184,"column":null}}]},"12":{"loc":{"start":{"line":178,"column":0},"end":{"line":178,"column":null}},"type":"binary-expr","locations":[{"start":{"line":178,"column":0},"end":{"line":178,"column":null}},{"start":{"line":178,"column":0},"end":{"line":178,"column":null}}]}},"s":{"0":0,"1":0,"2":0,"3":0,"4":0,"5":0,"6":0,"7":0,"8":0,"9":0,"10":0,"11":0,"12":0,"13":0,"14":0,"15":0,"16":0,"17":0,"18":0,"19":0,"20":0,"21":0,"22":0,"23":0,"24":0,"25":0,"26":0,"27":0,"28":0,"29":0,"30":0,"31":0,"32":0,"33":0,"34":0,"35":0,"36":0,"37":0,"38":0,"39":0,"40":0,"41":0,"42":0,"43":0},"f":{"0":0,"1":0,"2":0,"3":0,"4":0,"5":0,"6":0,"7":0,"8":0,"9":0},"b":{"0":[0,0],"1":[0,0],"2":[0,0],"3":[0,0],"4":[0,0],"5":[0,0],"6":[0,0],"7":[0,0],"8":[0,0],"9":[0,0],"10":[0,0],"11":[0,0],"12":[0,0]}}
,"/Users/shubhadipmaity/projects/vue3-datepicker/src/components/datepicker/Datepicker.vue": {"path":"/Users/shubhadipmaity/projects/vue3-datepicker/src/components/datepicker/Datepicker.vue","statementMap":{"0":{"start":{"line":2,"column":0},"end":{"line":2,"column":null}},"1":{"start":{"line":3,"column":0},"end":{"line":3,"column":null}},"2":{"start":{"line":4,"column":0},"end":{"line":4,"column":null}},"3":{"start":{"line":5,"column":0},"end":{"line":5,"column":null}},"4":{"start":{"line":6,"column":0},"end":{"line":6,"column":null}},"5":{"start":{"line":7,"column":0},"end":{"line":7,"column":null}},"6":{"start":{"line":8,"column":0},"end":{"line":8,"column":null}},"7":{"start":{"line":10,"column":0},"end":{"line":10,"column":null}},"8":{"start":{"line":36,"column":0},"end":{"line":36,"column":null}},"9":{"start":{"line":122,"column":0},"end":{"line":122,"column":null}},"10":{"start":{"line":145,"column":0},"end":{"line":145,"column":null}},"11":{"start":{"line":146,"column":0},"end":{"line":146,"column":null}},"12":{"start":{"line":147,"column":0},"end":{"line":147,"column":null}},"13":{"start":{"line":148,"column":0},"end":{"line":153,"column":null}},"14":{"start":{"line":149,"column":0},"end":{"line":149,"column":null}},"15":{"start":{"line":150,"column":0},"end":{"line":150,"column":null}},"16":{"start":{"line":152,"column":0},"end":{"line":152,"column":null}},"17":{"start":{"line":154,"column":0},"end":{"line":154,"column":null}},"18":{"start":{"line":155,"column":0},"end":{"line":155,"column":null}},"19":{"start":{"line":156,"column":0},"end":{"line":156,"column":null}},"20":{"start":{"line":157,"column":0},"end":{"line":157,"column":null}},"21":{"start":{"line":158,"column":0},"end":{"line":158,"column":null}},"22":{"start":{"line":160,"column":0},"end":{"line":160,"column":null}},"23":{"start":{"line":165,"column":0},"end":{"line":170,"column":null}},"24":{"start":{"line":166,"column":0},"end":{"line":168,"column":null}},"25":{"start":{"line":167,"column":0},"end":{"line":167,"column":null}},"26":{"start":{"line":169,"column":0},"end":{"line":169,"column":null}},"27":{"start":{"line":172,"column":0},"end":{"line":174,"column":null}},"28":{"start":{"line":173,"column":0},"end":{"line":173,"column":null}},"29":{"start":{"line":176,"column":0},"end":{"line":179,"column":null}},"30":{"start":{"line":177,"column":0},"end":{"line":177,"column":null}},"31":{"start":{"line":178,"column":0},"end":{"line":178,"column":null}},"32":{"start":{"line":181,"column":0},"end":{"line":183,"column":null}},"33":{"start":{"line":182,"column":0},"end":{"line":182,"column":null}},"34":{"start":{"line":185,"column":0},"end":{"line":189,"column":null}},"35":{"start":{"line":186,"column":0},"end":{"line":186,"column":null}},"36":{"start":{"line":191,"column":0},"end":{"line":193,"column":null}},"37":{"start":{"line":192,"column":0},"end":{"line":192,"column":null}},"38":{"start":{"line":195,"column":0},"end":{"line":197,"column":null}},"39":{"start":{"line":196,"column":0},"end":{"line":196,"column":null}},"40":{"start":{"line":204,"column":0},"end":{"line":210,"column":null}},"41":{"start":{"line":205,"column":0},"end":{"line":209,"column":null}},"42":{"start":{"line":206,"column":0},"end":{"line":206,"column":null}},"43":{"start":{"line":208,"column":0},"end":{"line":208,"column":null}},"44":{"start":{"line":211,"column":0},"end":{"line":211,"column":null}},"45":{"start":{"line":220,"column":0},"end":{"line":220,"column":null}},"46":{"start":{"line":221,"column":0},"end":{"line":221,"column":null}},"47":{"start":{"line":222,"column":0},"end":{"line":222,"column":null}},"48":{"start":{"line":223,"column":0},"end":{"line":223,"column":null}},"49":{"start":{"line":225,"column":0},"end":{"line":225,"column":null}},"50":{"start":{"line":235,"column":0},"end":{"line":235,"column":null}},"51":{"start":{"line":236,"column":0},"end":{"line":236,"column":null}},"52":{"start":{"line":237,"column":0},"end":{"line":237,"column":null}},"53":{"start":{"line":238,"column":0},"end":{"line":238,"column":null}},"54":{"start":{"line":246,"column":0},"end":{"line":246,"column":null}},"55":{"start":{"line":247,"column":0},"end":{"line":247,"column":null}},"56":{"start":{"line":248,"column":0},"end":{"line":248,"column":null}},"57":{"start":{"line":249,"column":0},"end":{"line":256,"column":null}},"58":{"start":{"line":250,"column":0},"end":{"line":255,"column":null}},"59":{"start":{"line":251,"column":0},"end":{"line":253,"column":null}},"60":{"start":{"line":252,"column":0},"end":{"line":252,"column":null}},"61":{"start":{"line":254,"column":0},"end":{"line":254,"column":null}},"62":{"start":{"line":264,"column":0},"end":{"line":266,"column":null}},"63":{"start":{"line":265,"column":0},"end":{"line":265,"column":null}},"64":{"start":{"line":267,"column":0},"end":{"line":267,"column":null}},"65":{"start":{"line":268,"column":0},"end":{"line":268,"column":null}},"66":{"start":{"line":269,"column":0},"end":{"line":269,"column":null}},"67":{"start":{"line":276,"column":0},"end":{"line":278,"column":null}},"68":{"start":{"line":277,"column":0},"end":{"line":277,"column":null}},"69":{"start":{"line":279,"column":0},"end":{"line":279,"column":null}},"70":{"start":{"line":280,"column":0},"end":{"line":280,"column":null}},"71":{"start":{"line":281,"column":0},"end":{"line":281,"column":null}},"72":{"start":{"line":288,"column":0},"end":{"line":290,"column":null}},"73":{"start":{"line":289,"column":0},"end":{"line":289,"column":null}},"74":{"start":{"line":291,"column":0},"end":{"line":291,"column":null}},"75":{"start":{"line":292,"column":0},"end":{"line":292,"column":null}},"76":{"start":{"line":293,"column":0},"end":{"line":293,"column":null}},"77":{"start":{"line":299,"column":0},"end":{"line":299,"column":null}},"78":{"start":{"line":300,"column":0},"end":{"line":304,"column":null}},"79":{"start":{"line":301,"column":0},"end":{"line":301,"column":null}},"80":{"start":{"line":305,"column":0},"end":{"line":305,"column":null}},"81":{"start":{"line":307,"column":0},"end":{"line":307,"column":null}},"82":{"start":{"line":308,"column":0},"end":{"line":308,"column":null}},"83":{"start":{"line":310,"column":0},"end":{"line":310,"column":null}},"84":{"start":{"line":311,"column":0},"end":{"line":311,"column":null}},"85":{"start":{"line":313,"column":0},"end":{"line":313,"column":null}},"86":{"start":{"line":314,"column":0},"end":{"line":314,"column":null}},"87":{"start":{"line":322,"column":0},"end":{"line":324,"column":null}},"88":{"start":{"line":323,"column":0},"end":{"line":323,"column":null}},"89":{"start":{"line":325,"column":0},"end":{"line":327,"column":null}},"90":{"start":{"line":326,"column":0},"end":{"line":326,"column":null}},"91":{"start":{"line":328,"column":0},"end":{"line":328,"column":null}},"92":{"start":{"line":329,"column":0},"end":{"line":329,"column":null}},"93":{"start":{"line":337,"column":0},"end":{"line":337,"column":null}},"94":{"start":{"line":338,"column":0},"end":{"line":338,"column":null}},"95":{"start":{"line":339,"column":0},"end":{"line":339,"column":null}},"96":{"start":{"line":340,"column":0},"end":{"line":340,"column":null}},"97":{"start":{"line":341,"column":0},"end":{"line":345,"column":null}},"98":{"start":{"line":342,"column":0},"end":{"line":342,"column":null}},"99":{"start":{"line":344,"column":0},"end":{"line":344,"column":null}},"100":{"start":{"line":352,"column":0},"end":{"line":352,"column":null}},"101":{"start":{"line":353,"column":0},"end":{"line":353,"column":null}},"102":{"start":{"line":354,"column":0},"end":{"line":354,"column":null}},"103":{"start":{"line":355,"column":0},"end":{"line":359,"column":null}},"104":{"start":{"line":356,"column":0},"end":{"line":356,"column":null}},"105":{"start":{"line":358,"column":0},"end":{"line":358,"column":null}},"106":{"start":{"line":360,"column":0},"end":{"line":360,"column":null}},"107":{"start":{"line":367,"column":0},"end":{"line":367,"column":null}},"108":{"start":{"line":368,"column":0},"end":{"line":370,"column":null}},"109":{"start":{"line":369,"column":0},"end":{"line":369,"column":null}},"110":{"start":{"line":371,"column":0},"end":{"line":371,"column":null}},"111":{"start":{"line":377,"column":0},"end":{"line":377,"column":null}},"112":{"start":{"line":383,"column":0},"end":{"line":383,"column":null}},"113":{"start":{"line":384,"column":0},"end":{"line":389,"column":null}},"114":{"start":{"line":385,"column":0},"end":{"line":385,"column":null}},"115":{"start":{"line":386,"column":0},"end":{"line":386,"column":null}},"116":{"start":{"line":388,"column":0},"end":{"line":388,"column":null}},"117":{"start":{"line":390,"column":0},"end":{"line":390,"column":null}},"118":{"start":{"line":397,"column":0},"end":{"line":397,"column":null}},"119":{"start":{"line":398,"column":0},"end":{"line":403,"column":null}},"120":{"start":{"line":399,"column":0},"end":{"line":399,"column":null}},"121":{"start":{"line":400,"column":0},"end":{"line":400,"column":null}},"122":{"start":{"line":402,"column":0},"end":{"line":402,"column":null}},"123":{"start":{"line":404,"column":0},"end":{"line":404,"column":null}},"124":{"start":{"line":412,"column":0},"end":{"line":412,"column":null}},"125":{"start":{"line":413,"column":0},"end":{"line":416,"column":null}},"126":{"start":{"line":414,"column":0},"end":{"line":414,"column":null}},"127":{"start":{"line":415,"column":0},"end":{"line":415,"column":null}},"128":{"start":{"line":417,"column":0},"end":{"line":421,"column":null}},"129":{"start":{"line":418,"column":0},"end":{"line":418,"column":null}},"130":{"start":{"line":419,"column":0},"end":{"line":419,"column":null}},"131":{"start":{"line":420,"column":0},"end":{"line":420,"column":null}},"132":{"start":{"line":422,"column":0},"end":{"line":422,"column":null}},"133":{"start":{"line":423,"column":0},"end":{"line":423,"column":null}},"134":{"start":{"line":430,"column":0},"end":{"line":430,"column":null}},"135":{"start":{"line":431,"column":0},"end":{"line":431,"column":null}},"136":{"start":{"line":438,"column":0},"end":{"line":438,"column":null}},"137":{"start":{"line":445,"column":0},"end":{"line":447,"column":null}},"138":{"start":{"line":446,"column":0},"end":{"line":446,"column":null}},"139":{"start":{"line":448,"column":0},"end":{"line":450,"column":null}},"140":{"start":{"line":449,"column":0},"end":{"line":449,"column":null}},"141":{"start":{"line":457,"column":0},"end":{"line":457,"column":null}},"142":{"start":{"line":458,"column":0},"end":{"line":458,"column":null}},"143":{"start":{"line":462,"column":0},"end":{"line":466,"column":null}},"144":{"start":{"line":463,"column":0},"end":{"line":463,"column":null}},"145":{"start":{"line":465,"column":0},"end":{"line":465,"column":null}},"146":{"start":{"line":468,"column":0},"end":{"line":472,"column":null}},"147":{"start":{"line":469,"column":0},"end":{"line":469,"column":null}},"148":{"start":{"line":471,"column":0},"end":{"line":471,"column":null}},"149":{"start":{"line":474,"column":0},"end":{"line":478,"column":null}},"150":{"start":{"line":475,"column":0},"end":{"line":475,"column":null}},"151":{"start":{"line":477,"column":0},"end":{"line":477,"column":null}},"152":{"start":{"line":480,"column":0},"end":{"line":484,"column":null}},"153":{"start":{"line":481,"column":0},"end":{"line":481,"column":null}},"154":{"start":{"line":483,"column":0},"end":{"line":483,"column":null}},"155":{"start":{"line":487,"column":0},"end":{"line":487,"column":null}},"156":{"start":{"line":489,"column":0},"end":{"line":489,"column":null}}},"fnMap":{"0":{"name":"validator","decl":{"start":{"line":36,"column":0},"end":{"line":36,"column":null}},"loc":{"start":{"line":36,"column":0},"end":{"line":36,"column":null}}},"1":{"name":"_default","decl":{"start":{"line":122,"column":0},"end":{"line":122,"column":null}},"loc":{"start":{"line":122,"column":0},"end":{"line":122,"column":null}}},"2":{"name":"setup","decl":{"start":{"line":144,"column":0},"end":{"line":144,"column":null}},"loc":{"start":{"line":144,"column":0},"end":{"line":522,"column":null}}},"3":{"name":"(anonymous_10)","decl":{"start":{"line":165,"column":0},"end":{"line":165,"column":null}},"loc":{"start":{"line":165,"column":0},"end":{"line":170,"column":null}}},"4":{"name":"(anonymous_11)","decl":{"start":{"line":172,"column":0},"end":{"line":172,"column":null}},"loc":{"start":{"line":172,"column":0},"end":{"line":174,"column":null}}},"5":{"name":"(anonymous_12)","decl":{"start":{"line":176,"column":0},"end":{"line":176,"column":null}},"loc":{"start":{"line":176,"column":0},"end":{"line":179,"column":null}}},"6":{"name":"(anonymous_13)","decl":{"start":{"line":181,"column":0},"end":{"line":181,"column":null}},"loc":{"start":{"line":181,"column":0},"end":{"line":183,"column":null}}},"7":{"name":"(anonymous_14)","decl":{"start":{"line":185,"column":0},"end":{"line":185,"column":null}},"loc":{"start":{"line":185,"column":0},"end":{"line":189,"column":null}}},"8":{"name":"(anonymous_15)","decl":{"start":{"line":191,"column":0},"end":{"line":191,"column":null}},"loc":{"start":{"line":191,"column":0},"end":{"line":193,"column":null}}},"9":{"name":"(anonymous_16)","decl":{"start":{"line":195,"column":0},"end":{"line":195,"column":null}},"loc":{"start":{"line":195,"column":0},"end":{"line":197,"column":null}}},"10":{"name":"setPageDate","decl":{"start":{"line":203,"column":0},"end":{"line":203,"column":null}},"loc":{"start":{"line":203,"column":0},"end":{"line":212,"column":null}}},"11":{"name":"allowedToShowView","decl":{"start":{"line":219,"column":0},"end":{"line":219,"column":null}},"loc":{"start":{"line":219,"column":0},"end":{"line":226,"column":null}}},"12":{"name":"isValid","decl":{"start":{"line":234,"column":0},"end":{"line":234,"column":null}},"loc":{"start":{"line":234,"column":0},"end":{"line":239,"column":null}}},"13":{"name":"close","decl":{"start":{"line":245,"column":0},"end":{"line":245,"column":null}},"loc":{"start":{"line":245,"column":0},"end":{"line":257,"column":null}}},"14":{"name":"showDayCalendar","decl":{"start":{"line":263,"column":0},"end":{"line":263,"column":null}},"loc":{"start":{"line":263,"column":0},"end":{"line":270,"column":null}}},"15":{"name":"showMonthCalendar","decl":{"start":{"line":275,"column":0},"end":{"line":275,"column":null}},"loc":{"start":{"line":275,"column":0},"end":{"line":282,"column":null}}},"16":{"name":"showYearCalendar","decl":{"start":{"line":287,"column":0},"end":{"line":287,"column":null}},"loc":{"start":{"line":287,"column":0},"end":{"line":294,"column":null}}},"17":{"name":"setInitialView","decl":{"start":{"line":298,"column":0},"end":{"line":298,"column":null}},"loc":{"start":{"line":298,"column":0},"end":{"line":316,"column":null}}},"18":{"name":"showCalendar","decl":{"start":{"line":321,"column":0},"end":{"line":321,"column":null}},"loc":{"start":{"line":321,"column":0},"end":{"line":330,"column":null}}},"19":{"name":"setDate1","decl":{"start":{"line":336,"column":0},"end":{"line":336,"column":null}},"loc":{"start":{"line":336,"column":0},"end":{"line":346,"column":null}}},"20":{"name":"clearDate","decl":{"start":{"line":351,"column":0},"end":{"line":351,"column":null}},"loc":{"start":{"line":351,"column":0},"end":{"line":361,"column":null}}},"21":{"name":"selectDate","decl":{"start":{"line":366,"column":0},"end":{"line":366,"column":null}},"loc":{"start":{"line":366,"column":0},"end":{"line":372,"column":null}}},"22":{"name":"selectDisabledDate","decl":{"start":{"line":376,"column":0},"end":{"line":376,"column":null}},"loc":{"start":{"line":376,"column":0},"end":{"line":378,"column":null}}},"23":{"name":"selectMonth","decl":{"start":{"line":382,"column":0},"end":{"line":382,"column":null}},"loc":{"start":{"line":382,"column":0},"end":{"line":391,"column":null}}},"24":{"name":"selectYear","decl":{"start":{"line":396,"column":0},"end":{"line":396,"column":null}},"loc":{"start":{"line":396,"column":0},"end":{"line":405,"column":null}}},"25":{"name":"setValue","decl":{"start":{"line":411,"column":0},"end":{"line":411,"column":null}},"loc":{"start":{"line":411,"column":0},"end":{"line":424,"column":null}}},"26":{"name":"handleChangedMonthFromDayPicker","decl":{"start":{"line":429,"column":0},"end":{"line":429,"column":null}},"loc":{"start":{"line":429,"column":0},"end":{"line":432,"column":null}}},"27":{"name":"setTypedDate","decl":{"start":{"line":437,"column":0},"end":{"line":437,"column":null}},"loc":{"start":{"line":437,"column":0},"end":{"line":439,"column":null}}},"28":{"name":"init","decl":{"start":{"line":444,"column":0},"end":{"line":444,"column":null}},"loc":{"start":{"line":444,"column":0},"end":{"line":451,"column":null}}},"29":{"name":"clearError","decl":{"start":{"line":456,"column":0},"end":{"line":456,"column":null}},"loc":{"start":{"line":456,"column":0},"end":{"line":459,"column":null}}},"30":{"name":"(anonymous_37)","decl":{"start":{"line":462,"column":0},"end":{"line":462,"column":null}},"loc":{"start":{"line":462,"column":0},"end":{"line":463,"column":null}}},"31":{"name":"(anonymous_38)","decl":{"start":{"line":463,"column":0},"end":{"line":463,"column":null}},"loc":{"start":{"line":463,"column":0},"end":{"line":466,"column":null}}},"32":{"name":"(anonymous_39)","decl":{"start":{"line":468,"column":0},"end":{"line":468,"column":null}},"loc":{"start":{"line":468,"column":0},"end":{"line":469,"column":null}}},"33":{"name":"(anonymous_40)","decl":{"start":{"line":469,"column":0},"end":{"line":469,"column":null}},"loc":{"start":{"line":469,"column":0},"end":{"line":472,"column":null}}},"34":{"name":"(anonymous_41)","decl":{"start":{"line":474,"column":0},"end":{"line":474,"column":null}},"loc":{"start":{"line":474,"column":0},"end":{"line":475,"column":null}}},"35":{"name":"(anonymous_42)","decl":{"start":{"line":475,"column":0},"end":{"line":475,"column":null}},"loc":{"start":{"line":475,"column":0},"end":{"line":478,"column":null}}},"36":{"name":"(anonymous_43)","decl":{"start":{"line":480,"column":0},"end":{"line":480,"column":null}},"loc":{"start":{"line":480,"column":0},"end":{"line":481,"column":null}}},"37":{"name":"(anonymous_44)","decl":{"start":{"line":481,"column":0},"end":{"line":481,"column":null}},"loc":{"start":{"line":481,"column":0},"end":{"line":484,"column":null}}}},"branchMap":{"0":{"loc":{"start":{"line":148,"column":0},"end":{"line":153,"column":null}},"type":"if","locations":[{"start":{"line":148,"column":0},"end":{"line":153,"column":null}},{"start":{"line":148,"column":0},"end":{"line":153,"column":null}}]},"1":{"loc":{"start":{"line":148,"column":0},"end":{"line":148,"column":null}},"type":"binary-expr","locations":[{"start":{"line":148,"column":0},"end":{"line":148,"column":null}},{"start":{"line":148,"column":0},"end":{"line":148,"column":null}}]},"2":{"loc":{"start":{"line":166,"column":0},"end":{"line":168,"column":null}},"type":"if","locations":[{"start":{"line":166,"column":0},"end":{"line":168,"column":null}},{"start":{"line":166,"column":0},"end":{"line":168,"column":null}}]},"3":{"loc":{"start":{"line":187,"column":0},"end":{"line":187,"column":null}},"type":"cond-expr","locations":[{"start":{"line":187,"column":0},"end":{"line":187,"column":null}},{"start":{"line":187,"column":0},"end":{"line":187,"column":null}}]},"4":{"loc":{"start":{"line":192,"column":0},"end":{"line":192,"column":null}},"type":"binary-expr","locations":[{"start":{"line":192,"column":0},"end":{"line":192,"column":null}},{"start":{"line":192,"column":0},"end":{"line":192,"column":null}},{"start":{"line":192,"column":0},"end":{"line":192,"column":null}}]},"5":{"loc":{"start":{"line":196,"column":0},"end":{"line":196,"column":null}},"type":"binary-expr","locations":[{"start":{"line":196,"column":0},"end":{"line":196,"column":null}},{"start":{"line":196,"column":0},"end":{"line":196,"column":null}}]},"6":{"loc":{"start":{"line":204,"column":0},"end":{"line":210,"column":null}},"type":"if","locations":[{"start":{"line":204,"column":0},"end":{"line":210,"column":null}},{"start":{"line":204,"column":0},"end":{"line":210,"column":null}}]},"7":{"loc":{"start":{"line":205,"column":0},"end":{"line":209,"column":null}},"type":"if","locations":[{"start":{"line":205,"column":0},"end":{"line":209,"column":null}},{"start":{"line":205,"column":0},"end":{"line":209,"column":null}}]},"8":{"loc":{"start":{"line":225,"column":0},"end":{"line":225,"column":null}},"type":"binary-expr","locations":[{"start":{"line":225,"column":0},"end":{"line":225,"column":null}},{"start":{"line":225,"column":0},"end":{"line":225,"column":null}}]},"9":{"loc":{"start":{"line":249,"column":0},"end":{"line":256,"column":null}},"type":"if","locations":[{"start":{"line":249,"column":0},"end":{"line":256,"column":null}},{"start":{"line":249,"column":0},"end":{"line":256,"column":null}}]},"10":{"loc":{"start":{"line":250,"column":0},"end":{"line":255,"column":null}},"type":"if","locations":[{"start":{"line":250,"column":0},"end":{"line":255,"column":null}},{"start":{"line":250,"column":0},"end":{"line":255,"column":null}}]},"11":{"loc":{"start":{"line":251,"column":0},"end":{"line":253,"column":null}},"type":"if","locations":[{"start":{"line":251,"column":0},"end":{"line":253,"column":null}},{"start":{"line":251,"column":0},"end":{"line":253,"column":null}}]},"12":{"loc":{"start":{"line":264,"column":0},"end":{"line":266,"column":null}},"type":"if","locations":[{"start":{"line":264,"column":0},"end":{"line":266,"column":null}},{"start":{"line":264,"column":0},"end":{"line":266,"column":null}}]},"13":{"loc":{"start":{"line":276,"column":0},"end":{"line":278,"column":null}},"type":"if","locations":[{"start":{"line":276,"column":0},"end":{"line":278,"column":null}},{"start":{"line":276,"column":0},"end":{"line":278,"column":null}}]},"14":{"loc":{"start":{"line":288,"column":0},"end":{"line":290,"column":null}},"type":"if","locations":[{"start":{"line":288,"column":0},"end":{"line":290,"column":null}},{"start":{"line":288,"column":0},"end":{"line":290,"column":null}}]},"15":{"loc":{"start":{"line":300,"column":0},"end":{"line":304,"column":null}},"type":"if","locations":[{"start":{"line":300,"column":0},"end":{"line":304,"column":null}},{"start":{"line":300,"column":0},"end":{"line":304,"column":null}}]},"16":{"loc":{"start":{"line":306,"column":0},"end":{"line":308,"column":null}},"type":"switch","locations":[{"start":{"line":306,"column":0},"end":{"line":308,"column":null}},{"start":{"line":309,"column":0},"end":{"line":311,"column":null}},{"start":{"line":312,"column":0},"end":{"line":314,"column":null}}]},"17":{"loc":{"start":{"line":322,"column":0},"end":{"line":324,"column":null}},"type":"if","locations":[{"start":{"line":322,"column":0},"end":{"line":324,"column":null}},{"start":{"line":322,"column":0},"end":{"line":324,"column":null}}]},"18":{"loc":{"start":{"line":322,"column":0},"end":{"line":322,"column":null}},"type":"binary-expr","locations":[{"start":{"line":322,"column":0},"end":{"line":322,"column":null}},{"start":{"line":322,"column":0},"end":{"line":322,"column":null}}]},"19":{"loc":{"start":{"line":325,"column":0},"end":{"line":327,"column":null}},"type":"if","locations":[{"start":{"line":325,"column":0},"end":{"line":327,"column":null}},{"start":{"line":325,"column":0},"end":{"line":327,"column":null}}]},"20":{"loc":{"start":{"line":341,"column":0},"end":{"line":345,"column":null}},"type":"if","locations":[{"start":{"line":341,"column":0},"end":{"line":345,"column":null}},{"start":{"line":341,"column":0},"end":{"line":345,"column":null}}]},"21":{"loc":{"start":{"line":355,"column":0},"end":{"line":359,"column":null}},"type":"if","locations":[{"start":{"line":355,"column":0},"end":{"line":359,"column":null}},{"start":{"line":355,"column":0},"end":{"line":359,"column":null}}]},"22":{"loc":{"start":{"line":368,"column":0},"end":{"line":370,"column":null}},"type":"if","locations":[{"start":{"line":368,"column":0},"end":{"line":370,"column":null}},{"start":{"line":368,"column":0},"end":{"line":370,"column":null}}]},"23":{"loc":{"start":{"line":384,"column":0},"end":{"line":389,"column":null}},"type":"if","locations":[{"start":{"line":384,"column":0},"end":{"line":389,"column":null}},{"start":{"line":384,"column":0},"end":{"line":389,"column":null}}]},"24":{"loc":{"start":{"line":398,"column":0},"end":{"line":403,"column":null}},"type":"if","locations":[{"start":{"line":398,"column":0},"end":{"line":403,"column":null}},{"start":{"line":398,"column":0},"end":{"line":403,"column":null}}]},"25":{"loc":{"start":{"line":413,"column":0},"end":{"line":416,"column":null}},"type":"if","locations":[{"start":{"line":413,"column":0},"end":{"line":416,"column":null}},{"start":{"line":413,"column":0},"end":{"line":416,"column":null}}]},"26":{"loc":{"start":{"line":413,"column":0},"end":{"line":413,"column":null}},"type":"binary-expr","locations":[{"start":{"line":413,"column":0},"end":{"line":413,"column":null}},{"start":{"line":413,"column":0},"end":{"line":413,"column":null}}]},"27":{"loc":{"start":{"line":415,"column":0},"end":{"line":415,"column":null}},"type":"cond-expr","locations":[{"start":{"line":415,"column":0},"end":{"line":415,"column":null}},{"start":{"line":415,"column":0},"end":{"line":415,"column":null}}]},"28":{"loc":{"start":{"line":417,"column":0},"end":{"line":421,"column":null}},"type":"if","locations":[{"start":{"line":417,"column":0},"end":{"line":421,"column":null}},{"start":{"line":417,"column":0},"end":{"line":421,"column":null}}]},"29":{"loc":{"start":{"line":445,"column":0},"end":{"line":447,"column":null}},"type":"if","locations":[{"start":{"line":445,"column":0},"end":{"line":447,"column":null}},{"start":{"line":445,"column":0},"end":{"line":447,"column":null}}]},"30":{"loc":{"start":{"line":448,"column":0},"end":{"line":450,"column":null}},"type":"if","locations":[{"start":{"line":448,"column":0},"end":{"line":450,"column":null}},{"start":{"line":448,"column":0},"end":{"line":450,"column":null}}]}},"s":{"0":0,"1":0,"2":0,"3":0,"4":0,"5":0,"6":0,"7":0,"8":0,"9":0,"10":0,"11":0,"12":0,"13":0,"14":0,"15":0,"16":0,"17":0,"18":0,"19":0,"20":0,"21":0,"22":0,"23":0,"24":0,"25":0,"26":0,"27":0,"28":0,"29":0,"30":0,"31":0,"32":0,"33":0,"34":0,"35":0,"36":0,"37":0,"38":0,"39":0,"40":0,"41":0,"42":0,"43":0,"44":0,"45":0,"46":0,"47":0,"48":0,"49":0,"50":0,"51":0,"52":0,"53":0,"54":0,"55":0,"56":0,"57":0,"58":0,"59":0,"60":0,"61":0,"62":0,"63":0,"64":0,"65":0,"66":0,"67":0,"68":0,"69":0,"70":0,"71":0,"72":0,"73":0,"74":0,"75":0,"76":0,"77":0,"78":0,"79":0,"80":0,"81":0,"82":0,"83":0,"84":0,"85":0,"86":0,"87":0,"88":0,"89":0,"90":0,"91":0,"92":0,"93":0,"94":0,"95":0,"96":0,"97":0,"98":0,"99":0,"100":0,"101":0,"102":0,"103":0,"104":0,"105":0,"106":0,"107":0,"108":0,"109":0,"110":0,"111":0,"112":0,"113":0,"114":0,"115":0,"116":0,"117":0,"118":0,"119":0,"120":0,"121":0,"122":0,"123":0,"124":0,"125":0,"126":0,"127":0,"128":0,"129":0,"130":0,"131":0,"132":0,"133":0,"134":0,"135":0,"136":0,"137":0,"138":0,"139":0,"140":0,"141":0,"142":0,"143":0,"144":0,"145":0,"146":0,"147":0,"148":0,"149":0,"150":0,"151":0,"152":0,"153":0,"154":0,"155":0,"156":0},"f":{"0":0,"1":0,"2":0,"3":0,"4":0,"5":0,"6":0,"7":0,"8":0,"9":0,"10":0,"11":0,"12":0,"13":0,"14":0,"15":0,"16":0,"17":0,"18":0,"19":0,"20":0,"21":0,"22":0,"23":0,"24":0,"25":0,"26":0,"27":0,"28":0,"29":0,"30":0,"31":0,"32":0,"33":0,"34":0,"35":0,"36":0,"37":0},"b":{"0":[0,0],"1":[0,0],"2":[0,0],"3":[0,0],"4":[0,0,0],"5":[0,0],"6":[0,0],"7":[0,0],"8":[0,0],"9":[0,0],"10":[0,0],"11":[0,0],"12":[0,0],"13":[0,0],"14":[0,0],"15":[0,0],"16":[0,0,0],"17":[0,0],"18":[0,0],"19":[0,0],"20":[0,0],"21":[0,0],"22":[0,0],"23":[0,0],"24":[0,0],"25":[0,0],"26":[0,0],"27":[0,0],"28":[0,0],"29":[0,0],"30":[0,0]}}
,"/Users/shubhadipmaity/projects/vue3-datepicker/src/components/datepicker/PickerDay.vue": {"path":"/Users/shubhadipmaity/projects/vue3-datepicker/src/components/datepicker/PickerDay.vue","statementMap":{"0":{"start":{"line":2,"column":0},"end":{"line":2,"column":null}},"1":{"start":{"line":3,"column":0},"end":{"line":3,"column":null}},"2":{"start":{"line":56,"column":0},"end":{"line":56,"column":null}},"3":{"start":{"line":92,"column":0},"end":{"line":94,"column":null}},"4":{"start":{"line":93,"column":0},"end":{"line":93,"column":null}},"5":{"start":{"line":95,"column":0},"end":{"line":95,"column":null}},"6":{"start":{"line":102,"column":0},"end":{"line":102,"column":null}},"7":{"start":{"line":109,"column":0},"end":{"line":109,"column":null}},"8":{"start":{"line":116,"column":0},"end":{"line":116,"column":null}},"9":{"start":{"line":117,"column":0},"end":{"line":117,"column":null}},"10":{"start":{"line":118,"column":0},"end":{"line":118,"column":null}},"11":{"start":{"line":126,"column":0},"end":{"line":126,"column":null}},"12":{"start":{"line":127,"column":0},"end":{"line":129,"column":null}},"13":{"start":{"line":128,"column":0},"end":{"line":128,"column":null}},"14":{"start":{"line":130,"column":0},"end":{"line":130,"column":null}},"15":{"start":{"line":131,"column":0},"end":{"line":131,"column":null}},"16":{"start":{"line":138,"column":0},"end":{"line":140,"column":null}},"17":{"start":{"line":139,"column":0},"end":{"line":139,"column":null}},"18":{"start":{"line":148,"column":0},"end":{"line":148,"column":null}},"19":{"start":{"line":149,"column":0},"end":{"line":151,"column":null}},"20":{"start":{"line":150,"column":0},"end":{"line":150,"column":null}},"21":{"start":{"line":152,"column":0},"end":{"line":152,"column":null}},"22":{"start":{"line":153,"column":0},"end":{"line":153,"column":null}},"23":{"start":{"line":160,"column":0},"end":{"line":162,"column":null}},"24":{"start":{"line":161,"column":0},"end":{"line":161,"column":null}},"25":{"start":{"line":170,"column":0},"end":{"line":170,"column":null}},"26":{"start":{"line":178,"column":0},"end":{"line":178,"column":null}},"27":{"start":{"line":179,"column":0},"end":{"line":179,"column":null}},"28":{"start":{"line":181,"column":0},"end":{"line":181,"column":null}},"29":{"start":{"line":183,"column":0},"end":{"line":185,"column":null}},"30":{"start":{"line":184,"column":0},"end":{"line":184,"column":null}},"31":{"start":{"line":187,"column":0},"end":{"line":194,"column":null}},"32":{"start":{"line":188,"column":0},"end":{"line":193,"column":null}},"33":{"start":{"line":189,"column":0},"end":{"line":192,"column":null}},"34":{"start":{"line":190,"column":0},"end":{"line":190,"column":null}},"35":{"start":{"line":195,"column":0},"end":{"line":197,"column":null}},"36":{"start":{"line":196,"column":0},"end":{"line":196,"column":null}},"37":{"start":{"line":198,"column":0},"end":{"line":200,"column":null}},"38":{"start":{"line":199,"column":0},"end":{"line":199,"column":null}},"39":{"start":{"line":201,"column":0},"end":{"line":210,"column":null}},"40":{"start":{"line":202,"column":0},"end":{"line":209,"column":null}},"41":{"start":{"line":203,"column":0},"end":{"line":208,"column":null}},"42":{"start":{"line":204,"column":0},"end":{"line":207,"column":null}},"43":{"start":{"line":205,"column":0},"end":{"line":205,"column":null}},"44":{"start":{"line":211,"column":0},"end":{"line":213,"column":null}},"45":{"start":{"line":212,"column":0},"end":{"line":212,"column":null}},"46":{"start":{"line":214,"column":0},"end":{"line":216,"column":null}},"47":{"start":{"line":215,"column":0},"end":{"line":215,"column":null}},"48":{"start":{"line":217,"column":0},"end":{"line":219,"column":null}},"49":{"start":{"line":218,"column":0},"end":{"line":218,"column":null}},"50":{"start":{"line":220,"column":0},"end":{"line":220,"column":null}},"51":{"start":{"line":229,"column":0},"end":{"line":229,"column":null}},"52":{"start":{"line":237,"column":0},"end":{"line":237,"column":null}},"53":{"start":{"line":238,"column":0},"end":{"line":240,"column":null}},"54":{"start":{"line":239,"column":0},"end":{"line":239,"column":null}},"55":{"start":{"line":242,"column":0},"end":{"line":242,"column":null}},"56":{"start":{"line":244,"column":0},"end":{"line":246,"column":null}},"57":{"start":{"line":245,"column":0},"end":{"line":245,"column":null}},"58":{"start":{"line":248,"column":0},"end":{"line":255,"column":null}},"59":{"start":{"line":249,"column":0},"end":{"line":254,"column":null}},"60":{"start":{"line":250,"column":0},"end":{"line":253,"column":null}},"61":{"start":{"line":251,"column":0},"end":{"line":251,"column":null}},"62":{"start":{"line":257,"column":0},"end":{"line":259,"column":null}},"63":{"start":{"line":258,"column":0},"end":{"line":258,"column":null}},"64":{"start":{"line":261,"column":0},"end":{"line":263,"column":null}},"65":{"start":{"line":262,"column":0},"end":{"line":262,"column":null}},"66":{"start":{"line":265,"column":0},"end":{"line":267,"column":null}},"67":{"start":{"line":266,"column":0},"end":{"line":266,"column":null}},"68":{"start":{"line":269,"column":0},"end":{"line":271,"column":null}},"69":{"start":{"line":270,"column":0},"end":{"line":270,"column":null}},"70":{"start":{"line":273,"column":0},"end":{"line":273,"column":null}},"71":{"start":{"line":290,"column":0},"end":{"line":290,"column":null}},"72":{"start":{"line":310,"column":0},"end":{"line":310,"column":null}},"73":{"start":{"line":311,"column":0},"end":{"line":311,"column":null}},"74":{"start":{"line":312,"column":0},"end":{"line":312,"column":null}},"75":{"start":{"line":328,"column":0},"end":{"line":328,"column":null}},"76":{"start":{"line":329,"column":0},"end":{"line":329,"column":null}},"77":{"start":{"line":330,"column":0},"end":{"line":330,"column":null}},"78":{"start":{"line":344,"column":0},"end":{"line":351,"column":null}},"79":{"start":{"line":345,"column":0},"end":{"line":349,"column":null}},"80":{"start":{"line":346,"column":0},"end":{"line":346,"column":null}},"81":{"start":{"line":347,"column":0},"end":{"line":347,"column":null}},"82":{"start":{"line":348,"column":0},"end":{"line":348,"column":null}},"83":{"start":{"line":350,"column":0},"end":{"line":350,"column":null}},"84":{"start":{"line":353,"column":0},"end":{"line":362,"column":null}},"85":{"start":{"line":354,"column":0},"end":{"line":354,"column":null}},"86":{"start":{"line":355,"column":0},"end":{"line":355,"column":null}},"87":{"start":{"line":358,"column":0},"end":{"line":360,"column":null}},"88":{"start":{"line":359,"column":0},"end":{"line":359,"column":null}},"89":{"start":{"line":361,"column":0},"end":{"line":361,"column":null}},"90":{"start":{"line":367,"column":0},"end":{"line":392,"column":null}},"91":{"start":{"line":368,"column":0},"end":{"line":368,"column":null}},"92":{"start":{"line":369,"column":0},"end":{"line":369,"column":null}},"93":{"start":{"line":371,"column":0},"end":{"line":371,"column":null}},"94":{"start":{"line":374,"column":0},"end":{"line":374,"column":null}},"95":{"start":{"line":375,"column":0},"end":{"line":390,"column":null}},"96":{"start":{"line":375,"column":0},"end":{"line":375,"column":null}},"97":{"start":{"line":376,"column":0},"end":{"line":376,"column":null}},"98":{"start":{"line":389,"column":0},"end":{"line":389,"column":null}},"99":{"start":{"line":391,"column":0},"end":{"line":391,"column":null}},"100":{"start":{"line":398,"column":0},"end":{"line":403,"column":null}},"101":{"start":{"line":399,"column":0},"end":{"line":399,"column":null}},"102":{"start":{"line":402,"column":0},"end":{"line":402,"column":null}},"103":{"start":{"line":409,"column":0},"end":{"line":412,"column":null}},"104":{"start":{"line":410,"column":0},"end":{"line":410,"column":null}},"105":{"start":{"line":411,"column":0},"end":{"line":411,"column":null}},"106":{"start":{"line":418,"column":0},"end":{"line":421,"column":null}},"107":{"start":{"line":419,"column":0},"end":{"line":419,"column":null}},"108":{"start":{"line":420,"column":0},"end":{"line":420,"column":null}},"109":{"start":{"line":427,"column":0},"end":{"line":429,"column":null}},"110":{"start":{"line":428,"column":0},"end":{"line":428,"column":null}},"111":{"start":{"line":435,"column":0},"end":{"line":437,"column":null}},"112":{"start":{"line":436,"column":0},"end":{"line":436,"column":null}},"113":{"start":{"line":442,"column":0},"end":{"line":444,"column":null}},"114":{"start":{"line":443,"column":0},"end":{"line":443,"column":null}},"115":{"start":{"line":446,"column":0},"end":{"line":450,"column":null}},"116":{"start":{"line":447,"column":0},"end":{"line":447,"column":null}},"117":{"start":{"line":452,"column":0},"end":{"line":454,"column":null}},"118":{"start":{"line":453,"column":0},"end":{"line":453,"column":null}},"119":{"start":{"line":455,"column":0},"end":{"line":455,"column":null}}},"fnMap":{"0":{"name":"_default","decl":{"start":{"line":56,"column":0},"end":{"line":56,"column":null}},"loc":{"start":{"line":56,"column":0},"end":{"line":56,"column":null}}},"1":{"name":"setup","decl":{"start":{"line":84,"column":0},"end":{"line":84,"column":null}},"loc":{"start":{"line":84,"column":0},"end":{"line":475,"column":null}}},"2":{"name":"selectDate","decl":{"start":{"line":91,"column":0},"end":{"line":91,"column":null}},"loc":{"start":{"line":91,"column":0},"end":{"line":96,"column":null}}},"3":{"name":"showMonthCalendar","decl":{"start":{"line":101,"column":0},"end":{"line":101,"column":null}},"loc":{"start":{"line":101,"column":0},"end":{"line":103,"column":null}}},"4":{"name":"showYearCalendar","decl":{"start":{"line":108,"column":0},"end":{"line":108,"column":null}},"loc":{"start":{"line":108,"column":0},"end":{"line":110,"column":null}}},"5":{"name":"changeMonth","decl":{"start":{"line":115,"column":0},"end":{"line":115,"column":null}},"loc":{"start":{"line":115,"column":0},"end":{"line":119,"column":null}}},"6":{"name":"isPreviousMonthDisabled","decl":{"start":{"line":125,"column":0},"end":{"line":125,"column":null}},"loc":{"start":{"line":125,"column":0},"end":{"line":132,"column":null}}},"7":{"name":"previousMonth","decl":{"start":{"line":137,"column":0},"end":{"line":137,"column":null}},"loc":{"start":{"line":137,"column":0},"end":{"line":141,"column":null}}},"8":{"name":"isNextMonthDisabled","decl":{"start":{"line":147,"column":0},"end":{"line":147,"column":null}},"loc":{"start":{"line":147,"column":0},"end":{"line":154,"column":null}}},"9":{"name":"nextMonth","decl":{"start":{"line":159,"column":0},"end":{"line":159,"column":null}},"loc":{"start":{"line":159,"column":0},"end":{"line":163,"column":null}}},"10":{"name":"isSelectedDate","decl":{"start":{"line":169,"column":0},"end":{"line":169,"column":null}},"loc":{"start":{"line":169,"column":0},"end":{"line":171,"column":null}}},"11":{"name":"isDisabledDate","decl":{"start":{"line":177,"column":0},"end":{"line":177,"column":null}},"loc":{"start":{"line":177,"column":0},"end":{"line":221,"column":null}}},"12":{"name":"(anonymous_12)","decl":{"start":{"line":188,"column":0},"end":{"line":188,"column":null}},"loc":{"start":{"line":188,"column":0},"end":{"line":193,"column":null}}},"13":{"name":"(anonymous_13)","decl":{"start":{"line":202,"column":0},"end":{"line":202,"column":null}},"loc":{"start":{"line":202,"column":0},"end":{"line":209,"column":null}}},"14":{"name":"isDefined","decl":{"start":{"line":228,"column":0},"end":{"line":228,"column":null}},"loc":{"start":{"line":228,"column":0},"end":{"line":230,"column":null}}},"15":{"name":"isHighlightedDate","decl":{"start":{"line":236,"column":0},"end":{"line":236,"column":null}},"loc":{"start":{"line":236,"column":0},"end":{"line":274,"column":null}}},"16":{"name":"(anonymous_16)","decl":{"start":{"line":249,"column":0},"end":{"line":249,"column":null}},"loc":{"start":{"line":249,"column":0},"end":{"line":254,"column":null}}},"17":{"name":"dayClasses","decl":{"start":{"line":279,"column":0},"end":{"line":279,"column":null}},"loc":{"start":{"line":279,"column":0},"end":{"line":301,"column":null}}},"18":{"name":"isHighlightStart","decl":{"start":{"line":309,"column":0},"end":{"line":309,"column":null}},"loc":{"start":{"line":309,"column":0},"end":{"line":319,"column":null}}},"19":{"name":"isHighlightEnd","decl":{"start":{"line":327,"column":0},"end":{"line":327,"column":null}},"loc":{"start":{"line":327,"column":0},"end":{"line":337,"column":null}}},"20":{"name":"(anonymous_20)","decl":{"start":{"line":344,"column":0},"end":{"line":344,"column":null}},"loc":{"start":{"line":344,"column":0},"end":{"line":351,"column":null}}},"21":{"name":"(anonymous_21)","decl":{"start":{"line":353,"column":0},"end":{"line":353,"column":null}},"loc":{"start":{"line":353,"column":0},"end":{"line":362,"column":null}}},"22":{"name":"(anonymous_22)","decl":{"start":{"line":367,"column":0},"end":{"line":367,"column":null}},"loc":{"start":{"line":367,"column":0},"end":{"line":392,"column":null}}},"23":{"name":"(anonymous_23)","decl":{"start":{"line":398,"column":0},"end":{"line":398,"column":null}},"loc":{"start":{"line":398,"column":0},"end":{"line":403,"column":null}}},"24":{"name":"(anonymous_24)","decl":{"start":{"line":409,"column":0},"end":{"line":409,"column":null}},"loc":{"start":{"line":409,"column":0},"end":{"line":412,"column":null}}},"25":{"name":"(anonymous_25)","decl":{"start":{"line":418,"column":0},"end":{"line":418,"column":null}},"loc":{"start":{"line":418,"column":0},"end":{"line":421,"column":null}}},"26":{"name":"(anonymous_26)","decl":{"start":{"line":427,"column":0},"end":{"line":427,"column":null}},"loc":{"start":{"line":427,"column":0},"end":{"line":429,"column":null}}},"27":{"name":"(anonymous_27)","decl":{"start":{"line":435,"column":0},"end":{"line":435,"column":null}},"loc":{"start":{"line":435,"column":0},"end":{"line":437,"column":null}}},"28":{"name":"(anonymous_28)","decl":{"start":{"line":442,"column":0},"end":{"line":442,"column":null}},"loc":{"start":{"line":442,"column":0},"end":{"line":444,"column":null}}},"29":{"name":"(anonymous_29)","decl":{"start":{"line":446,"column":0},"end":{"line":446,"column":null}},"loc":{"start":{"line":446,"column":0},"end":{"line":450,"column":null}}},"30":{"name":"(anonymous_30)","decl":{"start":{"line":452,"column":0},"end":{"line":452,"column":null}},"loc":{"start":{"line":452,"column":0},"end":{"line":454,"column":null}}}},"branchMap":{"0":{"loc":{"start":{"line":92,"column":0},"end":{"line":94,"column":null}},"type":"if","locations":[{"start":{"line":92,"column":0},"end":{"line":94,"column":null}},{"start":{"line":92,"column":0},"end":{"line":94,"column":null}}]},"1":{"loc":{"start":{"line":127,"column":0},"end":{"line":129,"column":null}},"type":"if","locations":[{"start":{"line":127,"column":0},"end":{"line":129,"column":null}},{"start":{"line":127,"column":0},"end":{"line":129,"column":null}}]},"2":{"loc":{"start":{"line":127,"column":0},"end":{"line":127,"column":null}},"type":"binary-expr","locations":[{"start":{"line":127,"column":0},"end":{"line":127,"column":null}},{"start":{"line":127,"column":0},"end":{"line":127,"column":null}}]},"3":{"loc":{"start":{"line":131,"column":0},"end":{"line":131,"column":null}},"type":"binary-expr","locations":[{"start":{"line":131,"column":0},"end":{"line":131,"column":null}},{"start":{"line":131,"column":0},"end":{"line":131,"column":null}}]},"4":{"loc":{"start":{"line":138,"column":0},"end":{"line":140,"column":null}},"type":"if","locations":[{"start":{"line":138,"column":0},"end":{"line":140,"column":null}},{"start":{"line":138,"column":0},"end":{"line":140,"column":null}}]},"5":{"loc":{"start":{"line":149,"column":0},"end":{"line":151,"column":null}},"type":"if","locations":[{"start":{"line":149,"column":0},"end":{"line":151,"column":null}},{"start":{"line":149,"column":0},"end":{"line":151,"column":null}}]},"6":{"loc":{"start":{"line":149,"column":0},"end":{"line":149,"column":null}},"type":"binary-expr","locations":[{"start":{"line":149,"column":0},"end":{"line":149,"column":null}},{"start":{"line":149,"column":0},"end":{"line":149,"column":null}}]},"7":{"loc":{"start":{"line":153,"column":0},"end":{"line":153,"column":null}},"type":"binary-expr","locations":[{"start":{"line":153,"column":0},"end":{"line":153,"column":null}},{"start":{"line":153,"column":0},"end":{"line":153,"column":null}}]},"8":{"loc":{"start":{"line":160,"column":0},"end":{"line":162,"column":null}},"type":"if","locations":[{"start":{"line":160,"column":0},"end":{"line":162,"column":null}},{"start":{"line":160,"column":0},"end":{"line":162,"column":null}}]},"9":{"loc":{"start":{"line":170,"column":0},"end":{"line":170,"column":null}},"type":"cond-expr","locations":[{"start":{"line":170,"column":0},"end":{"line":170,"column":null}},{"start":{"line":170,"column":0},"end":{"line":170,"column":null}}]},"10":{"loc":{"start":{"line":181,"column":0},"end":{"line":181,"column":null}},"type":"if","locations":[{"start":{"line":181,"column":0},"end":{"line":181,"column":null}},{"start":{"line":181,"column":0},"end":{"line":181,"column":null}}]},"11":{"loc":{"start":{"line":183,"column":0},"end":{"line":185,"column":null}},"type":"if","locations":[{"start":{"line":183,"column":0},"end":{"line":185,"column":null}},{"start":{"line":183,"column":0},"end":{"line":185,"column":null}}]},"12":{"loc":{"start":{"line":187,"column":0},"end":{"line":194,"column":null}},"type":"if","locations":[{"start":{"line":187,"column":0},"end":{"line":194,"column":null}},{"start":{"line":187,"column":0},"end":{"line":194,"column":null}}]},"13":{"loc":{"start":{"line":189,"column":0},"end":{"line":192,"column":null}},"type":"if","locations":[{"start":{"line":189,"column":0},"end":{"line":192,"column":null}},{"start":{"line":189,"column":0},"end":{"line":192,"column":null}}]},"14":{"loc":{"start":{"line":195,"column":0},"end":{"line":197,"column":null}},"type":"if","locations":[{"start":{"line":195,"column":0},"end":{"line":197,"column":null}},{"start":{"line":195,"column":0},"end":{"line":197,"column":null}}]},"15":{"loc":{"start":{"line":195,"column":0},"end":{"line":195,"column":null}},"type":"binary-expr","locations":[{"start":{"line":195,"column":0},"end":{"line":195,"column":null}},{"start":{"line":195,"column":0},"end":{"line":195,"column":null}},{"start":{"line":195,"column":0},"end":{"line":195,"column":null}}]},"16":{"loc":{"start":{"line":198,"column":0},"end":{"line":200,"column":null}},"type":"if","locations":[{"start":{"line":198,"column":0},"end":{"line":200,"column":null}},{"start":{"line":198,"column":0},"end":{"line":200,"column":null}}]},"17":{"loc":{"start":{"line":198,"column":0},"end":{"line":198,"column":null}},"type":"binary-expr","locations":[{"start":{"line":198,"column":0},"end":{"line":198,"column":null}},{"start":{"line":198,"column":0},"end":{"line":198,"column":null}},{"start":{"line":198,"column":0},"end":{"line":198,"column":null}}]},"18":{"loc":{"start":{"line":201,"column":0},"end":{"line":210,"column":null}},"type":"if","locations":[{"start":{"line":201,"column":0},"end":{"line":210,"column":null}},{"start":{"line":201,"column":0},"end":{"line":210,"column":null}}]},"19":{"loc":{"start":{"line":203,"column":0},"end":{"line":208,"column":null}},"type":"if","locations":[{"start":{"line":203,"column":0},"end":{"line":208,"column":null}},{"start":{"line":203,"column":0},"end":{"line":208,"column":null}}]},"20":{"loc":{"start":{"line":203,"column":0},"end":{"line":203,"column":null}},"type":"binary-expr","locations":[{"start":{"line":203,"column":0},"end":{"line":203,"column":null}},{"start":{"line":203,"column":0},"end":{"line":203,"column":null}},{"start":{"line":203,"column":0},"end":{"line":203,"column":null}},{"start":{"line":203,"column":0},"end":{"line":203,"column":null}}]},"21":{"loc":{"start":{"line":204,"column":0},"end":{"line":207,"column":null}},"type":"if","locations":[{"start":{"line":204,"column":0},"end":{"line":207,"column":null}},{"start":{"line":204,"column":0},"end":{"line":207,"column":null}}]},"22":{"loc":{"start":{"line":204,"column":0},"end":{"line":204,"column":null}},"type":"binary-expr","locations":[{"start":{"line":204,"column":0},"end":{"line":204,"column":null}},{"start":{"line":204,"column":0},"end":{"line":204,"column":null}}]},"23":{"loc":{"start":{"line":211,"column":0},"end":{"line":213,"column":null}},"type":"if","locations":[{"start":{"line":211,"column":0},"end":{"line":213,"column":null}},{"start":{"line":211,"column":0},"end":{"line":213,"column":null}}]},"24":{"loc":{"start":{"line":211,"column":0},"end":{"line":211,"column":null}},"type":"binary-expr","locations":[{"start":{"line":211,"column":0},"end":{"line":211,"column":null}},{"start":{"line":211,"column":0},"end":{"line":211,"column":null}}]},"25":{"loc":{"start":{"line":214,"column":0},"end":{"line":216,"column":null}},"type":"if","locations":[{"start":{"line":214,"column":0},"end":{"line":216,"column":null}},{"start":{"line":214,"column":0},"end":{"line":216,"column":null}}]},"26":{"loc":{"start":{"line":214,"column":0},"end":{"line":214,"column":null}},"type":"binary-expr","locations":[{"start":{"line":214,"column":0},"end":{"line":214,"column":null}},{"start":{"line":214,"column":0},"end":{"line":214,"column":null}}]},"27":{"loc":{"start":{"line":217,"column":0},"end":{"line":219,"column":null}},"type":"if","locations":[{"start":{"line":217,"column":0},"end":{"line":219,"column":null}},{"start":{"line":217,"column":0},"end":{"line":219,"column":null}}]},"28":{"loc":{"start":{"line":217,"column":0},"end":{"line":217,"column":null}},"type":"binary-expr","locations":[{"start":{"line":217,"column":0},"end":{"line":217,"column":null}},{"start":{"line":217,"column":0},"end":{"line":217,"column":null}}]},"29":{"loc":{"start":{"line":229,"column":0},"end":{"line":229,"column":null}},"type":"binary-expr","locations":[{"start":{"line":229,"column":0},"end":{"line":229,"column":null}},{"start":{"line":229,"column":0},"end":{"line":229,"column":null}}]},"30":{"loc":{"start":{"line":238,"column":0},"end":{"line":240,"column":null}},"type":"if","locations":[{"start":{"line":238,"column":0},"end":{"line":240,"column":null}},{"start":{"line":238,"column":0},"end":{"line":240,"column":null}}]},"31":{"loc":{"start":{"line":238,"column":0},"end":{"line":238,"column":null}},"type":"binary-expr","locations":[{"start":{"line":238,"column":0},"end":{"line":238,"column":null}},{"start":{"line":238,"column":0},"end":{"line":238,"column":null}}]},"32":{"loc":{"start":{"line":244,"column":0},"end":{"line":246,"column":null}},"type":"if","locations":[{"start":{"line":244,"column":0},"end":{"line":246,"column":null}},{"start":{"line":244,"column":0},"end":{"line":246,"column":null}}]},"33":{"loc":{"start":{"line":248,"column":0},"end":{"line":255,"column":null}},"type":"if","locations":[{"start":{"line":248,"column":0},"end":{"line":255,"column":null}},{"start":{"line":248,"column":0},"end":{"line":255,"column":null}}]},"34":{"loc":{"start":{"line":250,"column":0},"end":{"line":253,"column":null}},"type":"if","locations":[{"start":{"line":250,"column":0},"end":{"line":253,"column":null}},{"start":{"line":250,"column":0},"end":{"line":253,"column":null}}]},"35":{"loc":{"start":{"line":257,"column":0},"end":{"line":259,"column":null}},"type":"if","locations":[{"start":{"line":257,"column":0},"end":{"line":259,"column":null}},{"start":{"line":257,"column":0},"end":{"line":259,"column":null}}]},"36":{"loc":{"start":{"line":257,"column":0},"end":{"line":257,"column":null}},"type":"binary-expr","locations":[{"start":{"line":257,"column":0},"end":{"line":257,"column":null}},{"start":{"line":257,"column":0},"end":{"line":257,"column":null}}]},"37":{"loc":{"start":{"line":258,"column":0},"end":{"line":258,"column":null}},"type":"binary-expr","locations":[{"start":{"line":258,"column":0},"end":{"line":258,"column":null}},{"start":{"line":258,"column":0},"end":{"line":258,"column":null}}]},"38":{"loc":{"start":{"line":261,"column":0},"end":{"line":263,"column":null}},"type":"if","locations":[{"start":{"line":261,"column":0},"end":{"line":263,"column":null}},{"start":{"line":261,"column":0},"end":{"line":263,"column":null}}]},"39":{"loc":{"start":{"line":261,"column":0},"end":{"line":261,"column":null}},"type":"binary-expr","locations":[{"start":{"line":261,"column":0},"end":{"line":261,"column":null}},{"start":{"line":261,"column":0},"end":{"line":261,"column":null}}]},"40":{"loc":{"start":{"line":265,"column":0},"end":{"line":267,"column":null}},"type":"if","locations":[{"start":{"line":265,"column":0},"end":{"line":267,"column":null}},{"start":{"line":265,"column":0},"end":{"line":267,"column":null}}]},"41":{"loc":{"start":{"line":265,"column":0},"end":{"line":265,"column":null}},"type":"binary-expr","locations":[{"start":{"line":265,"column":0},"end":{"line":265,"column":null}},{"start":{"line":265,"column":0},"end":{"line":265,"column":null}}]},"42":{"loc":{"start":{"line":269,"column":0},"end":{"line":271,"column":null}},"type":"if","locations":[{"start":{"line":269,"column":0},"end":{"line":271,"column":null}},{"start":{"line":269,"column":0},"end":{"line":271,"column":null}}]},"43":{"loc":{"start":{"line":269,"column":0},"end":{"line":269,"column":null}},"type":"binary-expr","locations":[{"start":{"line":269,"column":0},"end":{"line":269,"column":null}},{"start":{"line":269,"column":0},"end":{"line":269,"column":null}}]},"44":{"loc":{"start":{"line":311,"column":0},"end":{"line":311,"column":null}},"type":"if","locations":[{"start":{"line":311,"column":0},"end":{"line":311,"column":null}},{"start":{"line":311,"column":0},"end":{"line":311,"column":null}}]},"45":{"loc":{"start":{"line":312,"column":0},"end":{"line":312,"column":null}},"type":"binary-expr","locations":[{"start":{"line":312,"column":0},"end":{"line":312,"column":null}},{"start":{"line":312,"column":0},"end":{"line":312,"column":null}},{"start":{"line":312,"column":0},"end":{"line":312,"column":null}},{"start":{"line":312,"column":0},"end":{"line":312,"column":null}},{"start":{"line":312,"column":0},"end":{"line":312,"column":null}}]},"46":{"loc":{"start":{"line":329,"column":0},"end":{"line":329,"column":null}},"type":"if","locations":[{"start":{"line":329,"column":0},"end":{"line":329,"column":null}},{"start":{"line":329,"column":0},"end":{"line":329,"column":null}}]},"47":{"loc":{"start":{"line":330,"column":0},"end":{"line":330,"column":null}},"type":"binary-expr","locations":[{"start":{"line":330,"column":0},"end":{"line":330,"column":null}},{"start":{"line":330,"column":0},"end":{"line":330,"column":null}},{"start":{"line":330,"column":0},"end":{"line":330,"column":null}},{"start":{"line":330,"column":0},"end":{"line":330,"column":null}},{"start":{"line":330,"column":0},"end":{"line":330,"column":null}}]},"48":{"loc":{"start":{"line":345,"column":0},"end":{"line":349,"column":null}},"type":"if","locations":[{"start":{"line":345,"column":0},"end":{"line":349,"column":null}},{"start":{"line":345,"column":0},"end":{"line":349,"column":null}}]},"49":{"loc":{"start":{"line":346,"column":0},"end":{"line":346,"column":null}},"type":"binary-expr","locations":[{"start":{"line":346,"column":0},"end":{"line":346,"column":null}},{"start":{"line":346,"column":0},"end":{"line":346,"column":null}},{"start":{"line":346,"column":0},"end":{"line":346,"column":null}}]},"50":{"loc":{"start":{"line":350,"column":0},"end":{"line":350,"column":null}},"type":"binary-expr","locations":[{"start":{"line":350,"column":0},"end":{"line":350,"column":null}},{"start":{"line":350,"column":0},"end":{"line":350,"column":null}}]},"51":{"loc":{"start":{"line":355,"column":0},"end":{"line":355,"column":null}},"type":"cond-expr","locations":[{"start":{"line":355,"column":0},"end":{"line":355,"column":null}},{"start":{"line":355,"column":0},"end":{"line":355,"column":null}}]},"52":{"loc":{"start":{"line":358,"column":0},"end":{"line":360,"column":null}},"type":"if","locations":[{"start":{"line":358,"column":0},"end":{"line":360,"column":null}},{"start":{"line":358,"column":0},"end":{"line":360,"column":null}}]},"53":{"loc":{"start":{"line":359,"column":0},"end":{"line":359,"column":null}},"type":"cond-expr","locations":[{"start":{"line":359,"column":0},"end":{"line":359,"column":null}},{"start":{"line":359,"column":0},"end":{"line":359,"column":null}}]},"54":{"loc":{"start":{"line":371,"column":0},"end":{"line":371,"column":null}},"type":"cond-expr","locations":[{"start":{"line":371,"column":0},"end":{"line":371,"column":null}},{"start":{"line":371,"column":0},"end":{"line":371,"column":null}}]},"55":{"loc":{"start":{"line":385,"column":0},"end":{"line":385,"column":null}},"type":"binary-expr","locations":[{"start":{"line":385,"column":0},"end":{"line":385,"column":null}},{"start":{"line":385,"column":0},"end":{"line":385,"column":null}}]},"56":{"loc":{"start":{"line":399,"column":0},"end":{"line":399,"column":null}},"type":"cond-expr","locations":[{"start":{"line":399,"column":0},"end":{"line":399,"column":null}},{"start":{"line":399,"column":0},"end":{"line":399,"column":null}}]},"57":{"loc":{"start":{"line":410,"column":0},"end":{"line":410,"column":null}},"type":"binary-expr","locations":[{"start":{"line":410,"column":0},"end":{"line":410,"column":null}},{"start":{"line":410,"column":0},"end":{"line":410,"column":null}}]},"58":{"loc":{"start":{"line":419,"column":0},"end":{"line":419,"column":null}},"type":"binary-expr","locations":[{"start":{"line":419,"column":0},"end":{"line":419,"column":null}},{"start":{"line":419,"column":0},"end":{"line":419,"column":null}}]},"59":{"loc":{"start":{"line":428,"column":0},"end":{"line":428,"column":null}},"type":"binary-expr","locations":[{"start":{"line":428,"column":0},"end":{"line":428,"column":null}},{"start":{"line":428,"column":0},"end":{"line":428,"column":null}},{"start":{"line":428,"column":0},"end":{"line":428,"column":null}},{"start":{"line":428,"column":0},"end":{"line":428,"column":null}}]},"60":{"loc":{"start":{"line":436,"column":0},"end":{"line":436,"column":null}},"type":"cond-expr","locations":[{"start":{"line":436,"column":0},"end":{"line":436,"column":null}},{"start":{"line":436,"column":0},"end":{"line":436,"column":null}}]},"61":{"loc":{"start":{"line":443,"column":0},"end":{"line":443,"column":null}},"type":"cond-expr","locations":[{"start":{"line":443,"column":0},"end":{"line":443,"column":null}},{"start":{"line":443,"column":0},"end":{"line":443,"column":null}}]},"62":{"loc":{"start":{"line":447,"column":0},"end":{"line":447,"column":null}},"type":"cond-expr","locations":[{"start":{"line":447,"column":0},"end":{"line":447,"column":null}},{"start":{"line":447,"column":0},"end":{"line":447,"column":null}}]},"63":{"loc":{"start":{"line":453,"column":0},"end":{"line":453,"column":null}},"type":"cond-expr","locations":[{"start":{"line":453,"column":0},"end":{"line":453,"column":null}},{"start":{"line":453,"column":0},"end":{"line":453,"column":null}}]}},"s":{"0":0,"1":0,"2":0,"3":0,"4":0,"5":0,"6":0,"7":0,"8":0,"9":0,"10":0,"11":0,"12":0,"13":0,"14":0,"15":0,"16":0,"17":0,"18":0,"19":0,"20":0,"21":0,"22":0,"23":0,"24":0,"25":0,"26":0,"27":0,"28":0,"29":0,"30":0,"31":0,"32":0,"33":0,"34":0,"35":0,"36":0,"37":0,"38":0,"39":0,"40":0,"41":0,"42":0,"43":0,"44":0,"45":0,"46":0,"47":0,"48":0,"49":0,"50":0,"51":0,"52":0,"53":0,"54":0,"55":0,"56":0,"57":0,"58":0,"59":0,"60":0,"61":0,"62":0,"63":0,"64":0,"65":0,"66":0,"67":0,"68":0,"69":0,"70":0,"71":0,"72":0,"73":0,"74":0,"75":0,"76":0,"77":0,"78":0,"79":0,"80":0,"81":0,"82":0,"83":0,"84":0,"85":0,"86":0,"87":0,"88":0,"89":0,"90":0,"91":0,"92":0,"93":0,"94":0,"95":0,"96":0,"97":0,"98":0,"99":0,"100":0,"101":0,"102":0,"103":0,"104":0,"105":0,"106":0,"107":0,"108":0,"109":0,"110":0,"111":0,"112":0,"113":0,"114":0,"115":0,"116":0,"117":0,"118":0,"119":0},"f":{"0":0,"1":0,"2":0,"3":0,"4":0,"5":0,"6":0,"7":0,"8":0,"9":0,"10":0,"11":0,"12":0,"13":0,"14":0,"15":0,"16":0,"17":0,"18":0,"19":0,"20":0,"21":0,"22":0,"23":0,"24":0,"25":0,"26":0,"27":0,"28":0,"29":0,"30":0},"b":{"0":[0,0],"1":[0,0],"2":[0,0],"3":[0,0],"4":[0,0],"5":[0,0],"6":[0,0],"7":[0,0],"8":[0,0],"9":[0,0],"10":[0,0],"11":[0,0],"12":[0,0],"13":[0,0],"14":[0,0],"15":[0,0,0],"16":[0,0],"17":[0,0,0],"18":[0,0],"19":[0,0],"20":[0,0,0,0],"21":[0,0],"22":[0,0],"23":[0,0],"24":[0,0],"25":[0,0],"26":[0,0],"27":[0,0],"28":[0,0],"29":[0,0],"30":[0,0],"31":[0,0],"32":[0,0],"33":[0,0],"34":[0,0],"35":[0,0],"36":[0,0],"37":[0,0],"38":[0,0],"39":[0,0],"40":[0,0],"41":[0,0],"42":[0,0],"43":[0,0],"44":[0,0],"45":[0,0,0,0,0],"46":[0,0],"47":[0,0,0,0,0],"48":[0,0],"49":[0,0,0],"50":[0,0],"51":[0,0],"52":[0,0],"53":[0,0],"54":[0,0],"55":[0,0],"56":[0,0],"57":[0,0],"58":[0,0],"59":[0,0,0,0],"60":[0,0],"61":[0,0],"62":[0,0],"63":[0,0]}}
,"/Users/shubhadipmaity/projects/vue3-datepicker/src/components/datepicker/PickerMonth.vue": {"path":"/Users/shubhadipmaity/projects/vue3-datepicker/src/components/datepicker/PickerMonth.vue","statementMap":{"0":{"start":{"line":2,"column":0},"end":{"line":2,"column":null}},"1":{"start":{"line":3,"column":0},"end":{"line":3,"column":null}},"2":{"start":{"line":69,"column":0},"end":{"line":71,"column":null}},"3":{"start":{"line":70,"column":0},"end":{"line":70,"column":null}},"4":{"start":{"line":79,"column":0},"end":{"line":79,"column":null}},"5":{"start":{"line":80,"column":0},"end":{"line":80,"column":null}},"6":{"start":{"line":81,"column":0},"end":{"line":81,"column":null}},"7":{"start":{"line":89,"column":0},"end":{"line":89,"column":null}},"8":{"start":{"line":90,"column":0},"end":{"line":92,"column":null}},"9":{"start":{"line":91,"column":0},"end":{"line":91,"column":null}},"10":{"start":{"line":93,"column":0},"end":{"line":93,"column":null}},"11":{"start":{"line":100,"column":0},"end":{"line":102,"column":null}},"12":{"start":{"line":101,"column":0},"end":{"line":101,"column":null}},"13":{"start":{"line":110,"column":0},"end":{"line":110,"column":null}},"14":{"start":{"line":111,"column":0},"end":{"line":113,"column":null}},"15":{"start":{"line":112,"column":0},"end":{"line":112,"column":null}},"16":{"start":{"line":114,"column":0},"end":{"line":114,"column":null}},"17":{"start":{"line":121,"column":0},"end":{"line":123,"column":null}},"18":{"start":{"line":122,"column":0},"end":{"line":122,"column":null}},"19":{"start":{"line":130,"column":0},"end":{"line":130,"column":null}},"20":{"start":{"line":139,"column":0},"end":{"line":139,"column":null}},"21":{"start":{"line":140,"column":0},"end":{"line":140,"column":null}},"22":{"start":{"line":149,"column":0},"end":{"line":149,"column":null}},"23":{"start":{"line":150,"column":0},"end":{"line":150,"column":null}},"24":{"start":{"line":151,"column":0},"end":{"line":151,"column":null}},"25":{"start":{"line":152,"column":0},"end":{"line":154,"column":null}},"26":{"start":{"line":153,"column":0},"end":{"line":153,"column":null}},"27":{"start":{"line":156,"column":0},"end":{"line":163,"column":null}},"28":{"start":{"line":157,"column":0},"end":{"line":162,"column":null}},"29":{"start":{"line":161,"column":0},"end":{"line":161,"column":null}},"30":{"start":{"line":164,"column":0},"end":{"line":171,"column":null}},"31":{"start":{"line":165,"column":0},"end":{"line":170,"column":null}},"32":{"start":{"line":169,"column":0},"end":{"line":169,"column":null}},"33":{"start":{"line":173,"column":0},"end":{"line":175,"column":null}},"34":{"start":{"line":174,"column":0},"end":{"line":174,"column":null}},"35":{"start":{"line":176,"column":0},"end":{"line":176,"column":null}},"36":{"start":{"line":180,"column":0},"end":{"line":197,"column":null}},"37":{"start":{"line":181,"column":0},"end":{"line":181,"column":null}},"38":{"start":{"line":182,"column":0},"end":{"line":182,"column":null}},"39":{"start":{"line":184,"column":0},"end":{"line":184,"column":null}},"40":{"start":{"line":187,"column":0},"end":{"line":195,"column":null}},"41":{"start":{"line":187,"column":0},"end":{"line":187,"column":null}},"42":{"start":{"line":188,"column":0},"end":{"line":188,"column":null}},"43":{"start":{"line":194,"column":0},"end":{"line":194,"column":null}},"44":{"start":{"line":196,"column":0},"end":{"line":196,"column":null}},"45":{"start":{"line":203,"column":0},"end":{"line":206,"column":null}},"46":{"start":{"line":204,"column":0},"end":{"line":204,"column":null}},"47":{"start":{"line":205,"column":0},"end":{"line":205,"column":null}},"48":{"start":{"line":212,"column":0},"end":{"line":214,"column":null}},"49":{"start":{"line":213,"column":0},"end":{"line":213,"column":null}},"50":{"start":{"line":220,"column":0},"end":{"line":222,"column":null}},"51":{"start":{"line":221,"column":0},"end":{"line":221,"column":null}},"52":{"start":{"line":228,"column":0},"end":{"line":231,"column":null}},"53":{"start":{"line":229,"column":0},"end":{"line":229,"column":null}},"54":{"start":{"line":230,"column":0},"end":{"line":230,"column":null}},"55":{"start":{"line":233,"column":0},"end":{"line":235,"column":null}},"56":{"start":{"line":234,"column":0},"end":{"line":234,"column":null}},"57":{"start":{"line":237,"column":0},"end":{"line":241,"column":null}},"58":{"start":{"line":238,"column":0},"end":{"line":238,"column":null}},"59":{"start":{"line":247,"column":0},"end":{"line":250,"column":null}},"60":{"start":{"line":248,"column":0},"end":{"line":248,"column":null}},"61":{"start":{"line":249,"column":0},"end":{"line":249,"column":null}},"62":{"start":{"line":256,"column":0},"end":{"line":261,"column":null}},"63":{"start":{"line":257,"column":0},"end":{"line":257,"column":null}},"64":{"start":{"line":260,"column":0},"end":{"line":260,"column":null}},"65":{"start":{"line":263,"column":0},"end":{"line":263,"column":null}}},"fnMap":{"0":{"name":"setup","decl":{"start":{"line":62,"column":0},"end":{"line":62,"column":null}},"loc":{"start":{"line":62,"column":0},"end":{"line":278,"column":null}}},"1":{"name":"selectMonth","decl":{"start":{"line":68,"column":0},"end":{"line":68,"column":null}},"loc":{"start":{"line":68,"column":0},"end":{"line":72,"column":null}}},"2":{"name":"changeYear","decl":{"start":{"line":78,"column":0},"end":{"line":78,"column":null}},"loc":{"start":{"line":78,"column":0},"end":{"line":82,"column":null}}},"3":{"name":"isPreviousYearDisabled","decl":{"start":{"line":88,"column":0},"end":{"line":88,"column":null}},"loc":{"start":{"line":88,"column":0},"end":{"line":94,"column":null}}},"4":{"name":"previousYear","decl":{"start":{"line":99,"column":0},"end":{"line":99,"column":null}},"loc":{"start":{"line":99,"column":0},"end":{"line":103,"column":null}}},"5":{"name":"isNextYearDisabled","decl":{"start":{"line":109,"column":0},"end":{"line":109,"column":null}},"loc":{"start":{"line":109,"column":0},"end":{"line":115,"column":null}}},"6":{"name":"nextYear","decl":{"start":{"line":120,"column":0},"end":{"line":120,"column":null}},"loc":{"start":{"line":120,"column":0},"end":{"line":124,"column":null}}},"7":{"name":"showYearCalendar","decl":{"start":{"line":129,"column":0},"end":{"line":129,"column":null}},"loc":{"start":{"line":129,"column":0},"end":{"line":131,"column":null}}},"8":{"name":"isSelectedMonth","decl":{"start":{"line":138,"column":0},"end":{"line":138,"column":null}},"loc":{"start":{"line":138,"column":0},"end":{"line":141,"column":null}}},"9":{"name":"isDisabledMonth","decl":{"start":{"line":148,"column":0},"end":{"line":148,"column":null}},"loc":{"start":{"line":148,"column":0},"end":{"line":177,"column":null}}},"10":{"name":"(anonymous_10)","decl":{"start":{"line":180,"column":0},"end":{"line":180,"column":null}},"loc":{"start":{"line":180,"column":0},"end":{"line":197,"column":null}}},"11":{"name":"(anonymous_11)","decl":{"start":{"line":203,"column":0},"end":{"line":203,"column":null}},"loc":{"start":{"line":203,"column":0},"end":{"line":206,"column":null}}},"12":{"name":"(anonymous_12)","decl":{"start":{"line":212,"column":0},"end":{"line":212,"column":null}},"loc":{"start":{"line":212,"column":0},"end":{"line":214,"column":null}}},"13":{"name":"(anonymous_13)","decl":{"start":{"line":220,"column":0},"end":{"line":220,"column":null}},"loc":{"start":{"line":220,"column":0},"end":{"line":222,"co
[...]
olumn":39},"end":{"line":174,"column":41}}]},"42":{"loc":{"start":{"line":197,"column":4},"end":{"line":197,"column":9}},"type":"switch","locations":[{"start":{"line":197,"column":4},"end":{"line":197,"column":9}},{"start":{"line":198,"column":4},"end":{"line":198,"column":9}},{"start":{"line":199,"column":4},"end":{"line":200,"column":13}},{"start":{"line":201,"column":4},"end":{"line":201,"column":9}},{"start":{"line":202,"column":4},"end":{"line":203,"column":13}},{"start":{"line":204,"column":4},"end":{"line":204,"column":9}},{"start":{"line":205,"column":4},"end":{"line":206,"column":13}},{"start":{"line":207,"column":4},"end":{"line":208,"column":13}}]},"43":{"loc":{"start":{"line":278,"column":9},"end":{"line":278,"column":25}},"type":"binary-expr","locations":[{"start":{"line":278,"column":9},"end":{"line":278,"column":25}},{"start":{"line":278,"column":25},"end":{"line":278,"column":48}},{"start":{"line":278,"column":48},"end":{"line":278,"column":75}},{"start":{"line":278,"column":75},"end":{"line":278,"column":null}}]}},"s":{"0":1,"1":15,"2":15,"3":1,"4":43,"5":43,"6":1,"7":33,"8":33,"9":1,"10":15,"11":15,"12":1,"13":2,"14":2,"15":1,"16":2,"17":2,"18":1,"19":2,"20":2,"21":1,"22":2,"23":2,"24":1,"25":7,"26":7,"27":1,"28":0,"29":0,"30":0,"31":0,"32":0,"33":0,"34":0,"35":0,"36":0,"37":1,"38":5,"39":4,"40":1,"41":1,"42":14,"43":1,"44":13,"45":1,"46":17,"47":1,"48":16,"49":1,"50":15,"51":14,"52":1,"53":1,"54":17,"55":1,"56":16,"57":1,"58":15,"59":14,"60":1,"61":1,"62":28,"63":8,"64":20,"65":4,"66":2,"67":2,"68":16,"69":1,"70":13,"71":4,"72":3,"73":1,"74":5,"75":1,"76":13,"77":13,"78":13,"79":13,"80":13,"81":1,"82":1,"83":1,"84":5,"85":5,"86":1,"87":1,"88":0},"f":{"0":15,"1":43,"2":33,"3":15,"4":2,"5":2,"6":2,"7":2,"8":7,"9":0,"10":5,"11":14,"12":17,"13":17,"14":28,"15":13,"16":13,"17":1,"18":0},"b":{"0":[1,14],"1":[15,1],"2":[1,14],"3":[1,42],"4":[43,1],"5":[1,42],"6":[1,32],"7":[33,1],"8":[1,32],"9":[1,14],"10":[15,1],"11":[1,14],"12":[1,1],"13":[2,1],"14":[1,1],"15":[1,1],"16":[2,1],"17":[1,1],"18":[1,1],"19":[2,1],"20":[1,1],"21":[1,1],"22":[2,1],"23":[1,1],"24":[1,6],"25":[7,1],"26":[1,6],"27":[0,0],"28":[0,0],"29":[0,0],"30":[4,1],"31":[1,13],"32":[1,16],"33":[1,15],"34":[14,1],"35":[1,16],"36":[1,15],"37":[14,1],"38":[8,20],"39":[4,16],"40":[2,2],"41":[4,2,2],"42":[4,4,4,3,3,1,1,5],"43":[0,0,0,0]}}
,"/Users/shubhadipmaity/projects/vue3-datepicker/src/directives/click-outside.ts": {"path":"/Users/shubhadipmaity/projects/vue3-datepicker/src/directives/click-outside.ts","statementMap":{"0":{"start":{"line":2,"column":15},"end":{"line":2,"column":16}},"1":{"start":{"line":4,"column":23},"end":{"line":4,"column":null}},"2":{"start":{"line":6,"column":21},"end":{"line":6,"column":null}},"3":{"start":{"line":10,"column":4},"end":{"line":10,"column":null}},"4":{"start":{"line":10,"column":76},"end":{"line":10,"column":null}},"5":{"start":{"line":11,"column":4},"end":{"line":11,"column":8}},"6":{"start":{"line":16,"column":48},"end":{"line":16,"column":47}},"7":{"start":{"line":17,"column":2},"end":{"line":17,"column":8}},"8":{"start":{"line":19,"column":23},"end":{"line":19,"column":null}},"9":{"start":{"line":20,"column":21},"end":{"line":20,"column":null}},"10":{"start":{"line":21,"column":19},"end":{"line":21,"column":null}},"11":{"start":{"line":23,"column":2},"end":{"line":23,"column":null}},"12":{"start":{"line":23,"column":32},"end":{"line":23,"column":null}},"13":{"start":{"line":25,"column":19},"end":{"line":25,"column":21}},"14":{"start":{"line":26,"column":2},"end":{"line":26,"column":null}},"15":{"start":{"line":26,"column":17},"end":{"line":26,"column":null}},"16":{"start":{"line":28,"column":18},"end":{"line":28,"column":null}},"17":{"start":{"line":29,"column":19},"end":{"line":29,"column":34}},"18":{"start":{"line":31,"column":2},"end":{"line":31,"column":10}},"19":{"start":{"line":31,"column":33},"end":{"line":31,"column":43}},"20":{"start":{"line":31,"column":33},"end":{"line":31,"column":null}},"21":{"start":{"line":31,"column":33},"end":{"line":31,"column":36}},"22":{"start":{"line":32,"column":15},"end":{"line":32,"column":21}},"23":{"start":{"line":34,"column":2},"end":{"line":34,"column":11}},"24":{"start":{"line":38,"column":24},"end":{"line":38,"column":33}},"25":{"start":{"line":38,"column":44},"end":{"line":38,"column":46}},"26":{"start":{"line":39,"column":2},"end":{"line":39,"column":null}},"27":{"start":{"line":39,"column":28},"end":{"line":39,"column":null}},"28":{"start":{"line":41,"column":19},"end":{"line":41,"column":29}},"29":{"start":{"line":42,"column":2},"end":{"line":42,"column":10}},"30":{"start":{"line":42,"column":33},"end":{"line":42,"column":43}},"31":{"start":{"line":42,"column":33},"end":{"line":42,"column":null}},"32":{"start":{"line":42,"column":33},"end":{"line":42,"column":36}},"33":{"start":{"line":45,"column":2},"end":{"line":45,"column":11}},"34":{"start":{"line":51,"column":74},"end":{"line":51,"column":31}},"35":{"start":{"line":51,"column":74},"end":{"line":51,"column":73}},"36":{"start":{"line":52,"column":2},"end":{"line":52,"column":9}},"37":{"start":{"line":54,"column":39},"end":{"line":54,"column":44}},"38":{"start":{"line":56,"column":15},"end":{"line":56,"column":16}},"39":{"start":{"line":61,"column":83},"end":{"line":61,"column":27}},"40":{"start":{"line":61,"column":83},"end":{"line":61,"column":31}},"41":{"start":{"line":61,"column":83},"end":{"line":61,"column":82}},"42":{"start":{"line":62,"column":2},"end":{"line":62,"column":null}},"43":{"start":{"line":63,"column":15},"end":{"line":63,"column":20}},"44":{"start":{"line":64,"column":2},"end":{"line":66,"column":null}},"45":{"start":{"line":65,"column":4},"end":{"line":65,"column":11}},"46":{"start":{"line":69,"column":15},"end":{"line":69,"column":null}}},"fnMap":{"0":{"name":"update","decl":{"start":{"line":9,"column":10},"end":{"line":9,"column":11}},"loc":{"start":{"line":9,"column":38},"end":{"line":12,"column":null}}},"1":{"name":"bind","decl":{"start":{"line":16,"column":9},"end":{"line":16,"column":15}},"loc":{"start":{"line":16,"column":48},"end":{"line":35,"column":null}}},"2":{"name":"(anonymous_5)","decl":{"start":{"line":31,"column":33},"end":{"line":31,"column":36}},"loc":{"start":{"line":31,"column":33},"end":{"line":31,"column":36}}},"3":{"name":"(anonymous_6)","decl":{"start":{"line":32,"column":15},"end":{"line":32,"column":21}},"loc":{"start":{"line":32,"column":15},"end":{"line":32,"column":21}}},"4":{"name":"unbind","decl":{"start":{"line":37,"column":9},"end":{"line":37,"column":17}},"loc":{"start":{"line":37,"column":32},"end":{"line":46,"column":null}}},"5":{"name":"(anonymous_8)","decl":{"start":{"line":38,"column":44},"end":{"line":38,"column":46}},"loc":{"start":{"line":38,"column":44},"end":{"line":38,"column":46}}},"6":{"name":"(anonymous_9)","decl":{"start":{"line":42,"column":33},"end":{"line":42,"column":36}},"loc":{"start":{"line":42,"column":33},"end":{"line":42,"column":36}}},"7":{"name":"createInstance","decl":{"start":{"line":51,"column":9},"end":{"line":51,"column":27}},"loc":{"start":{"line":51,"column":74},"end":{"line":59,"column":null}}},"8":{"name":"(anonymous_11)","decl":{"start":{"line":54,"column":30},"end":{"line":54,"column":39}},"loc":{"start":{"line":54,"column":39},"end":{"line":54,"column":44}}},"9":{"name":"handler","decl":{"start":{"line":56,"column":15},"end":{"line":56,"column":16}},"loc":{"start":{"line":56,"column":15},"end":{"line":56,"column":16}}},"10":{"name":"onEvent","decl":{"start":{"line":61,"column":9},"end":{"line":61,"column":20}},"loc":{"start":{"line":61,"column":83},"end":{"line":67,"column":null}}}},"branchMap":{"0":{"loc":{"start":{"line":10,"column":4},"end":{"line":10,"column":null}},"type":"if","locations":[{"start":{"line":10,"column":4},"end":{"line":10,"column":null}},{"start":{"line":10,"column":4},"end":{"line":10,"column":null}}]},"1":{"loc":{"start":{"line":23,"column":2},"end":{"line":23,"column":null}},"type":"if","locations":[{"start":{"line":23,"column":2},"end":{"line":23,"column":null}},{"start":{"line":23,"column":2},"end":{"line":23,"column":null}}]},"2":{"loc":{"start":{"line":23,"column":6},"end":{"line":23,"column":21}},"type":"binary-expr","locations":[{"start":{"line":23,"column":6},"end":{"line":23,"column":21}},{"start":{"line":23,"column":21},"end":{"line":23,"column":32}}]},"3":{"loc":{"start":{"line":26,"column":2},"end":{"line":26,"column":null}},"type":"if","locations":[{"start":{"line":26,"column":2},"end":{"line":26,"column":null}},{"start":{"line":26,"column":2},"end":{"line":26,"column":null}}]},"4":{"loc":{"start":{"line":28,"column":31},"end":{"line":28,"column":46}},"type":"cond-expr","locations":[{"start":{"line":28,"column":31},"end":{"line":28,"column":46}},{"start":{"line":28,"column":46},"end":{"line":28,"column":null}}]},"5":{"loc":{"start":{"line":39,"column":2},"end":{"line":39,"column":null}},"type":"if","locations":[{"start":{"line":39,"column":2},"end":{"line":39,"column":null}},{"start":{"line":39,"column":2},"end":{"line":39,"column":null}}]},"6":{"loc":{"start":{"line":63,"column":15},"end":{"line":63,"column":30}},"type":"binary-expr","locations":[{"start":{"line":63,"column":15},"end":{"line":63,"column":30}},{"start":{"line":63,"column":30},"end":{"line":63,"column":null}}]},"7":{"loc":{"start":{"line":63,"column":51},"end":{"line":63,"column":56}},"type":"cond-expr","locations":[{"start":{"line":63,"column":51},"end":{"line":63,"column":56}},{"start":{"line":63,"column":74},"end":{"line":63,"column":null}}]},"8":{"loc":{"start":{"line":64,"column":2},"end":{"line":66,"column":null}},"type":"if","locations":[{"start":{"line":64,"column":2},"end":{"line":66,"column":null}},{"start":{"line":64,"column":2},"end":{"line":66,"column":null}}]},"9":{"loc":{"start":{"line":64,"column":13},"end":{"line":64,"column":36}},"type":"cond-expr","locations":[{"start":{"line":64,"column":13},"end":{"line":64,"column":36}},{"start":{"line":64,"column":36},"end":{"line":64,"column":39}}]}},"s":{"0":0,"1":0,"2":0,"3":0,"4":0,"5":0,"6":0,"7":0,"8":0,"9":0,"10":0,"11":0,"12":0,"13":0,"14":0,"15":0,"16":0,"17":0,"18":0,"19":0,"20":0,"21":0,"22":0,"23":0,"24":0,"25":0,"26":0,"27":0,"28":0,"29":0,"30":0,"31":0,"32":0,"33":0,"34":0,"35":0,"36":0,"37":0,"38":0,"39":0,"40":0,"41":0,"42":0,"43":0,"44":0,"45":0,"46":0},"f":{"0":0,"1":0,"2":0,"3":0,"4":0,"5":0,"6":0,"7":0,"8":0,"9":0,"10":0},"b":{"0":[0,0],"1":[0,0],"2":[0,0],"3":[0,0],"4":[0,0],"5":[0,0],"6":[0,0],"7":[0,0],"8":[0,0],"9":[0,0]}}
,"/Users/shubhadipmaity/projects/vue3-datepicker/src/shared/enum.ts": {"path":"/Users/shubhadipmaity/projects/vue3-datepicker/src/shared/enum.ts","statementMap":{"0":{"start":{"line":1,"column":0},"end":{"line":1,"column":12}},"1":{"start":{"line":2,"column":2},"end":{"line":2,"column":null}},"2":{"start":{"line":5,"column":0},"end":{"line":5,"column":12}},"3":{"start":{"line":6,"column":2},"end":{"line":6,"column":null}},"4":{"start":{"line":9,"column":0},"end":{"line":9,"column":12}},"5":{"start":{"line":10,"column":2},"end":{"line":10,"column":null}},"6":{"start":{"line":11,"column":2},"end":{"line":11,"column":null}},"7":{"start":{"line":12,"column":2},"end":{"line":12,"column":null}},"8":{"start":{"line":13,"column":2},"end":{"line":13,"column":null}},"9":{"start":{"line":14,"column":2},"end":{"line":14,"column":null}}},"fnMap":{"0":{"name":"(anonymous_0)","decl":{"start":{"line":1,"column":0},"end":{"line":1,"column":12}},"loc":{"start":{"line":1,"column":30},"end":{"line":3,"column":null}}},"1":{"name":"(anonymous_1)","decl":{"start":{"line":5,"column":0},"end":{"line":5,"column":12}},"loc":{"start":{"line":5,"column":22},"end":{"line":7,"column":null}}},"2":{"name":"(anonymous_2)","decl":{"start":{"line":9,"column":0},"end":{"line":9,"column":12}},"loc":{"start":{"line":9,"column":19},"end":{"line":15,"column":null}}}},"branchMap":{"0":{"loc":{"start":{"line":1,"column":12},"end":{"line":1,"column":30}},"type":"binary-expr","locations":[{"start":{"line":1,"column":12},"end":{"line":1,"column":30}},{"start":{"line":1,"column":30},"end":{"line":1,"column":null}}]},"1":{"loc":{"start":{"line":5,"column":12},"end":{"line":5,"column":22}},"type":"binary-expr","locations":[{"start":{"line":5,"column":12},"end":{"line":5,"column":22}},{"start":{"line":5,"column":22},"end":{"line":5,"column":null}}]},"2":{"loc":{"start":{"line":9,"column":12},"end":{"line":9,"column":19}},"type":"binary-expr","locations":[{"start":{"line":9,"column":12},"end":{"line":9,"column":19}},{"start":{"line":9,"column":19},"end":{"line":9,"column":null}}]}},"s":{"0":0,"1":0,"2":0,"3":0,"4":0,"5":0,"6":0,"7":0,"8":0,"9":0},"f":{"0":0,"1":0,"2":0},"b":{"0":[0,0],"1":[0,0],"2":[0,0]}}
,"/Users/shubhadipmaity/projects/vue3-datepicker/src/shared/utils.ts": {"path":"/Users/shubhadipmaity/projects/vue3-datepicker/src/shared/utils.ts","statementMap":{"0":{"start":{"line":5,"column":31},"end":{"line":7,"column":null}},"1":{"start":{"line":6,"column":2},"end":{"line":6,"column":9}}},"fnMap":{"0":{"name":"isNullUndefined","decl":{"start":{"line":5,"column":13},"end":{"line":5,"column":28}},"loc":{"start":{"line":5,"column":54},"end":{"line":7,"column":null}}}},"branchMap":{"0":{"loc":{"start":{"line":6,"column":9},"end":{"line":6,"column":26}},"type":"binary-expr","locations":[{"start":{"line":6,"column":9},"end":{"line":6,"column":26}},{"start":{"line":6,"column":26},"end":{"line":6,"column":null}}]}},"s":{"0":0,"1":0},"f":{"0":0},"b":{"0":[0,0]}}
,"/Users/shubhadipmaity/projects/vue3-datepicker/src/shared/validations.ts": {"path":"/Users/shubhadipmaity/projects/vue3-datepicker/src/shared/validations.ts","statementMap":{"0":{"start":{"line":2,"column":0},"end":{"line":2,"column":null}},"1":{"start":{"line":3,"column":0},"end":{"line":3,"column":null}},"2":{"start":{"line":11,"column":17},"end":{"line":28,"column":null}},"3":{"start":{"line":12,"column":2},"end":{"line":14,"column":null}},"4":{"start":{"line":13,"column":4},"end":{"line":13,"column":11}},"5":{"start":{"line":15,"column":2},"end":{"line":20,"column":null}},"6":{"start":{"line":16,"column":4},"end":{"line":18,"column":null}},"7":{"start":{"line":17,"column":6},"end":{"line":17,"column":13}},"8":{"start":{"line":19,"column":4},"end":{"line":19,"column":11}},"9":{"start":{"line":21,"column":2},"end":{"line":23,"column":null}},"10":{"start":{"line":22,"column":4},"end":{"line":22,"column":11}},"11":{"start":{"line":24,"column":2},"end":{"line":26,"column":null}},"12":{"start":{"line":25,"column":4},"end":{"line":25,"column":11}},"13":{"start":{"line":27,"column":2},"end":{"line":27,"column":9}},"14":{"start":{"line":30,"column":42},"end":{"line":30,"column":null}},"15":{"start":{"line":40,"column":22},"end":{"line":50,"column":null}},"16":{"start":{"line":41,"column":16},"end":{"line":41,"column":null}},"17":{"start":{"line":42,"column":2},"end":{"line":42,"column":10}},"18":{"start":{"line":44,"column":6},"end":{"line":46,"column":null}},"19":{"start":{"line":45,"column":8},"end":{"line":45,"column":15}},"20":{"start":{"line":47,"column":6},"end":{"line":47,"column":null}},"21":{"start":{"line":49,"column":2},"end":{"line":49,"column":9}},"22":{"start":{"line":58,"column":33},"end":{"line":76,"column":null}},"23":{"start":{"line":59,"column":40},"end":{"line":59,"column":42}},"24":{"start":{"line":58,"column":97},"end":{"line":58,"column":null}},"25":{"start":{"line":61,"column":2},"end":{"line":74,"column":null}},"26":{"start":{"line":61,"column":44},"end":{"line":61,"column":null}},"27":{"start":{"line":62,"column":4},"end":{"line":62,"column":20}},"28":{"start":{"line":63,"column":4},"end":{"line":63,"column":20}},"29":{"start":{"line":64,"column":4},"end":{"line":73,"column":null}},"30":{"start":{"line":66,"column":6},"end":{"line":70,"column":null}},"31":{"start":{"line":67,"column":8},"end":{"line":67,"column":24}},"32":{"start":{"line":69,"column":8},"end":{"line":69,"column":24}},"33":{"start":{"line":72,"column":6},"end":{"line":72,"column":null}},"34":{"start":{"line":75,"column":2},"end":{"line":75,"column":9}}},"fnMap":{"0":{"name":"required","decl":{"start":{"line":11,"column":6},"end":{"line":11,"column":14}},"loc":{"start":{"line":11,"column":41},"end":{"line":28,"column":null}}},"1":{"name":"callValidator","decl":{"start":{"line":40,"column":6},"end":{"line":40,"column":19}},"loc":{"start":{"line":40,"column":92},"end":{"line":50,"column":null}}},"2":{"name":"validationHandler","decl":{"start":{"line":58,"column":13},"end":{"line":58,"column":30}},"loc":{"start":{"line":58,"column":97},"end":{"line":76,"column":null}}}},"branchMap":{"0":{"loc":{"start":{"line":12,"column":2},"end":{"line":14,"column":null}},"type":"if","locations":[{"start":{"line":12,"column":2},"end":{"line":14,"column":null}},{"start":{"line":12,"column":2},"end":{"line":14,"column":null}}]},"1":{"loc":{"start":{"line":15,"column":2},"end":{"line":20,"column":null}},"type":"if","locations":[{"start":{"line":15,"column":2},"end":{"line":20,"column":null}},{"start":{"line":15,"column":2},"end":{"line":20,"column":null}}]},"2":{"loc":{"start":{"line":15,"column":6},"end":{"line":15,"column":35}},"type":"binary-expr","locations":[{"start":{"line":15,"column":6},"end":{"line":15,"column":35}},{"start":{"line":15,"column":35},"end":{"line":15,"column":63}}]},"3":{"loc":{"start":{"line":16,"column":4},"end":{"line":18,"column":null}},"type":"if","locations":[{"start":{"line":16,"column":4},"end":{"line":18,"column":null}},{"start":{"line":16,"column":4},"end":{"line":18,"column":null}}]},"4":{"loc":{"start":{"line":16,"column":8},"end":{"line":16,"column":69}},"type":"binary-expr","locations":[{"start":{"line":16,"column":8},"end":{"line":16,"column":69}},{"start":{"line":16,"column":69},"end":{"line":16,"column":76}}]},"5":{"loc":{"start":{"line":21,"column":2},"end":{"line":23,"column":null}},"type":"if","locations":[{"start":{"line":21,"column":2},"end":{"line":23,"column":null}},{"start":{"line":21,"column":2},"end":{"line":23,"column":null}}]},"6":{"loc":{"start":{"line":21,"column":6},"end":{"line":21,"column":35}},"type":"binary-expr","locations":[{"start":{"line":21,"column":6},"end":{"line":21,"column":35}},{"start":{"line":21,"column":35},"end":{"line":21,"column":56}}]},"7":{"loc":{"start":{"line":24,"column":2},"end":{"line":26,"column":null}},"type":"if","locations":[{"start":{"line":24,"column":2},"end":{"line":26,"column":null}},{"start":{"line":24,"column":2},"end":{"line":26,"column":null}}]},"8":{"loc":{"start":{"line":24,"column":6},"end":{"line":24,"column":37}},"type":"binary-expr","locations":[{"start":{"line":24,"column":6},"end":{"line":24,"column":37}},{"start":{"line":24,"column":37},"end":{"line":24,"column":56}}]},"9":{"loc":{"start":{"line":43,"column":4},"end":{"line":47,"column":null}},"type":"switch","locations":[{"start":{"line":43,"column":4},"end":{"line":47,"column":null}}]},"10":{"loc":{"start":{"line":44,"column":6},"end":{"line":46,"column":null}},"type":"if","locations":[{"start":{"line":44,"column":6},"end":{"line":46,"column":null}},{"start":{"line":44,"column":6},"end":{"line":46,"column":null}}]},"11":{"loc":{"start":{"line":64,"column":4},"end":{"line":73,"column":null}},"type":"if","locations":[{"start":{"line":64,"column":4},"end":{"line":73,"column":null}},{"start":{"line":64,"column":4},"end":{"line":73,"column":null}}]},"12":{"loc":{"start":{"line":66,"column":6},"end":{"line":70,"column":null}},"type":"if","locations":[{"start":{"line":66,"column":6},"end":{"line":70,"column":null}},{"start":{"line":66,"column":6},"end":{"line":70,"column":null}}]}},"s":{"0":0,"1":0,"2":0,"3":0,"4":0,"5":0,"6":0,"7":0,"8":0,"9":0,"10":0,"11":0,"12":0,"13":0,"14":0,"15":0,"16":0,"17":0,"18":0,"19":0,"20":0,"21":0,"22":0,"23":0,"24":0,"25":0,"26":0,"27":0,"28":0,"29":0,"30":0,"31":0,"32":0,"33":0,"34":0},"f":{"0":0,"1":0,"2":0},"b":{"0":[0,0],"1":[0,0],"2":[0,0],"3":[0,0],"4":[0,0],"5":[0,0],"6":[0,0],"7":[0,0],"8":[0,0],"9":[0],"10":[0,0],"11":[0,0],"12":[0,0]}}
}
