{"/Users/shubhadipmaity/projects/vue3-datepicker/src/components/datepicker/DateInput.vue": {"path":"/Users/shubhadipmaity/projects/vue3-datepicker/src/components/datepicker/DateInput.vue","statementMap":{"0":{"start":{"line":2,"column":0},"end":{"line":2,"column":null}},"1":{"start":{"line":3,"column":0},"end":{"line":3,"column":null}},"2":{"start":{"line":4,"column":0},"end":{"line":4,"column":null}},"3":{"start":{"line":107,"column":0},"end":{"line":107,"column":null}},"4":{"start":{"line":108,"column":0},"end":{"line":108,"column":null}},"5":{"start":{"line":110,"column":0},"end":{"line":121,"column":null}},"6":{"start":{"line":111,"column":0},"end":{"line":119,"column":null}},"7":{"start":{"line":112,"column":0},"end":{"line":114,"column":null}},"8":{"start":{"line":113,"column":0},"end":{"line":113,"column":null}},"9":{"start":{"line":116,"column":0},"end":{"line":116,"column":null}},"10":{"start":{"line":120,"column":0},"end":{"line":120,"column":null}},"11":{"start":{"line":123,"column":0},"end":{"line":152,"column":null}},"12":{"start":{"line":124,"column":0},"end":{"line":126,"column":null}},"13":{"start":{"line":125,"column":0},"end":{"line":125,"column":null}},"14":{"start":{"line":127,"column":0},"end":{"line":129,"column":null}},"15":{"start":{"line":128,"column":0},"end":{"line":128,"column":null}},"16":{"start":{"line":131,"column":0},"end":{"line":131,"column":null}},"17":{"start":{"line":133,"column":0},"end":{"line":133,"column":null}},"18":{"start":{"line":138,"column":0},"end":{"line":149,"column":null}},"19":{"start":{"line":139,"column":0},"end":{"line":139,"column":null}},"20":{"start":{"line":140,"column":0},"end":{"line":148,"column":null}},"21":{"start":{"line":141,"column":0},"end":{"line":144,"column":null}},"22":{"start":{"line":142,"column":0},"end":{"line":142,"column":null}},"23":{"start":{"line":143,"column":0},"end":{"line":143,"column":null}},"24":{"start":{"line":145,"column":0},"end":{"line":145,"column":null}},"25":{"start":{"line":146,"column":0},"end":{"line":148,"column":null}},"26":{"start":{"line":147,"column":0},"end":{"line":147,"column":null}},"27":{"start":{"line":151,"column":0},"end":{"line":151,"column":null}},"28":{"start":{"line":155,"column":0},"end":{"line":159,"column":null}},"29":{"start":{"line":156,"column":0},"end":{"line":156,"column":null}},"30":{"start":{"line":158,"column":0},"end":{"line":158,"column":null}},"31":{"start":{"line":166,"column":0},"end":{"line":166,"column":null}},"32":{"start":{"line":174,"column":0},"end":{"line":181,"column":null}},"33":{"start":{"line":180,"column":0},"end":{"line":180,"column":null}},"34":{"start":{"line":182,"column":0},"end":{"line":189,"column":null}},"35":{"start":{"line":183,"column":0},"end":{"line":183,"column":null}},"36":{"start":{"line":184,"column":0},"end":{"line":184,"column":null}},"37":{"start":{"line":185,"column":0},"end":{"line":188,"column":null}},"38":{"start":{"line":186,"column":0},"end":{"line":186,"column":null}},"39":{"start":{"line":187,"column":0},"end":{"line":187,"column":null}},"40":{"start":{"line":196,"column":0},"end":{"line":196,"column":null}},"41":{"start":{"line":204,"column":0},"end":{"line":208,"column":null}},"42":{"start":{"line":205,"column":0},"end":{"line":205,"column":null}},"43":{"start":{"line":206,"column":0},"end":{"line":206,"column":null}},"44":{"start":{"line":207,"column":0},"end":{"line":207,"column":null}},"45":{"start":{"line":209,"column":0},"end":{"line":209,"column":null}},"46":{"start":{"line":212,"column":0},"end":{"line":212,"column":null}}},"fnMap":{"0":{"name":"setup","decl":{"start":{"line":106,"column":0},"end":{"line":106,"column":null}},"loc":{"start":{"line":106,"column":0},"end":{"line":221,"column":null}}},"1":{"name":"(anonymous_1)","decl":{"start":{"line":110,"column":0},"end":{"line":110,"column":null}},"loc":{"start":{"line":110,"column":0},"end":{"line":121,"column":null}}},"2":{"name":"(anonymous_2)","decl":{"start":{"line":123,"column":0},"end":{"line":123,"column":null}},"loc":{"start":{"line":123,"column":0},"end":{"line":152,"column":null}}},"3":{"name":"(anonymous_3)","decl":{"start":{"line":155,"column":0},"end":{"line":155,"column":null}},"loc":{"start":{"line":155,"column":0},"end":{"line":156,"column":null}}},"4":{"name":"(anonymous_4)","decl":{"start":{"line":156,"column":0},"end":{"line":156,"column":null}},"loc":{"start":{"line":156,"column":0},"end":{"line":159,"column":null}}},"5":{"name":"showCalendar","decl":{"start":{"line":165,"column":0},"end":{"line":165,"column":null}},"loc":{"start":{"line":165,"column":0},"end":{"line":167,"column":null}}},"6":{"name":"parseTypedDate","decl":{"start":{"line":173,"column":0},"end":{"line":173,"column":null}},"loc":{"start":{"line":173,"column":0},"end":{"line":190,"column":null}}},"7":{"name":"clearDate","decl":{"start":{"line":195,"column":0},"end":{"line":195,"column":null}},"loc":{"start":{"line":195,"column":0},"end":{"line":197,"column":null}}},"8":{"name":"inputBlurred","decl":{"start":{"line":203,"column":0},"end":{"line":203,"column":null}},"loc":{"start":{"line":203,"column":0},"end":{"line":210,"column":null}}}},"branchMap":{"0":{"loc":{"start":{"line":111,"column":0},"end":{"line":119,"column":null}},"type":"if","locations":[{"start":{"line":111,"column":0},"end":{"line":119,"column":null}},{"start":{"line":111,"column":0},"end":{"line":119,"column":null}}]},"1":{"loc":{"start":{"line":112,"column":0},"end":{"line":114,"column":null}},"type":"if","locations":[{"start":{"line":112,"column":0},"end":{"line":114,"column":null}},{"start":{"line":112,"column":0},"end":{"line":114,"column":null}}]},"2":{"loc":{"start":{"line":124,"column":0},"end":{"line":126,"column":null}},"type":"if","locations":[{"start":{"line":124,"column":0},"end":{"line":126,"column":null}},{"start":{"line":124,"column":0},"end":{"line":126,"column":null}}]},"3":{"loc":{"start":{"line":127,"column":0},"end":{"line":129,"column":null}},"type":"if","locations":[{"start":{"line":127,"column":0},"end":{"line":129,"column":null}},{"start":{"line":127,"column":0},"end":{"line":129,"column":null}}]},"4":{"loc":{"start":{"line":133,"column":0},"end":{"line":133,"column":null}},"type":"cond-expr","locations":[{"start":{"line":133,"column":0},"end":{"line":133,"column":null}},{"start":{"line":133,"column":0},"end":{"line":133,"column":null}}]},"5":{"loc":{"start":{"line":138,"column":0},"end":{"line":149,"column":null}},"type":"if","locations":[{"start":{"line":138,"column":0},"end":{"line":149,"column":null}},{"start":{"line":138,"column":0},"end":{"line":149,"column":null}}]},"6":{"loc":{"start":{"line":140,"column":0},"end":{"line":148,"column":null}},"type":"if","locations":[{"start":{"line":140,"column":0},"end":{"line":148,"column":null}},{"start":{"line":140,"column":0},"end":{"line":148,"column":null}}]},"7":{"loc":{"start":{"line":141,"column":0},"end":{"line":144,"column":null}},"type":"if","locations":[{"start":{"line":141,"column":0},"end":{"line":144,"column":null}},{"start":{"line":141,"column":0},"end":{"line":144,"column":null}}]},"8":{"loc":{"start":{"line":142,"column":0},"end":{"line":142,"column":null}},"type":"cond-expr","locations":[{"start":{"line":142,"column":0},"end":{"line":142,"column":null}},{"start":{"line":142,"column":0},"end":{"line":142,"column":null}}]},"9":{"loc":{"start":{"line":143,"column":0},"end":{"line":143,"column":null}},"type":"cond-expr","locations":[{"start":{"line":143,"column":0},"end":{"line":143,"column":null}},{"start":{"line":143,"column":0},"end":{"line":143,"column":null}}]},"10":{"loc":{"start":{"line":146,"column":0},"end":{"line":148,"column":null}},"type":"if","locations":[{"start":{"line":146,"column":0},"end":{"line":148,"column":null}},{"start":{"line":146,"column":0},"end":{"line":148,"column":null}}]},"11":{"loc":{"start":{"line":174,"column":0},"end":{"line":181,"column":null}},"type":"if","locations":[{"start":{"line":174,"column":0},"end":{"line":181,"column":null}},{"start":{"line":174,"column":0},"end":{"line":181,"column":null}}]},"12":{"loc":{"start":{"line":182,"column":0},"end":{"line":189,"column":null}},"type":"if","locations":[{"start":{"line":182,"column":0},"end":{"line":189,"column":null}},{"start":{"line":182,"column":0},"end":{"line":189,"column":null}}]},"13":{"loc":{"start":{"line":185,"column":0},"end":{"line":188,"column":null}},"type":"if","locations":[{"start":{"line":185,"column":0},"end":{"line":188,"column":null}},{"start":{"line":185,"column":0},"end":{"line":188,"column":null}}]},"14":{"loc":{"start":{"line":204,"column":0},"end":{"line":208,"column":null}},"type":"if","locations":[{"start":{"line":204,"column":0},"end":{"line":208,"column":null}},{"start":{"line":204,"column":0},"end":{"line":208,"column":null}}]},"15":{"loc":{"start":{"line":204,"column":0},"end":{"line":204,"column":null}},"type":"binary-expr","locations":[{"start":{"line":204,"column":0},"end":{"line":204,"column":null}},{"start":{"line":204,"column":0},"end":{"line":204,"column":null}}]}},"s":{"0":6,"1":6,"2":6,"3":58,"4":58,"5":58,"6":20,"7":2,"8":1,"9":1,"10":18,"11":58,"12":70,"13":32,"14":38,"15":1,"16":37,"17":37,"18":37,"19":12,"20":4,"21":2,"22":1,"23":1,"24":1,"25":2,"26":2,"27":36,"28":58,"29":63,"30":5,"31":1,"32":3,"33":1,"34":3,"35":3,"36":3,"37":3,"38":2,"39":2,"40":1,"41":2,"42":1,"43":1,"44":1,"45":2,"46":58},"f":{"0":58,"1":20,"2":70,"3":63,"4":5,"5":1,"6":3,"7":1,"8":2},"b":{"0":[2,18],"1":[1,1],"2":[32,38],"3":[1,37],"4":[2,35],"5":[4,33],"6":[2,2],"7":[1,1],"8":[1,2],"9":[1,2],"10":[2,0],"11":[1,2],"12":[3,0],"13":[2,1],"14":[1,1],"15":[2,1]}}
,"/Users/shubhadipmaity/projects/vue3-datepicker/src/components/datepicker/Datepicker.vue": {"path":"/Users/shubhadipmaity/projects/vue3-datepicker/src/components/datepicker/Datepicker.vue","statementMap":{"0":{"start":{"line":2,"column":0},"end":{"line":2,"column":null}},"1":{"start":{"line":3,"column":0},"end":{"line":3,"column":null}},"2":{"start":{"line":4,"column":0},"end":{"line":4,"column":null}},"3":{"start":{"line":5,"column":0},"end":{"line":5,"column":null}},"4":{"start":{"line":6,"column":0},"end":{"line":6,"column":null}},"5":{"start":{"line":7,"column":0},"end":{"line":7,"column":null}},"6":{"start":{"line":8,"column":0},"end":{"line":8,"column":null}},"7":{"start":{"line":9,"column":0},"end":{"line":9,"column":null}},"8":{"start":{"line":38,"column":0},"end":{"line":38,"column":null}},"9":{"start":{"line":155,"column":0},"end":{"line":155,"column":null}},"10":{"start":{"line":156,"column":0},"end":{"line":156,"column":null}},"11":{"start":{"line":157,"column":0},"end":{"line":157,"column":null}},"12":{"start":{"line":158,"column":0},"end":{"line":163,"column":null}},"13":{"start":{"line":159,"column":0},"end":{"line":159,"column":null}},"14":{"start":{"line":160,"column":0},"end":{"line":160,"column":null}},"15":{"start":{"line":162,"column":0},"end":{"line":162,"column":null}},"16":{"start":{"line":164,"column":0},"end":{"line":164,"column":null}},"17":{"start":{"line":165,"column":0},"end":{"line":165,"column":null}},"18":{"start":{"line":166,"column":0},"end":{"line":166,"column":null}},"19":{"start":{"line":167,"column":0},"end":{"line":167,"column":null}},"20":{"start":{"line":168,"column":0},"end":{"line":168,"column":null}},"21":{"start":{"line":171,"column":0},"end":{"line":176,"column":null}},"22":{"start":{"line":172,"column":0},"end":{"line":174,"column":null}},"23":{"start":{"line":173,"column":0},"end":{"line":173,"column":null}},"24":{"start":{"line":175,"column":0},"end":{"line":175,"column":null}},"25":{"start":{"line":178,"column":0},"end":{"line":180,"column":null}},"26":{"start":{"line":179,"column":0},"end":{"line":179,"column":null}},"27":{"start":{"line":182,"column":0},"end":{"line":185,"column":null}},"28":{"start":{"line":183,"column":0},"end":{"line":183,"column":null}},"29":{"start":{"line":184,"column":0},"end":{"line":184,"column":null}},"30":{"start":{"line":187,"column":0},"end":{"line":189,"column":null}},"31":{"start":{"line":188,"column":0},"end":{"line":188,"column":null}},"32":{"start":{"line":191,"column":0},"end":{"line":195,"column":null}},"33":{"start":{"line":192,"column":0},"end":{"line":192,"column":null}},"34":{"start":{"line":197,"column":0},"end":{"line":199,"column":null}},"35":{"start":{"line":198,"column":0},"end":{"line":198,"column":null}},"36":{"start":{"line":201,"column":0},"end":{"line":203,"column":null}},"37":{"start":{"line":202,"column":0},"end":{"line":202,"column":null}},"38":{"start":{"line":210,"column":0},"end":{"line":216,"column":null}},"39":{"start":{"line":211,"column":0},"end":{"line":215,"column":null}},"40":{"start":{"line":212,"column":0},"end":{"line":212,"column":null}},"41":{"start":{"line":214,"column":0},"end":{"line":214,"column":null}},"42":{"start":{"line":217,"column":0},"end":{"line":217,"column":null}},"43":{"start":{"line":226,"column":0},"end":{"line":226,"column":null}},"44":{"start":{"line":227,"column":0},"end":{"line":227,"column":null}},"45":{"start":{"line":228,"column":0},"end":{"line":228,"column":null}},"46":{"start":{"line":229,"column":0},"end":{"line":229,"column":null}},"47":{"start":{"line":231,"column":0},"end":{"line":231,"column":null}},"48":{"start":{"line":239,"column":0},"end":{"line":239,"column":null}},"49":{"start":{"line":240,"column":0},"end":{"line":240,"column":null}},"50":{"start":{"line":241,"column":0},"end":{"line":241,"column":null}},"51":{"start":{"line":242,"column":0},"end":{"line":246,"column":null}},"52":{"start":{"line":243,"column":0},"end":{"line":245,"column":null}},"53":{"start":{"line":244,"column":0},"end":{"line":244,"column":null}},"54":{"start":{"line":254,"column":0},"end":{"line":256,"column":null}},"55":{"start":{"line":255,"column":0},"end":{"line":255,"column":null}},"56":{"start":{"line":257,"column":0},"end":{"line":257,"column":null}},"57":{"start":{"line":258,"column":0},"end":{"line":258,"column":null}},"58":{"start":{"line":259,"column":0},"end":{"line":259,"column":null}},"59":{"start":{"line":266,"column":0},"end":{"line":268,"column":null}},"60":{"start":{"line":267,"column":0},"end":{"line":267,"column":null}},"61":{"start":{"line":269,"column":0},"end":{"line":269,"column":null}},"62":{"start":{"line":270,"column":0},"end":{"line":270,"column":null}},"63":{"start":{"line":271,"column":0},"end":{"line":271,"column":null}},"64":{"start":{"line":278,"column":0},"end":{"line":280,"column":null}},"65":{"start":{"line":279,"column":0},"end":{"line":279,"column":null}},"66":{"start":{"line":281,"column":0},"end":{"line":281,"column":null}},"67":{"start":{"line":282,"column":0},"end":{"line":282,"column":null}},"68":{"start":{"line":283,"column":0},"end":{"line":283,"column":null}},"69":{"start":{"line":289,"column":0},"end":{"line":289,"column":null}},"70":{"start":{"line":290,"column":0},"end":{"line":294,"column":null}},"71":{"start":{"line":291,"column":0},"end":{"line":291,"column":null}},"72":{"start":{"line":295,"column":0},"end":{"line":295,"column":null}},"73":{"start":{"line":297,"column":0},"end":{"line":297,"column":null}},"74":{"start":{"line":298,"column":0},"end":{"line":298,"column":null}},"75":{"start":{"line":300,"column":0},"end":{"line":300,"column":null}},"76":{"start":{"line":301,"column":0},"end":{"line":301,"column":null}},"77":{"start":{"line":303,"column":0},"end":{"line":303,"column":null}},"78":{"start":{"line":304,"column":0},"end":{"line":304,"column":null}},"79":{"start":{"line":312,"column":0},"end":{"line":314,"column":null}},"80":{"start":{"line":313,"column":0},"end":{"line":313,"column":null}},"81":{"start":{"line":315,"column":0},"end":{"line":317,"column":null}},"82":{"start":{"line":316,"column":0},"end":{"line":316,"column":null}},"83":{"start":{"line":318,"column":0},"end":{"line":318,"column":null}},"84":{"start":{"line":319,"column":0},"end":{"line":319,"column":null}},"85":{"start":{"line":327,"column":0},"end":{"line":327,"column":null}},"86":{"start":{"line":328,"column":0},"end":{"line":328,"column":null}},"87":{"start":{"line":329,"column":0},"end":{"line":329,"column":null}},"88":{"start":{"line":330,"column":0},"end":{"line":330,"column":null}},"89":{"start":{"line":331,"column":0},"end":{"line":335,"column":null}},"90":{"start":{"line":332,"column":0},"end":{"line":332,"column":null}},"91":{"start":{"line":334,"column":0},"end":{"line":334,"column":null}},"92":{"start":{"line":342,"column":0},"end":{"line":342,"column":null}},"93":{"start":{"line":343,"column":0},"end":{"line":343,"column":null}},"94":{"start":{"line":344,"column":0},"end":{"line":344,"column":null}},"95":{"start":{"line":345,"column":0},"end":{"line":349,"column":null}},"96":{"start":{"line":346,"column":0},"end":{"line":346,"column":null}},"97":{"start":{"line":348,"column":0},"end":{"line":348,"column":null}},"98":{"start":{"line":350,"column":0},"end":{"line":350,"column":null}},"99":{"start":{"line":357,"column":0},"end":{"line":357,"column":null}},"100":{"start":{"line":358,"column":0},"end":{"line":360,"column":null}},"101":{"start":{"line":359,"column":0},"end":{"line":359,"column":null}},"102":{"start":{"line":361,"column":0},"end":{"line":361,"column":null}},"103":{"start":{"line":367,"column":0},"end":{"line":367,"column":null}},"104":{"start":{"line":373,"column":0},"end":{"line":373,"column":null}},"105":{"start":{"line":374,"column":0},"end":{"line":379,"column":null}},"106":{"start":{"line":375,"column":0},"end":{"line":375,"column":null}},"107":{"start":{"line":376,"column":0},"end":{"line":376,"column":null}},"108":{"start":{"line":378,"column":0},"end":{"line":378,"column":null}},"109":{"start":{"line":380,"column":0},"end":{"line":380,"column":null}},"110":{"start":{"line":387,"column":0},"end":{"line":387,"column":null}},"111":{"start":{"line":388,"column":0},"end":{"line":393,"column":null}},"112":{"start":{"line":389,"column":0},"end":{"line":389,"column":null}},"113":{"start":{"line":390,"column":0},"end":{"line":390,"column":null}},"114":{"start":{"line":392,"column":0},"end":{"line":392,"column":null}},"115":{"start":{"line":394,"column":0},"end":{"line":394,"column":null}},"116":{"start":{"line":402,"column":0},"end":{"line":402,"column":null}},"117":{"start":{"line":403,"column":0},"end":{"line":406,"column":null}},"118":{"start":{"line":404,"column":0},"end":{"line":404,"column":null}},"119":{"start":{"line":405,"column":0},"end":{"line":405,"column":null}},"120":{"start":{"line":407,"column":0},"end":{"line":411,"column":null}},"121":{"start":{"line":408,"column":0},"end":{"line":408,"column":null}},"122":{"start":{"line":409,"column":0},"end":{"line":409,"column":null}},"123":{"start":{"line":410,"column":0},"end":{"line":410,"column":null}},"124":{"start":{"line":412,"column":0},"end":{"line":412,"column":null}},"125":{"start":{"line":413,"column":0},"end":{"line":413,"column":null}},"126":{"start":{"line":420,"column":0},"end":{"line":420,"column":null}},"127":{"start":{"line":421,"column":0},"end":{"line":421,"column":null}},"128":{"start":{"line":428,"column":0},"end":{"line":428,"column":null}},"129":{"start":{"line":435,"column":0},"end":{"line":437,"column":null}},"130":{"start":{"line":436,"column":0},"end":{"line":436,"column":null}},"131":{"start":{"line":438,"column":0},"end":{"line":440,"column":null}},"132":{"start":{"line":439,"column":0},"end":{"line":439,"column":null}},"133":{"start":{"line":447,"column":0},"end":{"line":447,"column":null}},"134":{"start":{"line":450,"column":0},"end":{"line":454,"column":null}},"135":{"start":{"line":451,"column":0},"end":{"line":451,"column":null}},"136":{"start":{"line":453,"column":0},"end":{"line":453,"column":null}},"137":{"start":{"line":457,"column":0},"end":{"line":461,"column":null}},"138":{"start":{"line":458,"column":0},"end":{"line":458,"column":null}},"139":{"start":{"line":460,"column":0},"end":{"line":460,"column":null}},"140":{"start":{"line":464,"column":0},"end":{"line":468,"column":null}},"141":{"start":{"line":465,"column":0},"end":{"line":465,"column":null}},"142":{"start":{"line":467,"column":0},"end":{"line":467,"column":null}},"143":{"start":{"line":470,"column":0},"end":{"line":474,"column":null}},"144":{"start":{"line":471,"column":0},"end":{"line":471,"column":null}},"145":{"start":{"line":473,"column":0},"end":{"line":473,"column":null}},"146":{"start":{"line":477,"column":0},"end":{"line":477,"column":null}},"147":{"start":{"line":479,"column":0},"end":{"line":479,"column":null}}},"fnMap":{"0":{"name":"validator","decl":{"start":{"line":38,"column":0},"end":{"line":38,"column":null}},"loc":{"start":{"line":38,"column":0},"end":{"line":38,"column":null}}},"1":{"name":"setup","decl":{"start":{"line":154,"column":0},"end":{"line":154,"column":null}},"loc":{"start":{"line":154,"column":0},"end":{"line":515,"column":null}}},"2":{"name":"(anonymous_2)","decl":{"start":{"line":171,"column":0},"end":{"line":171,"column":null}},"loc":{"start":{"line":171,"column":0},"end":{"line":176,"column":null}}},"3":{"name":"(anonymous_3)","decl":{"start":{"line":178,"column":0},"end":{"line":178,"column":null}},"loc":{"start":{"line":178,"column":0},"end":{"line":180,"column":null}}},"4":{"name":"(anonymous_4)","decl":{"start":{"line":182,"column":0},"end":{"line":182,"column":null}},"loc":{"start":{"line":182,"column":0},"end":{"line":185,"column":null}}},"5":{"name":"(anonymous_5)","decl":{"start":{"line":187,"column":0},"end":{"line":187,"column":null}},"loc":{"start":{"line":187,"column":0},"end":{"line":189,"column":null}}},"6":{"name":"(anonymous_6)","decl":{"start":{"line":191,"column":0},"end":{"line":191,"column":null}},"loc":{"start":{"line":191,"column":0},"end":{"line":195,"column":null}}},"7":{"name":"(anonymous_7)","decl":{"start":{"line":197,"column":0},"end":{"line":197,"column":null}},"loc":{"start":{"line":197,"column":0},"end":{"line":199,"column":null}}},"8":{"name":"(anonymous_8)","decl":{"start":{"line":201,"column":0},"end":{"line":201,"column":null}},"loc":{"start":{"line":201,"column":0},"end":{"line":203,"column":null}}},"9":{"name":"setPageDate","decl":{"start":{"line":209,"column":0},"end":{"line":209,"column":null}},"loc":{"start":{"line":209,"column":0},"end":{"line":218,"column":null}}},"10":{"name":"allowedToShowView","decl":{"start":{"line":225,"column":0},"end":{"line":225,"column":null}},"loc":{"start":{"line":225,"column":0},"end":{"line":232,"column":null}}},"11":{"name":"close","decl":{"start":{"line":238,"column":0},"end":{"line":238,"column":null}},"loc":{"start":{"line":238,"column":0},"end":{"line":247,"column":null}}},"12":{"name":"showDayCalendar","decl":{"start":{"line":253,"column":0},"end":{"line":253,"column":null}},"loc":{"start":{"line":253,"column":0},"end":{"line":260,"column":null}}},"13":{"name":"showMonthCalendar","decl":{"start":{"line":265,"column":0},"end":{"line":265,"column":null}},"loc":{"start":{"line":265,"column":0},"end":{"line":272,"column":null}}},"14":{"name":"showYearCalendar","decl":{"start":{"line":277,"column":0},"end":{"line":277,"column":null}},"loc":{"start":{"line":277,"column":0},"end":{"line":284,"column":null}}},"15":{"name":"setInitialView","decl":{"start":{"line":288,"column":0},"end":{"line":288,"column":null}},"loc":{"start":{"line":288,"column":0},"end":{"line":306,"column":null}}},"16":{"name":"showCalendar","decl":{"start":{"line":311,"column":0},"end":{"line":311,"column":null}},"loc":{"start":{"line":311,"column":0},"end":{"line":320,"column":null}}},"17":{"name":"setDate1","decl":{"start":{"line":326,"column":0},"end":{"line":326,"column":null}},"loc":{"start":{"line":326,"column":0},"end":{"line":336,"column":null}}},"18":{"name":"clearDate","decl":{"start":{"line":341,"column":0},"end":{"line":341,"column":null}},"loc":{"start":{"line":341,"column":0},"end":{"line":351,"column":null}}},"19":{"name":"selectDate","decl":{"start":{"line":356,"column":0},"end":{"line":356,"column":null}},"loc":{"start":{"line":356,"column":0},"end":{"line":362,"column":null}}},"20":{"name":"selectDisabledDate","decl":{"start":{"line":366,"column":0},"end":{"line":366,"column":null}},"loc":{"start":{"line":366,"column":0},"end":{"line":368,"column":null}}},"21":{"name":"selectMonth","decl":{"start":{"line":372,"column":0},"end":{"line":372,"column":null}},"loc":{"start":{"line":372,"column":0},"end":{"line":381,"column":null}}},"22":{"name":"selectYear","decl":{"start":{"line":386,"column":0},"end":{"line":386,"column":null}},"loc":{"start":{"line":386,"column":0},"end":{"line":395,"column":null}}},"23":{"name":"setValue","decl":{"start":{"line":401,"column":0},"end":{"line":401,"column":null}},"loc":{"start":{"line":401,"column":0},"end":{"line":414,"column":null}}},"24":{"name":"handleChangedMonthFromDayPicker","decl":{"start":{"line":419,"column":0},"end":{"line":419,"column":null}},"loc":{"start":{"line":419,"column":0},"end":{"line":422,"column":null}}},"25":{"name":"setTypedDate","decl":{"start":{"line":427,"column":0},"end":{"line":427,"column":null}},"loc":{"start":{"line":427,"column":0},"end":{"line":429,"column":null}}},"26":{"name":"init","decl":{"start":{"line":434,"column":0},"end":{"line":434,"column":null}},"loc":{"start":{"line":434,"column":0},"end":{"line":441,"column":null}}},"27":{"name":"closeOnClickOutside","decl":{"start":{"line":446,"column":0},"end":{"line":446,"column":null}},"loc":{"start":{"line":446,"column":0},"end":{"line":448,"column":null}}},"28":{"name":"(anonymous_28)","decl":{"start":{"line":450,"column":0},"end":{"line":450,"column":null}},"loc":{"start":{"line":450,"column":0},"end":{"line":451,"column":null}}},"29":{"name":"(anonymous_29)","decl":{"start":{"line":451,"column":0},"end":{"line":451,"column":null}},"loc":{"start":{"line":451,"column":0},"end":{"line":454,"column":null}}},"30":{"name":"(anonymous_30)","decl":{"start":{"line":457,"column":0},"end":{"line":457,"column":null}},"loc":{"start":{"line":457,"column":0},"end":{"line":458,"column":null}}},"31":{"name":"(anonymous_31)","decl":{"start":{"line":458,"column":0},"end":{"line":458,"column":null}},"loc":{"start":{"line":458,"column":0},"end":{"line":461,"column":null}}},"32":{"name":"(anonymous_32)","decl":{"start":{"line":464,"column":0},"end":{"line":464,"column":null}},"loc":{"start":{"line":464,"column":0},"end":{"line":465,"column":null}}},"33":{"name":"(anonymous_33)","decl":{"start":{"line":465,"column":0},"end":{"line":465,"column":null}},"loc":{"start":{"line":465,"column":0},"end":{"line":468,"column":null}}},"34":{"name":"(anonymous_34)","decl":{"start":{"line":470,"column":0},"end":{"line":470,"column":null}},"loc":{"start":{"line":470,"column":0},"end":{"line":471,"column":null}}},"35":{"name":"(anonymous_35)","decl":{"start":{"line":471,"column":0},"end":{"line":471,"column":null}},"loc":{"start":{"line":471,"column":0},"end":{"line":474,"column":null}}}},"branchMap":{"0":{"loc":{"start":{"line":158,"column":0},"end":{"line":163,"column":null}},"type":"if","locations":[{"start":{"line":158,"column":0},"end":{"line":163,"column":null}},{"start":{"line":158,"column":0},"end":{"line":163,"column":null}}]},"1":{"loc":{"start":{"line":158,"column":0},"end":{"line":158,"column":null}},"type":"binary-expr","locations":[{"start":{"line":158,"column":0},"end":{"line":158,"column":null}},{"start":{"line":158,"column":0},"end":{"line":158,"column":null}}]},"2":{"loc":{"start":{"line":172,"column":0},"end":{"line":174,"column":null}},"type":"if","locations":[{"start":{"line":172,"column":0},"end":{"line":174,"column":null}},{"start":{"line":172,"column":0},"end":{"line":174,"column":null}}]},"3":{"loc":{"start":{"line":193,"column":0},"end":{"line":193,"column":null}},"type":"cond-expr","locations":[{"start":{"line":193,"column":0},"end":{"line":193,"column":null}},{"start":{"line":193,"column":0},"end":{"line":193,"column":null}}]},"4":{"loc":{"start":{"line":198,"column":0},"end":{"line":198,"column":null}},"type":"binary-expr","locations":[{"start":{"line":198,"column":0},"end":{"line":198,"column":null}},{"start":{"line":198,"column":0},"end":{"line":198,"column":null}},{"start":{"line":198,"column":0},"end":{"line":198,"column":null}}]},"5":{"loc":{"start":{"line":202,"column":0},"end":{"line":202,"column":null}},"type":"binary-expr","locations":[{"start":{"line":202,"column":0},"end":{"line":202,"column":null}},{"start":{"line":202,"column":0},"end":{"line":202,"column":null}}]},"6":{"loc":{"start":{"line":210,"column":0},"end":{"line":216,"column":null}},"type":"if","locations":[{"start":{"line":210,"column":0},"end":{"line":216,"column":null}},{"start":{"line":210,"column":0},"end":{"line":216,"column":null}}]},"7":{"loc":{"start":{"line":211,"column":0},"end":{"line":215,"column":null}},"type":"if","locations":[{"start":{"line":211,"column":0},"end":{"line":215,"column":null}},{"start":{"line":211,"column":0},"end":{"line":215,"column":null}}]},"8":{"loc":{"start":{"line":231,"column":0},"end":{"line":231,"column":null}},"type":"binary-expr","locations":[{"start":{"line":231,"column":0},"end":{"line":231,"column":null}},{"start":{"line":231,"column":0},"end":{"line":231,"column":null}}]},"9":{"loc":{"start":{"line":242,"column":0},"end":{"line":246,"column":null}},"type":"if","locations":[{"start":{"line":242,"column":0},"end":{"line":246,"column":null}},{"start":{"line":242,"column":0},"end":{"line":246,"column":null}}]},"10":{"loc":{"start":{"line":243,"column":0},"end":{"line":245,"column":null}},"type":"if","locations":[{"start":{"line":243,"column":0},"end":{"line":245,"column":null}},{"start":{"line":243,"column":0},"end":{"line":245,"column":null}}]},"11":{"loc":{"start":{"line":254,"column":0},"end":{"line":256,"column":null}},"type":"if","locations":[{"start":{"line":254,"column":0},"end":{"line":256,"column":null}},{"start":{"line":254,"column":0},"end":{"line":256,"column":null}}]},"12":{"loc":{"start":{"line":266,"column":0},"end":{"line":268,"column":null}},"type":"if","locations":[{"start":{"line":266,"column":0},"end":{"line":268,"column":null}},{"start":{"line":266,"column":0},"end":{"line":268,"column":null}}]},"13":{"loc":{"start":{"line":278,"column":0},"end":{"line":280,"column":null}},"type":"if","locations":[{"start":{"line":278,"column":0},"end":{"line":280,"column":null}},{"start":{"line":278,"column":0},"end":{"line":280,"column":null}}]},"14":{"loc":{"start":{"line":290,"column":0},"end":{"line":294,"column":null}},"type":"if","locations":[{"start":{"line":290,"column":0},"end":{"line":294,"column":null}},{"start":{"line":290,"column":0},"end":{"line":294,"column":null}}]},"15":{"loc":{"start":{"line":296,"column":0},"end":{"line":298,"column":null}},"type":"switch","locations":[{"start":{"line":296,"column":0},"end":{"line":298,"column":null}},{"start":{"line":299,"column":0},"end":{"line":301,"column":null}},{"start":{"line":302,"column":0},"end":{"line":304,"column":null}}]},"16":{"loc":{"start":{"line":312,"column":0},"end":{"line":314,"column":null}},"type":"if","locations":[{"start":{"line":312,"column":0},"end":{"line":314,"column":null}},{"start":{"line":312,"column":0},"end":{"line":314,"column":null}}]},"17":{"loc":{"start":{"line":312,"column":0},"end":{"line":312,"column":null}},"type":"binary-expr","locations":[{"start":{"line":312,"column":0},"end":{"line":312,"column":null}},{"start":{"line":312,"column":0},"end":{"line":312,"column":null}}]},"18":{"loc":{"start":{"line":315,"column":0},"end":{"line":317,"column":null}},"type":"if","locations":[{"start":{"line":315,"column":0},"end":{"line":317,"column":null}},{"start":{"line":315,"column":0},"end":{"line":317,"column":null}}]},"19":{"loc":{"start":{"line":331,"column":0},"end":{"line":335,"column":null}},"type":"if","locations":[{"start":{"line":331,"column":0},"end":{"line":335,"column":null}},{"start":{"line":331,"column":0},"end":{"line":335,"column":null}}]},"20":{"loc":{"start":{"line":345,"column":0},"end":{"line":349,"column":null}},"type":"if","locations":[{"start":{"line":345,"column":0},"end":{"line":349,"column":null}},{"start":{"line":345,"column":0},"end":{"line":349,"column":null}}]},"21":{"loc":{"start":{"line":358,"column":0},"end":{"line":360,"column":null}},"type":"if","locations":[{"start":{"line":358,"column":0},"end":{"line":360,"column":null}},{"start":{"line":358,"column":0},"end":{"line":360,"column":null}}]},"22":{"loc":{"start":{"line":374,"column":0},"end":{"line":379,"column":null}},"type":"if","locations":[{"start":{"line":374,"column":0},"end":{"line":379,"column":null}},{"start":{"line":374,"column":0},"end":{"line":379,"column":null}}]},"23":{"loc":{"start":{"line":388,"column":0},"end":{"line":393,"column":null}},"type":"if","locations":[{"start":{"line":388,"column":0},"end":{"line":393,"column":null}},{"start":{"line":388,"column":0},"end":{"line":393,"column":null}}]},"24":{"loc":{"start":{"line":403,"column":0},"end":{"line":406,"column":null}},"type":"if","locations":[{"start":{"line":403,"column":0},"end":{"line":406,"column":null}},{"start":{"line":403,"column":0},"end":{"line":406,"column":null}}]},"25":{"loc":{"start":{"line":403,"column":0},"end":{"line":403,"column":null}},"type":"binary-expr","locations":[{"start":{"line":403,"column":0},"end":{"line":403,"column":null}},{"start":{"line":403,"column":0},"end":{"line":403,"column":null}}]},"26":{"loc":{"start":{"line":405,"column":0},"end":{"line":405,"column":null}},"type":"cond-expr","locations":[{"start":{"line":405,"column":0},"end":{"line":405,"column":null}},{"start":{"line":405,"column":0},"end":{"line":405,"column":null}}]},"27":{"loc":{"start":{"line":407,"column":0},"end":{"line":411,"column":null}},"type":"if","locations":[{"start":{"line":407,"column":0},"end":{"line":411,"column":null}},{"start":{"line":407,"column":0},"end":{"line":411,"column":null}}]},"28":{"loc":{"start":{"line":435,"column":0},"end":{"line":437,"column":null}},"type":"if","locations":[{"start":{"line":435,"column":0},"end":{"line":437,"column":null}},{"start":{"line":435,"column":0},"end":{"line":437,"column":null}}]},"29":{"loc":{"start":{"line":438,"column":0},"end":{"line":440,"column":null}},"type":"if","locations":[{"start":{"line":438,"column":0},"end":{"line":440,"column":null}},{"start":{"line":438,"column":0},"end":{"line":440,"column":null}}]}},"s":{"0":4,"1":4,"2":4,"3":4,"4":4,"5":4,"6":4,"7":4,"8":4,"9":39,"10":39,"11":39,"12":39,"13":0,"14":0,"15":39,"16":39,"17":39,"18":39,"19":39,"20":39,"21":39,"22":8,"23":6,"24":2,"25":39,"26":51,"27":39,"28":39,"29":39,"30":39,"31":39,"32":39,"33":39,"34":39,"35":16,"36":39,"37":39,"38":29,"39":4,"40":1,"41":3,"42":29,"43":305,"44":305,"45":305,"46":305,"47":305,"48":21,"49":21,"50":21,"51":21,"52":19,"53":5,"54":7,"55":1,"56":6,"57":6,"58":6,"59":6,"60":1,"61":5,"62":5,"63":5,"64":4,"65":2,"66":2,"67":2,"68":2,"69":7,"70":7,"71":0,"72":7,"73":1,"74":1,"75":2,"76":2,"77":4,"78":4,"79":7,"80":1,"81":6,"82":1,"83":5,"84":5,"85":8,"86":8,"87":8,"88":8,"89":8,"90":0,"91":8,"92":1,"93":1,"94":1,"95":1,"96":0,"97":1,"98":1,"99":5,"100":5,"101":4,"102":5,"103":1,"104":2,"105":2,"106":1,"107":1,"108":1,"109":2,"110":3,"111":3,"112":2,"113":2,"114":1,"115":3,"116":16,"117":16,"118":2,"119":2,"120":16,"121":2,"122":2,"123":2,"124":14,"125":14,"126":0,"127":0,"128":1,"129":39,"130":14,"131":39,"132":2,"133":0,"134":39,"135":39,"136":0,"137":39,"138":39,"139":0,"140":39,"141":39,"142":0,"143":39,"144":39,"145":0,"146":39,"147":39},"f":{"0":4,"1":39,"2":8,"3":51,"4":39,"5":39,"6":39,"7":16,"8":39,"9":29,"10":305,"11":21,"12":7,"13":6,"14":4,"15":7,"16":7,"17":8,"18":1,"19":5,"20":1,"21":2,"22":3,"23":16,"24":0,"25":1,"26":39,"27":0,"28":39,"29":0,"30":39,"31":0,"32":39,"33":0,"34":39,"35":0},"b":{"0":[0,39],"1":[39,0],"2":[6,2],"3":[2,37],"4":[16,14,12],"5":[39,39],"6":[4,25],"7":[1,3],"8":[305,291],"9":[19,2],"10":[5,14],"11":[1,6],"12":[1,5],"13":[2,2],"14":[0,7],"15":[1,2,4],"16":[1,6],"17":[7,7],"18":[1,5],"19":[0,8],"20":[0,1],"21":[4,1],"22":[1,1],"23":[2,1],"24":[2,14],"25":[16,14],"26":[1,1],"27":[2,14],"28":[14,25],"29":[2,37]}}
,"/Users/shubhadipmaity/projects/vue3-datepicker/src/components/datepicker/PickerDay.vue": {"path":"/Users/shubhadipmaity/projects/vue3-datepicker/src/components/datepicker/PickerDay.vue","statementMap":{"0":{"start":{"line":2,"column":0},"end":{"line":2,"column":null}},"1":{"start":{"line":3,"column":0},"end":{"line":3,"column":null}},"2":{"start":{"line":57,"column":0},"end":{"line":57,"column":null}},"3":{"start":{"line":109,"column":0},"end":{"line":116,"column":null}},"4":{"start":{"line":110,"column":0},"end":{"line":110,"column":null}},"5":{"start":{"line":111,"column":0},"end":{"line":113,"column":null}},"6":{"start":{"line":112,"column":0},"end":{"line":112,"column":null}},"7":{"start":{"line":115,"column":0},"end":{"line":115,"column":null}},"8":{"start":{"line":123,"column":0},"end":{"line":123,"column":null}},"9":{"start":{"line":130,"column":0},"end":{"line":130,"column":null}},"10":{"start":{"line":137,"column":0},"end":{"line":137,"column":null}},"11":{"start":{"line":138,"column":0},"end":{"line":138,"column":null}},"12":{"start":{"line":139,"column":0},"end":{"line":139,"column":null}},"13":{"start":{"line":147,"column":0},"end":{"line":147,"column":null}},"14":{"start":{"line":148,"column":0},"end":{"line":150,"column":null}},"15":{"start":{"line":149,"column":0},"end":{"line":149,"column":null}},"16":{"start":{"line":151,"column":0},"end":{"line":151,"column":null}},"17":{"start":{"line":152,"column":0},"end":{"line":152,"column":null}},"18":{"start":{"line":159,"column":0},"end":{"line":161,"column":null}},"19":{"start":{"line":160,"column":0},"end":{"line":160,"column":null}},"20":{"start":{"line":169,"column":0},"end":{"line":169,"column":null}},"21":{"start":{"line":170,"column":0},"end":{"line":172,"column":null}},"22":{"start":{"line":171,"column":0},"end":{"line":171,"column":null}},"23":{"start":{"line":173,"column":0},"end":{"line":173,"column":null}},"24":{"start":{"line":174,"column":0},"end":{"line":174,"column":null}},"25":{"start":{"line":181,"column":0},"end":{"line":183,"column":null}},"26":{"start":{"line":182,"column":0},"end":{"line":182,"column":null}},"27":{"start":{"line":191,"column":0},"end":{"line":191,"column":null}},"28":{"start":{"line":192,"column":0},"end":{"line":192,"column":null}},"29":{"start":{"line":200,"column":0},"end":{"line":200,"column":null}},"30":{"start":{"line":201,"column":0},"end":{"line":201,"column":null}},"31":{"start":{"line":203,"column":0},"end":{"line":203,"column":null}},"32":{"start":{"line":205,"column":0},"end":{"line":207,"column":null}},"33":{"start":{"line":206,"column":0},"end":{"line":206,"column":null}},"34":{"start":{"line":209,"column":0},"end":{"line":217,"column":null}},"35":{"start":{"line":210,"column":0},"end":{"line":216,"column":null}},"36":{"start":{"line":211,"column":0},"end":{"line":211,"column":null}},"37":{"start":{"line":212,"column":0},"end":{"line":215,"column":null}},"38":{"start":{"line":213,"column":0},"end":{"line":213,"column":null}},"39":{"start":{"line":218,"column":0},"end":{"line":220,"column":null}},"40":{"start":{"line":219,"column":0},"end":{"line":219,"column":null}},"41":{"start":{"line":221,"column":0},"end":{"line":223,"column":null}},"42":{"start":{"line":222,"column":0},"end":{"line":222,"column":null}},"43":{"start":{"line":224,"column":0},"end":{"line":233,"column":null}},"44":{"start":{"line":225,"column":0},"end":{"line":232,"column":null}},"45":{"start":{"line":226,"column":0},"end":{"line":231,"column":null}},"46":{"start":{"line":227,"column":0},"end":{"line":230,"column":null}},"47":{"start":{"line":228,"column":0},"end":{"line":228,"column":null}},"48":{"start":{"line":234,"column":0},"end":{"line":236,"column":null}},"49":{"start":{"line":235,"column":0},"end":{"line":235,"column":null}},"50":{"start":{"line":237,"column":0},"end":{"line":239,"column":null}},"51":{"start":{"line":238,"column":0},"end":{"line":238,"column":null}},"52":{"start":{"line":240,"column":0},"end":{"line":242,"column":null}},"53":{"start":{"line":241,"column":0},"end":{"line":241,"column":null}},"54":{"start":{"line":243,"column":0},"end":{"line":243,"column":null}},"55":{"start":{"line":252,"column":0},"end":{"line":252,"column":null}},"56":{"start":{"line":260,"column":0},"end":{"line":260,"column":null}},"57":{"start":{"line":261,"column":0},"end":{"line":263,"column":null}},"58":{"start":{"line":262,"column":0},"end":{"line":262,"column":null}},"59":{"start":{"line":265,"column":0},"end":{"line":265,"column":null}},"60":{"start":{"line":267,"column":0},"end":{"line":269,"column":null}},"61":{"start":{"line":268,"column":0},"end":{"line":268,"column":null}},"62":{"start":{"line":271,"column":0},"end":{"line":278,"column":null}},"63":{"start":{"line":272,"column":0},"end":{"line":277,"column":null}},"64":{"start":{"line":273,"column":0},"end":{"line":276,"column":null}},"65":{"start":{"line":274,"column":0},"end":{"line":274,"column":null}},"66":{"start":{"line":280,"column":0},"end":{"line":282,"column":null}},"67":{"start":{"line":281,"column":0},"end":{"line":281,"column":null}},"68":{"start":{"line":284,"column":0},"end":{"line":286,"column":null}},"69":{"start":{"line":285,"column":0},"end":{"line":285,"column":null}},"70":{"start":{"line":288,"column":0},"end":{"line":290,"column":null}},"71":{"start":{"line":289,"column":0},"end":{"line":289,"column":null}},"72":{"start":{"line":292,"column":0},"end":{"line":294,"column":null}},"73":{"start":{"line":293,"column":0},"end":{"line":293,"column":null}},"74":{"start":{"line":296,"column":0},"end":{"line":296,"column":null}},"75":{"start":{"line":313,"column":0},"end":{"line":313,"column":null}},"76":{"start":{"line":333,"column":0},"end":{"line":333,"column":null}},"77":{"start":{"line":334,"column":0},"end":{"line":334,"column":null}},"78":{"start":{"line":335,"column":0},"end":{"line":335,"column":null}},"79":{"start":{"line":351,"column":0},"end":{"line":351,"column":null}},"80":{"start":{"line":352,"column":0},"end":{"line":352,"column":null}},"81":{"start":{"line":353,"column":0},"end":{"line":353,"column":null}},"82":{"start":{"line":367,"column":0},"end":{"line":374,"column":null}},"83":{"start":{"line":368,"column":0},"end":{"line":372,"column":null}},"84":{"start":{"line":369,"column":0},"end":{"line":369,"column":null}},"85":{"start":{"line":370,"column":0},"end":{"line":370,"column":null}},"86":{"start":{"line":371,"column":0},"end":{"line":371,"column":null}},"87":{"start":{"line":373,"column":0},"end":{"line":373,"column":null}},"88":{"start":{"line":376,"column":0},"end":{"line":385,"column":null}},"89":{"start":{"line":377,"column":0},"end":{"line":377,"column":null}},"90":{"start":{"line":378,"column":0},"end":{"line":378,"column":null}},"91":{"start":{"line":381,"column":0},"end":{"line":383,"column":null}},"92":{"start":{"line":382,"column":0},"end":{"line":382,"column":null}},"93":{"start":{"line":384,"column":0},"end":{"line":384,"column":null}},"94":{"start":{"line":390,"column":0},"end":{"line":415,"column":null}},"95":{"start":{"line":391,"column":0},"end":{"line":391,"column":null}},"96":{"start":{"line":392,"column":0},"end":{"line":392,"column":null}},"97":{"start":{"line":394,"column":0},"end":{"line":394,"column":null}},"98":{"start":{"line":397,"column":0},"end":{"line":397,"column":null}},"99":{"start":{"line":398,"column":0},"end":{"line":413,"column":null}},"100":{"start":{"line":398,"column":0},"end":{"line":398,"column":null}},"101":{"start":{"line":399,"column":0},"end":{"line":399,"column":null}},"102":{"start":{"line":412,"column":0},"end":{"line":412,"column":null}},"103":{"start":{"line":414,"column":0},"end":{"line":414,"column":null}},"104":{"start":{"line":421,"column":0},"end":{"line":426,"column":null}},"105":{"start":{"line":422,"column":0},"end":{"line":422,"column":null}},"106":{"start":{"line":425,"column":0},"end":{"line":425,"column":null}},"107":{"start":{"line":432,"column":0},"end":{"line":435,"column":null}},"108":{"start":{"line":433,"column":0},"end":{"line":433,"column":null}},"109":{"start":{"line":434,"column":0},"end":{"line":434,"column":null}},"110":{"start":{"line":441,"column":0},"end":{"line":444,"column":null}},"111":{"start":{"line":442,"column":0},"end":{"line":442,"column":null}},"112":{"start":{"line":443,"column":0},"end":{"line":443,"column":null}},"113":{"start":{"line":450,"column":0},"end":{"line":452,"column":null}},"114":{"start":{"line":451,"column":0},"end":{"line":451,"column":null}},"115":{"start":{"line":458,"column":0},"end":{"line":460,"column":null}},"116":{"start":{"line":459,"column":0},"end":{"line":459,"column":null}},"117":{"start":{"line":465,"column":0},"end":{"line":467,"column":null}},"118":{"start":{"line":466,"column":0},"end":{"line":466,"column":null}},"119":{"start":{"line":469,"column":0},"end":{"line":472,"column":null}},"120":{"start":{"line":470,"column":0},"end":{"line":470,"column":null}},"121":{"start":{"line":471,"column":0},"end":{"line":471,"column":null}},"122":{"start":{"line":474,"column":0},"end":{"line":477,"column":null}},"123":{"start":{"line":475,"column":0},"end":{"line":475,"column":null}},"124":{"start":{"line":476,"column":0},"end":{"line":476,"column":null}},"125":{"start":{"line":479,"column":0},"end":{"line":481,"column":null}},"126":{"start":{"line":480,"column":0},"end":{"line":480,"column":null}},"127":{"start":{"line":483,"column":0},"end":{"line":483,"column":null}}},"fnMap":{"0":{"name":"_default","decl":{"start":{"line":57,"column":0},"end":{"line":57,"column":null}},"loc":{"start":{"line":57,"column":0},"end":{"line":57,"column":null}}},"1":{"name":"setup","decl":{"start":{"line":101,"column":0},"end":{"line":101,"column":null}},"loc":{"start":{"line":101,"column":0},"end":{"line":510,"column":null}}},"2":{"name":"selectDate","decl":{"start":{"line":108,"column":0},"end":{"line":108,"column":null}},"loc":{"start":{"line":108,"column":0},"end":{"line":117,"column":null}}},"3":{"name":"showMonthCalendar","decl":{"start":{"line":122,"column":0},"end":{"line":122,"column":null}},"loc":{"start":{"line":122,"column":0},"end":{"line":124,"column":null}}},"4":{"name":"showYearCalendar","decl":{"start":{"line":129,"column":0},"end":{"line":129,"column":null}},"loc":{"start":{"line":129,"column":0},"end":{"line":131,"column":null}}},"5":{"name":"changeMonth","decl":{"start":{"line":136,"column":0},"end":{"line":136,"column":null}},"loc":{"start":{"line":136,"column":0},"end":{"line":140,"column":null}}},"6":{"name":"isPreviousMonthDisabled","decl":{"start":{"line":146,"column":0},"end":{"line":146,"column":null}},"loc":{"start":{"line":146,"column":0},"end":{"line":153,"column":null}}},"7":{"name":"previousMonth","decl":{"start":{"line":158,"column":0},"end":{"line":158,"column":null}},"loc":{"start":{"line":158,"column":0},"end":{"line":162,"column":null}}},"8":{"name":"isNextMonthDisabled","decl":{"start":{"line":168,"column":0},"end":{"line":168,"column":null}},"loc":{"start":{"line":168,"column":0},"end":{"line":175,"column":null}}},"9":{"name":"nextMonth","decl":{"start":{"line":180,"column":0},"end":{"line":180,"column":null}},"loc":{"start":{"line":180,"column":0},"end":{"line":184,"column":null}}},"10":{"name":"isSelectedDate","decl":{"start":{"line":190,"column":0},"end":{"line":190,"column":null}},"loc":{"start":{"line":190,"column":0},"end":{"line":193,"column":null}}},"11":{"name":"isDisabledDate","decl":{"start":{"line":199,"column":0},"end":{"line":199,"column":null}},"loc":{"start":{"line":199,"column":0},"end":{"line":244,"column":null}}},"12":{"name":"(anonymous_12)","decl":{"start":{"line":210,"column":0},"end":{"line":210,"column":null}},"loc":{"start":{"line":210,"column":0},"end":{"line":216,"column":null}}},"13":{"name":"(anonymous_13)","decl":{"start":{"line":225,"column":0},"end":{"line":225,"column":null}},"loc":{"start":{"line":225,"column":0},"end":{"line":232,"column":null}}},"14":{"name":"isDefined","decl":{"start":{"line":251,"column":0},"end":{"line":251,"column":null}},"loc":{"start":{"line":251,"column":0},"end":{"line":253,"column":null}}},"15":{"name":"isHighlightedDate","decl":{"start":{"line":259,"column":0},"end":{"line":259,"column":null}},"loc":{"start":{"line":259,"column":0},"end":{"line":297,"column":null}}},"16":{"name":"(anonymous_16)","decl":{"start":{"line":272,"column":0},"end":{"line":272,"column":null}},"loc":{"start":{"line":272,"column":0},"end":{"line":277,"column":null}}},"17":{"name":"dayClasses","decl":{"start":{"line":302,"column":0},"end":{"line":302,"column":null}},"loc":{"start":{"line":302,"column":0},"end":{"line":324,"column":null}}},"18":{"name":"isHighlightStart","decl":{"start":{"line":332,"column":0},"end":{"line":332,"column":null}},"loc":{"start":{"line":332,"column":0},"end":{"line":342,"column":null}}},"19":{"name":"isHighlightEnd","decl":{"start":{"line":350,"column":0},"end":{"line":350,"column":null}},"loc":{"start":{"line":350,"column":0},"end":{"line":360,"column":null}}},"20":{"name":"(anonymous_20)","decl":{"start":{"line":367,"column":0},"end":{"line":367,"column":null}},"loc":{"start":{"line":367,"column":0},"end":{"line":374,"column":null}}},"21":{"name":"(anonymous_21)","decl":{"start":{"line":376,"column":0},"end":{"line":376,"column":null}},"loc":{"start":{"line":376,"column":0},"end":{"line":385,"column":null}}},"22":{"name":"(anonymous_22)","decl":{"start":{"line":390,"column":0},"end":{"line":390,"column":null}},"loc":{"start":{"line":390,"column":0},"end":{"line":415,"column":null}}},"23":{"name":"(anonymous_23)","decl":{"start":{"line":421,"column":0},"end":{"line":421,"column":null}},"loc":{"start":{"line":421,"column":0},"end":{"line":426,"column":null}}},"24":{"name":"(anonymous_24)","decl":{"start":{"line":432,"column":0},"end":{"line":432,"column":null}},"loc":{"start":{"line":432,"column":0},"end":{"line":435,"column":null}}},"25":{"name":"(anonymous_25)","decl":{"start":{"line":441,"column":0},"end":{"line":441,"column":null}},"loc":{"start":{"line":441,"column":0},"end":{"line":444,"column":null}}},"26":{"name":"(anonymous_26)","decl":{"start":{"line":450,"column":0},"end":{"line":450,"column":null}},"loc":{"start":{"line":450,"column":0},"end":{"line":452,"column":null}}},"27":{"name":"(anonymous_27)","decl":{"start":{"line":458,"column":0},"end":{"line":458,"column":null}},"loc":{"start":{"line":458,"column":0},"end":{"line":460,"column":null}}},"28":{"name":"(anonymous_28)","decl":{"start":{"line":465,"column":0},"end":{"line":465,"column":null}},"loc":{"start":{"line":465,"column":0},"end":{"line":467,"column":null}}},"29":{"name":"(anonymous_29)","decl":{"start":{"line":469,"column":0},"end":{"line":469,"column":null}},"loc":{"start":{"line":469,"column":0},"end":{"line":472,"column":null}}},"30":{"name":"(anonymous_30)","decl":{"start":{"line":474,"column":0},"end":{"line":474,"column":null}},"loc":{"start":{"line":474,"column":0},"end":{"line":477,"column":null}}},"31":{"name":"(anonymous_31)","decl":{"start":{"line":479,"column":0},"end":{"line":479,"column":null}},"loc":{"start":{"line":479,"column":0},"end":{"line":481,"column":null}}}},"branchMap":{"0":{"loc":{"start":{"line":109,"column":0},"end":{"line":116,"column":null}},"type":"if","locations":[{"start":{"line":109,"column":0},"end":{"line":116,"column":null}},{"start":{"line":109,"column":0},"end":{"line":116,"column":null}}]},"1":{"loc":{"start":{"line":111,"column":0},"end":{"line":113,"column":null}},"type":"if","locations":[{"start":{"line":111,"column":0},"end":{"line":113,"column":null}},{"start":{"line":111,"column":0},"end":{"line":113,"column":null}}]},"2":{"loc":{"start":{"line":148,"column":0},"end":{"line":150,"column":null}},"type":"if","locations":[{"start":{"line":148,"column":0},"end":{"line":150,"column":null}},{"start":{"line":148,"column":0},"end":{"line":150,"column":null}}]},"3":{"loc":{"start":{"line":148,"column":0},"end":{"line":148,"column":null}},"type":"binary-expr","locations":[{"start":{"line":148,"column":0},"end":{"line":148,"column":null}},{"start":{"line":148,"column":0},"end":{"line":148,"column":null}}]},"4":{"loc":{"start":{"line":152,"column":0},"end":{"line":152,"column":null}},"type":"binary-expr","locations":[{"start":{"line":152,"column":0},"end":{"line":152,"column":null}},{"start":{"line":152,"column":0},"end":{"line":152,"column":null}}]},"5":{"loc":{"start":{"line":159,"column":0},"end":{"line":161,"column":null}},"type":"if","locations":[{"start":{"line":159,"column":0},"end":{"line":161,"column":null}},{"start":{"line":159,"column":0},"end":{"line":161,"column":null}}]},"6":{"loc":{"start":{"line":170,"column":0},"end":{"line":172,"column":null}},"type":"if","locations":[{"start":{"line":170,"column":0},"end":{"line":172,"column":null}},{"start":{"line":170,"column":0},"end":{"line":172,"column":null}}]},"7":{"loc":{"start":{"line":170,"column":0},"end":{"line":170,"column":null}},"type":"binary-expr","locations":[{"start":{"line":170,"column":0},"end":{"line":170,"column":null}},{"start":{"line":170,"column":0},"end":{"line":170,"column":null}}]},"8":{"loc":{"start":{"line":174,"column":0},"end":{"line":174,"column":null}},"type":"binary-expr","locations":[{"start":{"line":174,"column":0},"end":{"line":174,"column":null}},{"start":{"line":174,"column":0},"end":{"line":174,"column":null}}]},"9":{"loc":{"start":{"line":181,"column":0},"end":{"line":183,"column":null}},"type":"if","locations":[{"start":{"line":181,"column":0},"end":{"line":183,"column":null}},{"start":{"line":181,"column":0},"end":{"line":183,"column":null}}]},"10":{"loc":{"start":{"line":192,"column":0},"end":{"line":192,"column":null}},"type":"cond-expr","locations":[{"start":{"line":192,"column":0},"end":{"line":192,"column":null}},{"start":{"line":192,"column":0},"end":{"line":192,"column":null}}]},"11":{"loc":{"start":{"line":203,"column":0},"end":{"line":203,"column":null}},"type":"if","locations":[{"start":{"line":203,"column":0},"end":{"line":203,"column":null}},{"start":{"line":203,"column":0},"end":{"line":203,"column":null}}]},"12":{"loc":{"start":{"line":205,"column":0},"end":{"line":207,"column":null}},"type":"if","locations":[{"start":{"line":205,"column":0},"end":{"line":207,"column":null}},{"start":{"line":205,"column":0},"end":{"line":207,"column":null}}]},"13":{"loc":{"start":{"line":209,"column":0},"end":{"line":217,"column":null}},"type":"if","locations":[{"start":{"line":209,"column":0},"end":{"line":217,"column":null}},{"start":{"line":209,"column":0},"end":{"line":217,"column":null}}]},"14":{"loc":{"start":{"line":212,"column":0},"end":{"line":215,"column":null}},"type":"if","locations":[{"start":{"line":212,"column":0},"end":{"line":215,"column":null}},{"start":{"line":212,"column":0},"end":{"line":215,"column":null}}]},"15":{"loc":{"start":{"line":218,"column":0},"end":{"line":220,"column":null}},"type":"if","locations":[{"start":{"line":218,"column":0},"end":{"line":220,"column":null}},{"start":{"line":218,"column":0},"end":{"line":220,"column":null}}]},"16":{"loc":{"start":{"line":218,"column":0},"end":{"line":218,"column":null}},"type":"binary-expr","locations":[{"start":{"line":218,"column":0},"end":{"line":218,"column":null}},{"start":{"line":218,"column":0},"end":{"line":218,"column":null}},{"start":{"line":218,"column":0},"end":{"line":218,"column":null}}]},"17":{"loc":{"start":{"line":221,"column":0},"end":{"line":223,"column":null}},"type":"if","locations":[{"start":{"line":221,"column":0},"end":{"line":223,"column":null}},{"start":{"line":221,"column":0},"end":{"line":223,"column":null}}]},"18":{"loc":{"start":{"line":221,"column":0},"end":{"line":221,"column":null}},"type":"binary-expr","locations":[{"start":{"line":221,"column":0},"end":{"line":221,"column":null}},{"start":{"line":221,"column":0},"end":{"line":221,"column":null}},{"start":{"line":221,"column":0},"end":{"line":221,"column":null}}]},"19":{"loc":{"start":{"line":224,"column":0},"end":{"line":233,"column":null}},"type":"if","locations":[{"start":{"line":224,"column":0},"end":{"line":233,"column":null}},{"start":{"line":224,"column":0},"end":{"line":233,"column":null}}]},"20":{"loc":{"start":{"line":226,"column":0},"end":{"line":231,"column":null}},"type":"if","locations":[{"start":{"line":226,"column":0},"end":{"line":231,"column":null}},{"start":{"line":226,"column":0},"end":{"line":231,"column":null}}]},"21":{"loc":{"start":{"line":226,"column":0},"end":{"line":226,"column":null}},"type":"binary-expr","locations":[{"start":{"line":226,"column":0},"end":{"line":226,"column":null}},{"start":{"line":226,"column":0},"end":{"line":226,"column":null}},{"start":{"line":226,"column":0},"end":{"line":226,"column":null}},{"start":{"line":226,"column":0},"end":{"line":226,"column":null}}]},"22":{"loc":{"start":{"line":227,"column":0},"end":{"line":230,"column":null}},"type":"if","locations":[{"start":{"line":227,"column":0},"end":{"line":230,"column":null}},{"start":{"line":227,"column":0},"end":{"line":230,"column":null}}]},"23":{"loc":{"start":{"line":227,"column":0},"end":{"line":227,"column":null}},"type":"binary-expr","locations":[{"start":{"line":227,"column":0},"end":{"line":227,"column":null}},{"start":{"line":227,"column":0},"end":{"line":227,"column":null}}]},"24":{"loc":{"start":{"line":234,"column":0},"end":{"line":236,"column":null}},"type":"if","locations":[{"start":{"line":234,"column":0},"end":{"line":236,"column":null}},{"start":{"line":234,"column":0},"end":{"line":236,"column":null}}]},"25":{"loc":{"start":{"line":234,"column":0},"end":{"line":234,"column":null}},"type":"binary-expr","locations":[{"start":{"line":234,"column":0},"end":{"line":234,"column":null}},{"start":{"line":234,"column":0},"end":{"line":234,"column":null}}]},"26":{"loc":{"start":{"line":237,"column":0},"end":{"line":239,"column":null}},"type":"if","locations":[{"start":{"line":237,"column":0},"end":{"line":239,"column":null}},{"start":{"line":237,"column":0},"end":{"line":239,"column":null}}]},"27":{"loc":{"start":{"line":237,"column":0},"end":{"line":237,"column":null}},"type":"binary-expr","locations":[{"start":{"line":237,"column":0},"end":{"line":237,"column":null}},{"start":{"line":237,"column":0},"end":{"line":237,"column":null}}]},"28":{"loc":{"start":{"line":240,"column":0},"end":{"line":242,"column":null}},"type":"if","locations":[{"start":{"line":240,"column":0},"end":{"line":242,"column":null}},{"start":{"line":240,"column":0},"end":{"line":242,"column":null}}]},"29":{"loc":{"start":{"line":240,"column":0},"end":{"line":240,"column":null}},"type":"binary-expr","locations":[{"start":{"line":240,"column":0},"end":{"line":240,"column":null}},{"start":{"line":240,"column":0},"end":{"line":240,"column":null}}]},"30":{"loc":{"start":{"line":252,"column":0},"end":{"line":252,"column":null}},"type":"binary-expr","locations":[{"start":{"line":252,"column":0},"end":{"line":252,"column":null}},{"start":{"line":252,"column":0},"end":{"line":252,"column":null}}]},"31":{"loc":{"start":{"line":261,"column":0},"end":{"line":263,"column":null}},"type":"if","locations":[{"start":{"line":261,"column":0},"end":{"line":263,"column":null}},{"start":{"line":261,"column":0},"end":{"line":263,"column":null}}]},"32":{"loc":{"start":{"line":261,"column":0},"end":{"line":261,"column":null}},"type":"binary-expr","locations":[{"start":{"line":261,"column":0},"end":{"line":261,"column":null}},{"start":{"line":261,"column":0},"end":{"line":261,"column":null}}]},"33":{"loc":{"start":{"line":267,"column":0},"end":{"line":269,"column":null}},"type":"if","locations":[{"start":{"line":267,"column":0},"end":{"line":269,"column":null}},{"start":{"line":267,"column":0},"end":{"line":269,"column":null}}]},"34":{"loc":{"start":{"line":271,"column":0},"end":{"line":278,"column":null}},"type":"if","locations":[{"start":{"line":271,"column":0},"end":{"line":278,"column":null}},{"start":{"line":271,"column":0},"end":{"line":278,"column":null}}]},"35":{"loc":{"start":{"line":273,"column":0},"end":{"line":276,"column":null}},"type":"if","locations":[{"start":{"line":273,"column":0},"end":{"line":276,"column":null}},{"start":{"line":273,"column":0},"end":{"line":276,"column":null}}]},"36":{"loc":{"start":{"line":280,"column":0},"end":{"line":282,"column":null}},"type":"if","locations":[{"start":{"line":280,"column":0},"end":{"line":282,"column":null}},{"start":{"line":280,"column":0},"end":{"line":282,"column":null}}]},"37":{"loc":{"start":{"line":280,"column":0},"end":{"line":280,"column":null}},"type":"binary-expr","locations":[{"start":{"line":280,"column":0},"end":{"line":280,"column":null}},{"start":{"line":280,"column":0},"end":{"line":280,"column":null}}]},"38":{"loc":{"start":{"line":281,"column":0},"end":{"line":281,"column":null}},"type":"binary-expr","locations":[{"start":{"line":281,"column":0},"end":{"line":281,"column":null}},{"start":{"line":281,"column":0},"end":{"line":281,"column":null}}]},"39":{"loc":{"start":{"line":284,"column":0},"end":{"line":286,"column":null}},"type":"if","locations":[{"start":{"line":284,"column":0},"end":{"line":286,"column":null}},{"start":{"line":284,"column":0},"end":{"line":286,"column":null}}]},"40":{"loc":{"start":{"line":284,"column":0},"end":{"line":284,"column":null}},"type":"binary-expr","locations":[{"start":{"line":284,"column":0},"end":{"line":284,"column":null}},{"start":{"line":284,"column":0},"end":{"line":284,"column":null}}]},"41":{"loc":{"start":{"line":288,"column":0},"end":{"line":290,"column":null}},"type":"if","locations":[{"start":{"line":288,"column":0},"end":{"line":290,"column":null}},{"start":{"line":288,"column":0},"end":{"line":290,"column":null}}]},"42":{"loc":{"start":{"line":288,"column":0},"end":{"line":288,"column":null}},"type":"binary-expr","locations":[{"start":{"line":288,"column":0},"end":{"line":288,"column":null}},{"start":{"line":288,"column":0},"end":{"line":288,"column":null}}]},"43":{"loc":{"start":{"line":292,"column":0},"end":{"line":294,"column":null}},"type":"if","locations":[{"start":{"line":292,"column":0},"end":{"line":294,"column":null}},{"start":{"line":292,"column":0},"end":{"line":294,"column":null}}]},"44":{"loc":{"start":{"line":292,"column":0},"end":{"line":292,"column":null}},"type":"binary-expr","locations":[{"start":{"line":292,"column":0},"end":{"line":292,"column":null}},{"start":{"line":292,"column":0},"end":{"line":292,"column":null}}]},"45":{"loc":{"start":{"line":334,"column":0},"end":{"line":334,"column":null}},"type":"if","locations":[{"start":{"line":334,"column":0},"end":{"line":334,"column":null}},{"start":{"line":334,"column":0},"end":{"line":334,"column":null}}]},"46":{"loc":{"start":{"line":335,"column":0},"end":{"line":335,"column":null}},"type":"binary-expr","locations":[{"start":{"line":335,"column":0},"end":{"line":335,"column":null}},{"start":{"line":335,"column":0},"end":{"line":335,"column":null}},{"start":{"line":335,"column":0},"end":{"line":335,"column":null}},{"start":{"line":335,"column":0},"end":{"line":335,"column":null}},{"start":{"line":335,"column":0},"end":{"line":335,"column":null}}]},"47":{"loc":{"start":{"line":352,"column":0},"end":{"line":352,"column":null}},"type":"if","locations":[{"start":{"line":352,"column":0},"end":{"line":352,"column":null}},{"start":{"line":352,"column":0},"end":{"line":352,"column":null}}]},"48":{"loc":{"start":{"line":353,"column":0},"end":{"line":353,"column":null}},"type":"binary-expr","locations":[{"start":{"line":353,"column":0},"end":{"line":353,"column":null}},{"start":{"line":353,"column":0},"end":{"line":353,"column":null}},{"start":{"line":353,"column":0},"end":{"line":353,"column":null}},{"start":{"line":353,"column":0},"end":{"line":353,"column":null}},{"start":{"line":353,"column":0},"end":{"line":353,"column":null}}]},"49":{"loc":{"start":{"line":368,"column":0},"end":{"line":372,"column":null}},"type":"if","locations":[{"start":{"line":368,"column":0},"end":{"line":372,"column":null}},{"start":{"line":368,"column":0},"end":{"line":372,"column":null}}]},"50":{"loc":{"start":{"line":369,"column":0},"end":{"line":369,"column":null}},"type":"binary-expr","locations":[{"start":{"line":369,"column":0},"end":{"line":369,"column":null}},{"start":{"line":369,"column":0},"end":{"line":369,"column":null}},{"start":{"line":369,"column":0},"end":{"line":369,"column":null}}]},"51":{"loc":{"start":{"line":373,"column":0},"end":{"line":373,"column":null}},"type":"binary-expr","locations":[{"start":{"line":373,"column":0},"end":{"line":373,"column":null}},{"start":{"line":373,"column":0},"end":{"line":373,"column":null}}]},"52":{"loc":{"start":{"line":378,"column":0},"end":{"line":378,"column":null}},"type":"cond-expr","locations":[{"start":{"line":378,"column":0},"end":{"line":378,"column":null}},{"start":{"line":378,"column":0},"end":{"line":378,"column":null}}]},"53":{"loc":{"start":{"line":381,"column":0},"end":{"line":383,"column":null}},"type":"if","locations":[{"start":{"line":381,"column":0},"end":{"line":383,"column":null}},{"start":{"line":381,"column":0},"end":{"line":383,"column":null}}]},"54":{"loc":{"start":{"line":382,"column":0},"end":{"line":382,"column":null}},"type":"cond-expr","locations":[{"start":{"line":382,"column":0},"end":{"line":382,"column":null}},{"start":{"line":382,"column":0},"end":{"line":382,"column":null}}]},"55":{"loc":{"start":{"line":394,"column":0},"end":{"line":394,"column":null}},"type":"cond-expr","locations":[{"start":{"line":394,"column":0},"end":{"line":394,"column":null}},{"start":{"line":394,"column":0},"end":{"line":394,"column":null}}]},"56":{"loc":{"start":{"line":408,"column":0},"end":{"line":408,"column":null}},"type":"binary-expr","locations":[{"start":{"line":408,"column":0},"end":{"line":408,"column":null}},{"start":{"line":408,"column":0},"end":{"line":408,"column":null}}]},"57":{"loc":{"start":{"line":422,"column":0},"end":{"line":422,"column":null}},"type":"cond-expr","locations":[{"start":{"line":422,"column":0},"end":{"line":422,"column":null}},{"start":{"line":422,"column":0},"end":{"line":422,"column":null}}]},"58":{"loc":{"start":{"line":433,"column":0},"end":{"line":433,"column":null}},"type":"binary-expr","locations":[{"start":{"line":433,"column":0},"end":{"line":433,"column":null}},{"start":{"line":433,"column":0},"end":{"line":433,"column":null}}]},"59":{"loc":{"start":{"line":442,"column":0},"end":{"line":442,"column":null}},"type":"binary-expr","locations":[{"start":{"line":442,"column":0},"end":{"line":442,"column":null}},{"start":{"line":442,"column":0},"end":{"line":442,"column":null}}]},"60":{"loc":{"start":{"line":451,"column":0},"end":{"line":451,"column":null}},"type":"binary-expr","locations":[{"start":{"line":451,"column":0},"end":{"line":451,"column":null}},{"start":{"line":451,"column":0},"end":{"line":451,"column":null}},{"start":{"line":451,"column":0},"end":{"line":451,"column":null}},{"start":{"line":451,"column":0},"end":{"line":451,"column":null}}]},"61":{"loc":{"start":{"line":459,"column":0},"end":{"line":459,"column":null}},"type":"cond-expr","locations":[{"start":{"line":459,"column":0},"end":{"line":459,"column":null}},{"start":{"line":459,"column":0},"end":{"line":459,"column":null}}]},"62":{"loc":{"start":{"line":466,"column":0},"end":{"line":466,"column":null}},"type":"cond-expr","locations":[{"start":{"line":466,"column":0},"end":{"line":466,"column":null}},{"start":{"line":466,"column":0},"end":{"line":466,"column":null}}]},"63":{"loc":{"start":{"line":471,"column":0},"end":{"line":471,"column":null}},"type":"cond-expr","locations":[{"start":{"line":471,"column":0},"end":{"line":471,"column":null}},{"start":{"line":471,"column":0},"end":{"line":471,"column":null}}]},"64":{"loc":{"start":{"line":476,"column":0},"end":{"line":476,"column":null}},"type":"cond-expr","locations":[{"start":{"line":476,"column":0},"end":{"line":476,"column":null}},{"start":{"line":476,"column":0},"end":{"line":476,"column":null}}]},"65":{"loc":{"start":{"line":480,"column":0},"end":{"line":480,"column":null}},"type":"binary-expr","locations":[{"start":{"line":480,"column":0},"end":{"line":480,"column":null}},{"start":{"line":480,"column":0},"end":{"line":480,"column":null}},{"start":{"line":480,"column":0},"end":{"line":480,"column":null}}]}},"s":{"0":10,"1":10,"2":2764,"3":3,"4":2,"5":2,"6":0,"7":1,"8":1,"9":0,"10":2,"11":2,"12":2,"13":74,"14":74,"15":63,"16":11,"17":11,"18":2,"19":1,"20":75,"21":75,"22":63,"23":12,"24":12,"25":2,"26":1,"27":2706,"28":2706,"29":6474,"30":6474,"31":9836,"32":3112,"33":0,"34":3112,"35":2230,"36":2358,"37":2358,"38":9,"39":3112,"40":61,"41":3112,"42":101,"43":3112,"44":64,"45":128,"46":128,"47":18,"48":3112,"49":21,"50":3112,"51":9,"52":3112,"53":16,"54":3112,"55":3014,"56":3848,"57":3848,"58":113,"59":3735,"60":3735,"61":2035,"62":1700,"63":95,"64":285,"65":10,"66":1700,"67":1314,"68":1700,"69":31,"70":1700,"71":13,"72":1700,"73":20,"74":1700,"75":2764,"76":2707,"77":4853,"78":561,"79":2707,"80":4853,"81":561,"82":67,"83":67,"84":4,"85":4,"86":4,"87":63,"88":67,"89":79,"90":79,"91":79,"92":6,"93":73,"94":67,"95":90,"96":90,"97":90,"98":90,"99":90,"100":90,"101":2704,"102":2704,"103":90,"104":67,"105":79,"106":79,"107":67,"108":55,"109":55,"110":67,"111":79,"112":79,"113":67,"114":67,"115":67,"116":72,"117":67,"118":72,"119":67,"120":52,"121":52,"122":67,"123":52,"124":52,"125":67,"126":67,"127":67},"f":{"0":2764,"1":67,"2":3,"3":1,"4":0,"5":2,"6":74,"7":2,"8":75,"9":2,"10":2706,"11":6474,"12":2358,"13":128,"14":3014,"15":3848,"16":285,"17":2764,"18":2707,"19":2707,"20":67,"21":79,"22":90,"23":79,"24":55,"25":79,"26":67,"27":72,"28":72,"29":52,"30":52,"31":67},"b":{"0":[2,1],"1":[0,2],"2":[63,11],"3":[74,29],"4":[11,11],"5":[1,1],"6":[63,12],"7":[75,30],"8":[12,12],"9":[1,1],"10":[1986,720],"11":[3362,3112],"12":[0,3112],"13":[2230,882],"14":[9,2349],"15":[61,3051],"16":[3112,622,622],"17":[101,3011],"18":[3112,622,622],"19":[64,3048],"20":[128,0],"21":[128,128,128,128],"22":[18,110],"23":[128,71],"24":[21,3091],"25":[3112,64],"26":[9,3103],"27":[3112,66],"28":[16,3096],"29":[3112,66],"30":[3014,2628],"31":[113,3735],"32":[7696,5456],"33":[2035,1700],"34":[95,1605],"35":[10,275],"36":[1314,386],"37":[1700,1314],"38":[1314,9],"39":[31,1669],"40":[1700,95],"41":[13,1687],"42":[1700,99],"43":[20,1680],"44":[1700,97],"45":[2146,561],"46":[561,23,1,1,1],"47":[2146,561],"48":[561,25,3,3,3],"49":[4,63],"50":[4,4,4],"51":[63,63],"52":[0,79],"53":[6,73],"54":[5,1],"55":[0,90],"56":[2704,2280],"57":[79,158],"58":[55,55],"59":[79,79],"60":[67,67,0,0],"61":[0,72],"62":[0,72],"63":[104,52],"64":[52,0],"65":[67,1,1]}}
,"/Users/shubhadipmaity/projects/vue3-datepicker/src/components/datepicker/PickerMonth.vue": {"path":"/Users/shubhadipmaity/projects/vue3-datepicker/src/components/datepicker/PickerMonth.vue","statementMap":{"0":{"start":{"line":2,"column":0},"end":{"line":2,"column":null}},"1":{"start":{"line":3,"column":0},"end":{"line":3,"column":null}},"2":{"start":{"line":82,"column":0},"end":{"line":84,"column":null}},"3":{"start":{"line":83,"column":0},"end":{"line":83,"column":null}},"4":{"start":{"line":92,"column":0},"end":{"line":92,"column":null}},"5":{"start":{"line":93,"column":0},"end":{"line":93,"column":null}},"6":{"start":{"line":94,"column":0},"end":{"line":94,"column":null}},"7":{"start":{"line":102,"column":0},"end":{"line":102,"column":null}},"8":{"start":{"line":103,"column":0},"end":{"line":105,"column":null}},"9":{"start":{"line":104,"column":0},"end":{"line":104,"column":null}},"10":{"start":{"line":106,"column":0},"end":{"line":106,"column":null}},"11":{"start":{"line":113,"column":0},"end":{"line":115,"column":null}},"12":{"start":{"line":114,"column":0},"end":{"line":114,"column":null}},"13":{"start":{"line":123,"column":0},"end":{"line":123,"column":null}},"14":{"start":{"line":124,"column":0},"end":{"line":126,"column":null}},"15":{"start":{"line":125,"column":0},"end":{"line":125,"column":null}},"16":{"start":{"line":127,"column":0},"end":{"line":127,"column":null}},"17":{"start":{"line":134,"column":0},"end":{"line":136,"column":null}},"18":{"start":{"line":135,"column":0},"end":{"line":135,"column":null}},"19":{"start":{"line":143,"column":0},"end":{"line":143,"column":null}},"20":{"start":{"line":152,"column":0},"end":{"line":152,"column":null}},"21":{"start":{"line":153,"column":0},"end":{"line":153,"column":null}},"22":{"start":{"line":162,"column":0},"end":{"line":162,"column":null}},"23":{"start":{"line":163,"column":0},"end":{"line":163,"column":null}},"24":{"start":{"line":164,"column":0},"end":{"line":164,"column":null}},"25":{"start":{"line":165,"column":0},"end":{"line":167,"column":null}},"26":{"start":{"line":166,"column":0},"end":{"line":166,"column":null}},"27":{"start":{"line":169,"column":0},"end":{"line":176,"column":null}},"28":{"start":{"line":170,"column":0},"end":{"line":175,"column":null}},"29":{"start":{"line":174,"column":0},"end":{"line":174,"column":null}},"30":{"start":{"line":177,"column":0},"end":{"line":184,"column":null}},"31":{"start":{"line":178,"column":0},"end":{"line":183,"column":null}},"32":{"start":{"line":182,"column":0},"end":{"line":182,"column":null}},"33":{"start":{"line":186,"column":0},"end":{"line":188,"column":null}},"34":{"start":{"line":187,"column":0},"end":{"line":187,"column":null}},"35":{"start":{"line":189,"column":0},"end":{"line":189,"column":null}},"36":{"start":{"line":193,"column":0},"end":{"line":210,"column":null}},"37":{"start":{"line":194,"column":0},"end":{"line":194,"column":null}},"38":{"start":{"line":195,"column":0},"end":{"line":195,"column":null}},"39":{"start":{"line":197,"column":0},"end":{"line":197,"column":null}},"40":{"start":{"line":200,"column":0},"end":{"line":208,"column":null}},"41":{"start":{"line":200,"column":0},"end":{"line":200,"column":null}},"42":{"start":{"line":201,"column":0},"end":{"line":201,"column":null}},"43":{"start":{"line":207,"column":0},"end":{"line":207,"column":null}},"44":{"start":{"line":209,"column":0},"end":{"line":209,"column":null}},"45":{"start":{"line":216,"column":0},"end":{"line":219,"column":null}},"46":{"start":{"line":217,"column":0},"end":{"line":217,"column":null}},"47":{"start":{"line":218,"column":0},"end":{"line":218,"column":null}},"48":{"start":{"line":225,"column":0},"end":{"line":227,"column":null}},"49":{"start":{"line":226,"column":0},"end":{"line":226,"column":null}},"50":{"start":{"line":233,"column":0},"end":{"line":235,"column":null}},"51":{"start":{"line":234,"column":0},"end":{"line":234,"column":null}},"52":{"start":{"line":241,"column":0},"end":{"line":244,"column":null}},"53":{"start":{"line":242,"column":0},"end":{"line":242,"column":null}},"54":{"start":{"line":243,"column":0},"end":{"line":243,"column":null}},"55":{"start":{"line":246,"column":0},"end":{"line":249,"column":null}},"56":{"start":{"line":247,"column":0},"end":{"line":247,"column":null}},"57":{"start":{"line":248,"column":0},"end":{"line":248,"column":null}},"58":{"start":{"line":251,"column":0},"end":{"line":254,"column":null}},"59":{"start":{"line":252,"column":0},"end":{"line":252,"column":null}},"60":{"start":{"line":253,"column":0},"end":{"line":253,"column":null}},"61":{"start":{"line":260,"column":0},"end":{"line":263,"column":null}},"62":{"start":{"line":261,"column":0},"end":{"line":261,"column":null}},"63":{"start":{"line":262,"column":0},"end":{"line":262,"column":null}},"64":{"start":{"line":269,"column":0},"end":{"line":274,"column":null}},"65":{"start":{"line":270,"column":0},"end":{"line":270,"column":null}},"66":{"start":{"line":273,"column":0},"end":{"line":273,"column":null}},"67":{"start":{"line":276,"column":0},"end":{"line":278,"column":null}},"68":{"start":{"line":277,"column":0},"end":{"line":277,"column":null}},"69":{"start":{"line":280,"column":0},"end":{"line":280,"column":null}}},"fnMap":{"0":{"name":"setup","decl":{"start":{"line":75,"column":0},"end":{"line":75,"column":null}},"loc":{"start":{"line":75,"column":0},"end":{"line":298,"column":null}}},"1":{"name":"selectMonth","decl":{"start":{"line":81,"column":0},"end":{"line":81,"column":null}},"loc":{"start":{"line":81,"column":0},"end":{"line":85,"column":null}}},"2":{"name":"changeYear","decl":{"start":{"line":91,"column":0},"end":{"line":91,"column":null}},"loc":{"start":{"line":91,"column":0},"end":{"line":95,"column":null}}},"3":{"name":"isPreviousYearDisabled","decl":{"start":{"line":101,"column":0},"end":{"line":101,"column":null}},"loc":{"start":{"line":101,"column":0},"end":{"line":107,"column":null}}},"4":{"name":"previousYear","decl":{"start":{"line":112,"column":0},"end":{"line":112,"column":null}},"loc":{"start":{"line":112,"column":0},"end":{"line":116,"column":null}}},"5":{"name":"isNextYearDisabled","decl":{"start":{"line":122,"column":0},"end":{"line":122,"column":null}},"loc":{"start":{"line":122,"column":0},"end":{"line":128,"column":null}}},"6":{"name":"nextYear","decl":{"start":{"line":133,"column":0},"end":{"line":133,"column":null}},"loc":{"start":{"line":133,"column":0},"end":{"line":137,"column":null}}},"7":{"name":"showYearCalendar","decl":{"start":{"line":142,"column":0},"end":{"line":142,"column":null}},"loc":{"start":{"line":142,"column":0},"end":{"line":144,"column":null}}},"8":{"name":"isSelectedMonth","decl":{"start":{"line":151,"column":0},"end":{"line":151,"column":null}},"loc":{"start":{"line":151,"column":0},"end":{"line":154,"column":null}}},"9":{"name":"isDisabledMonth","decl":{"start":{"line":161,"column":0},"end":{"line":161,"column":null}},"loc":{"start":{"line":161,"column":0},"end":{"line":190,"column":null}}},"10":{"name":"(anonymous_10)","decl":{"start":{"line":193,"column":0},"end":{"line":193,"column":null}},"loc":{"start":{"line":193,"column":0},"end":{"line":210,"column":null}}},"11":{"name":"(anonymous_11)","decl":{"start":{"line":216,"column":0},"end":{"line":216,"column":null}},"loc":{"start":{"line":216,"column":0},"end":{"line":219,"column":null}}},"12":{"name":"(anonymous_12)","decl":{"start":{"line":225,"column":0},"end":{"line":225,"column":null}},"loc":{"start":{"line":225,"column":0},"end":{"line":227,"column":null}}},"13":{"name":"(anonymous_13)","decl":{"start":{"line":233,"column":0},"end":{"line":233,"column":null}},"loc":{"start":{"line":233,"column":0},"end":{"line":235,"column":null}}},"14":{"name":"(anonymous_14)","decl":{"start":{"line":241,"column":0},"end":{"line":241,"column":null}},"loc":{"start":{"line":241,"column":0},"end":{"line":244,"column":null}}},"15":{"name":"(anonymous_15)","decl":{"start":{"line":246,"column":0},"end":{"line":246,"column":null}},"loc":{"start":{"line":246,"column":0},"end":{"line":249,"column":null}}},"16":{"name":"(anonymous_16)","decl":{"start":{"line":251,"column":0},"end":{"line":251,"column":null}},"loc":{"start":{"line":251,"column":0},"end":{"line":254,"column":null}}},"17":{"name":"(anonymous_17)","decl":{"start":{"line":260,"column":0},"end":{"line":260,"column":null}},"loc":{"start":{"line":260,"column":0},"end":{"line":263,"column":null}}},"18":{"name":"(anonymous_18)","decl":{"start":{"line":269,"column":0},"end":{"line":269,"column":null}},"loc":{"start":{"line":269,"column":0},"end":{"line":274,"column":null}}},"19":{"name":"(anonymous_19)","decl":{"start":{"line":276,"column":0},"end":{"line":276,"column":null}},"loc":{"start":{"line":276,"column":0},"end":{"line":278,"column":null}}}},"branchMap":{"0":{"loc":{"start":{"line":82,"column":0},"end":{"line":84,"column":null}},"type":"if","locations":[{"start":{"line":82,"column":0},"end":{"line":84,"column":null}},{"start":{"line":82,"column":0},"end":{"line":84,"column":null}}]},"1":{"loc":{"start":{"line":103,"column":0},"end":{"line":105,"column":null}},"type":"if","locations":[{"start":{"line":103,"column":0},"end":{"line":105,"column":null}},{"start":{"line":103,"column":0},"end":{"line":105,"column":null}}]},"2":{"loc":{"start":{"line":103,"column":0},"end":{"line":103,"column":null}},"type":"binary-expr","locations":[{"start":{"line":103,"column":0},"end":{"line":103,"column":null}},{"start":{"line":103,"column":0},"
[...]
"column":null}},"43":{"start":{"line":120,"column":4},"end":{"line":120,"column":10}},"44":{"start":{"line":122,"column":2},"end":{"line":122,"column":9}},"45":{"start":{"line":131,"column":28},"end":{"line":142,"column":null}},"46":{"start":{"line":132,"column":2},"end":{"line":134,"column":null}},"47":{"start":{"line":133,"column":4},"end":{"line":133,"column":10}},"48":{"start":{"line":135,"column":2},"end":{"line":137,"column":null}},"49":{"start":{"line":136,"column":4},"end":{"line":136,"column":11}},"50":{"start":{"line":138,"column":2},"end":{"line":140,"column":null}},"51":{"start":{"line":139,"column":4},"end":{"line":139,"column":11}},"52":{"start":{"line":141,"column":2},"end":{"line":141,"column":8}},"53":{"start":{"line":149,"column":32},"end":{"line":160,"column":null}},"54":{"start":{"line":150,"column":2},"end":{"line":152,"column":null}},"55":{"start":{"line":151,"column":4},"end":{"line":151,"column":10}},"56":{"start":{"line":153,"column":2},"end":{"line":155,"column":null}},"57":{"start":{"line":154,"column":4},"end":{"line":154,"column":11}},"58":{"start":{"line":156,"column":2},"end":{"line":158,"column":null}},"59":{"start":{"line":157,"column":4},"end":{"line":157,"column":11}},"60":{"start":{"line":159,"column":2},"end":{"line":159,"column":8}},"61":{"start":{"line":169,"column":27},"end":{"line":188,"column":null}},"62":{"start":{"line":170,"column":2},"end":{"line":172,"column":null}},"63":{"start":{"line":171,"column":4},"end":{"line":171,"column":11}},"64":{"start":{"line":173,"column":2},"end":{"line":178,"column":null}},"65":{"start":{"line":174,"column":4},"end":{"line":176,"column":null}},"66":{"start":{"line":175,"column":6},"end":{"line":175,"column":13}},"67":{"start":{"line":177,"column":4},"end":{"line":177,"column":11}},"68":{"start":{"line":179,"column":2},"end":{"line":179,"column":9}},"69":{"start":{"line":195,"column":28},"end":{"line":210,"column":null}},"70":{"start":{"line":196,"column":2},"end":{"line":196,"column":10}},"71":{"start":{"line":200,"column":6},"end":{"line":200,"column":13}},"72":{"start":{"line":203,"column":6},"end":{"line":203,"column":13}},"73":{"start":{"line":206,"column":6},"end":{"line":206,"column":13}},"74":{"start":{"line":208,"column":6},"end":{"line":208,"column":13}},"75":{"start":{"line":219,"column":26},"end":{"line":255,"column":null}},"76":{"start":{"line":240,"column":15},"end":{"line":240,"column":27}},"77":{"start":{"line":241,"column":16},"end":{"line":241,"column":null}},"78":{"start":{"line":242,"column":14},"end":{"line":242,"column":22}},"79":{"start":{"line":243,"column":14},"end":{"line":243,"column":20}},"80":{"start":{"line":254,"column":2},"end":{"line":254,"column":9}},"81":{"start":{"line":263,"column":31},"end":{"line":270,"column":null}},"82":{"start":{"line":264,"column":16},"end":{"line":264,"column":null}},"83":{"start":{"line":265,"column":2},"end":{"line":268,"column":null}},"84":{"start":{"line":266,"column":4},"end":{"line":266,"column":9}},"85":{"start":{"line":267,"column":4},"end":{"line":267,"column":9}},"86":{"start":{"line":269,"column":2},"end":{"line":269,"column":9}},"87":{"start":{"line":277,"column":33},"end":{"line":279,"column":null}},"88":{"start":{"line":278,"column":2},"end":{"line":278,"column":9}},"89":{"start":{"line":281,"column":28},"end":{"line":286,"column":null}},"90":{"start":{"line":282,"column":2},"end":{"line":284,"column":null}},"91":{"start":{"line":283,"column":4},"end":{"line":283,"column":11}},"92":{"start":{"line":285,"column":2},"end":{"line":285,"column":9}}},"fnMap":{"0":{"name":"getFullYear","decl":{"start":{"line":7,"column":13},"end":{"line":7,"column":24}},"loc":{"start":{"line":7,"column":66},"end":{"line":9,"column":null}}},"1":{"name":"getMonth","decl":{"start":{"line":15,"column":13},"end":{"line":15,"column":21}},"loc":{"start":{"line":15,"column":63},"end":{"line":17,"column":null}}},"2":{"name":"getDate","decl":{"start":{"line":23,"column":13},"end":{"line":23,"column":20}},"loc":{"start":{"line":23,"column":62},"end":{"line":25,"column":null}}},"3":{"name":"getDay","decl":{"start":{"line":31,"column":13},"end":{"line":31,"column":19}},"loc":{"start":{"line":31,"column":61},"end":{"line":33,"column":null}}},"4":{"name":"getHours","decl":{"start":{"line":39,"column":13},"end":{"line":39,"column":21}},"loc":{"start":{"line":39,"column":63},"end":{"line":41,"column":null}}},"5":{"name":"getMinutes","decl":{"start":{"line":47,"column":13},"end":{"line":47,"column":23}},"loc":{"start":{"line":47,"column":65},"end":{"line":49,"column":null}}},"6":{"name":"setFullYear","decl":{"start":{"line":55,"column":13},"end":{"line":55,"column":24}},"loc":{"start":{"line":55,"column":78},"end":{"line":57,"column":null}}},"7":{"name":"setMonth","decl":{"start":{"line":63,"column":13},"end":{"line":63,"column":21}},"loc":{"start":{"line":63,"column":75},"end":{"line":65,"column":null}}},"8":{"name":"setDate","decl":{"start":{"line":72,"column":13},"end":{"line":72,"column":20}},"loc":{"start":{"line":72,"column":74},"end":{"line":74,"column":null}}},"9":{"name":"compareDates","decl":{"start":{"line":82,"column":13},"end":{"line":82,"column":25}},"loc":{"start":{"line":86,"column":13},"end":{"line":98,"column":null}}},"10":{"name":"isValidDate","decl":{"start":{"line":105,"column":13},"end":{"line":105,"column":24}},"loc":{"start":{"line":105,"column":72},"end":{"line":110,"column":null}}},"11":{"name":"getDayNameAbbr","decl":{"start":{"line":118,"column":13},"end":{"line":118,"column":27}},"loc":{"start":{"line":118,"column":80},"end":{"line":123,"column":null}}},"12":{"name":"getMonthName","decl":{"start":{"line":131,"column":13},"end":{"line":131,"column":25}},"loc":{"start":{"line":131,"column":78},"end":{"line":142,"column":null}}},"13":{"name":"getMonthNameAbbr","decl":{"start":{"line":149,"column":13},"end":{"line":149,"column":29}},"loc":{"start":{"line":149,"column":86},"end":{"line":160,"column":null}}},"14":{"name":"daysInMonth","decl":{"start":{"line":169,"column":13},"end":{"line":169,"column":24}},"loc":{"start":{"line":169,"column":76},"end":{"line":188,"column":null}}},"15":{"name":"getNthSuffix","decl":{"start":{"line":195,"column":13},"end":{"line":195,"column":25}},"loc":{"start":{"line":195,"column":49},"end":{"line":210,"column":null}}},"16":{"name":"formatDate","decl":{"start":{"line":219,"column":13},"end":{"line":219,"column":23}},"loc":{"start":{"line":239,"column":12},"end":{"line":255,"column":null}}},"17":{"name":"createDateArray","decl":{"start":{"line":263,"column":13},"end":{"line":263,"column":28}},"loc":{"start":{"line":263,"column":86},"end":{"line":270,"column":null}}},"18":{"name":"validateDateInput","decl":{"start":{"line":277,"column":13},"end":{"line":277,"column":30}},"loc":{"start":{"line":277,"column":55},"end":{"line":279,"column":null}}},"19":{"name":"stringToDate","decl":{"start":{"line":281,"column":13},"end":{"line":281,"column":25}},"loc":{"start":{"line":281,"column":59},"end":{"line":286,"column":null}}}},"branchMap":{"0":{"loc":{"start":{"line":7,"column":66},"end":{"line":7,"column":null}},"type":"cond-expr","locations":[{"start":{"line":7,"column":66},"end":{"line":7,"column":null}},{"start":{"line":7,"column":49},"end":{"line":7,"column":66}}]},"1":{"loc":{"start":{"line":7,"column":66},"end":{"line":7,"column":null}},"type":"binary-expr","locations":[{"start":{"line":7,"column":66},"end":{"line":7,"column":null}},{"start":{"line":7,"column":66},"end":{"line":7,"column":null}}]},"2":{"loc":{"start":{"line":8,"column":18},"end":{"line":8,"column":22}},"type":"cond-expr","locations":[{"start":{"line":8,"column":18},"end":{"line":8,"column":22}},{"start":{"line":8,"column":42},"end":{"line":8,"column":46}}]},"3":{"loc":{"start":{"line":15,"column":63},"end":{"line":15,"column":null}},"type":"cond-expr","locations":[{"start":{"line":15,"column":63},"end":{"line":15,"column":null}},{"start":{"line":15,"column":46},"end":{"line":15,"column":63}}]},"4":{"loc":{"start":{"line":15,"column":63},"end":{"line":15,"column":null}},"type":"binary-expr","locations":[{"start":{"line":15,"column":63},"end":{"line":15,"column":null}},{"start":{"line":15,"column":63},"end":{"line":15,"column":null}}]},"5":{"loc":{"start":{"line":16,"column":18},"end":{"line":16,"column":22}},"type":"cond-expr","locations":[{"start":{"line":16,"column":18},"end":{"line":16,"column":22}},{"start":{"line":16,"column":39},"end":{"line":16,"column":43}}]},"6":{"loc":{"start":{"line":23,"column":62},"end":{"line":23,"column":null}},"type":"cond-expr","locations":[{"start":{"line":23,"column":62},"end":{"line":23,"column":null}},{"start":{"line":23,"column":45},"end":{"line":23,"column":62}}]},"7":{"loc":{"start":{"line":23,"column":62},"end":{"line":23,"column":null}},"type":"binary-expr","locations":[{"start":{"line":23,"column":62},"end":{"line":23,"column":null}},{"start":{"line":23,"column":62},"end":{"line":23,"column":null}}]},"8":{"loc":{"start":{"line":24,"column":18},"end":{"line":24,"column":22}},"type":"cond-expr","locations":[{"start":{"line":24,"column":18},"end":{"line":24,"column":22}},{"start":{"line":24,"column":38},"end":{"line":24,"column":42}}]},"9":{"loc":{"start":{"line":31,"column":61},"end":{"line":31,"column":null}},"type":"cond-expr","locations":[{"start":{"line":31,"column":61},"end":{"line":31,"column":null}},{"start":{"line":31,"column":44},"end":{"line":31,"column":61}}]},"10":{"loc":{"start":{"line":31,"column":61},"end":{"line":31,"column":null}},"type":"binary-expr","locations":[{"start":{"line":31,"column":61},"end":{"line":31,"column":null}},{"start":{"line":31,"column":61},"end":{"line":31,"column":null}}]},"11":{"loc":{"start":{"line":32,"column":18},"end":{"line":32,"column":22}},"type":"cond-expr","locations":[{"start":{"line":32,"column":18},"end":{"line":32,"column":22}},{"start":{"line":32,"column":37},"end":{"line":32,"column":41}}]},"12":{"loc":{"start":{"line":39,"column":63},"end":{"line":39,"column":null}},"type":"cond-expr","locations":[{"start":{"line":39,"column":63},"end":{"line":39,"column":null}},{"start":{"line":39,"column":46},"end":{"line":39,"column":63}}]},"13":{"loc":{"start":{"line":39,"column":63},"end":{"line":39,"column":null}},"type":"binary-expr","locations":[{"start":{"line":39,"column":63},"end":{"line":39,"column":null}},{"start":{"line":39,"column":63},"end":{"line":39,"column":null}}]},"14":{"loc":{"start":{"line":40,"column":18},"end":{"line":40,"column":22}},"type":"cond-expr","locations":[{"start":{"line":40,"column":18},"end":{"line":40,"column":22}},{"start":{"line":40,"column":39},"end":{"line":40,"column":43}}]},"15":{"loc":{"start":{"line":47,"column":65},"end":{"line":47,"column":null}},"type":"cond-expr","locations":[{"start":{"line":47,"column":65},"end":{"line":47,"column":null}},{"start":{"line":47,"column":48},"end":{"line":47,"column":65}}]},"16":{"loc":{"start":{"line":47,"column":65},"end":{"line":47,"column":null}},"type":"binary-expr","locations":[{"start":{"line":47,"column":65},"end":{"line":47,"column":null}},{"start":{"line":47,"column":65},"end":{"line":47,"column":null}}]},"17":{"loc":{"start":{"line":48,"column":18},"end":{"line":48,"column":22}},"type":"cond-expr","locations":[{"start":{"line":48,"column":18},"end":{"line":48,"column":22}},{"start":{"line":48,"column":41},"end":{"line":48,"column":45}}]},"18":{"loc":{"start":{"line":55,"column":78},"end":{"line":55,"column":null}},"type":"cond-expr","locations":[{"start":{"line":55,"column":78},"end":{"line":55,"column":null}},{"start":{"line":55,"column":61},"end":{"line":55,"column":78}}]},"19":{"loc":{"start":{"line":55,"column":78},"end":{"line":55,"column":null}},"type":"binary-expr","locations":[{"start":{"line":55,"column":78},"end":{"line":55,"column":null}},{"start":{"line":55,"column":78},"end":{"line":55,"column":null}}]},"20":{"loc":{"start":{"line":56,"column":18},"end":{"line":56,"column":22}},"type":"cond-expr","locations":[{"start":{"line":56,"column":18},"end":{"line":56,"column":22}},{"start":{"line":56,"column":47},"end":{"line":56,"column":51}}]},"21":{"loc":{"start":{"line":63,"column":75},"end":{"line":63,"column":null}},"type":"cond-expr","locations":[{"start":{"line":63,"column":75},"end":{"line":63,"column":null}},{"start":{"line":63,"column":58},"end":{"line":63,"column":75}}]},"22":{"loc":{"start":{"line":63,"column":75},"end":{"line":63,"column":null}},"type":"binary-expr","locations":[{"start":{"line":63,"column":75},"end":{"line":63,"column":null}},{"start":{"line":63,"column":75},"end":{"line":63,"column":null}}]},"23":{"loc":{"start":{"line":64,"column":18},"end":{"line":64,"column":22}},"type":"cond-expr","locations":[{"start":{"line":64,"column":18},"end":{"line":64,"column":22}},{"start":{"line":64,"column":44},"end":{"line":64,"column":48}}]},"24":{"loc":{"start":{"line":72,"column":74},"end":{"line":72,"column":null}},"type":"cond-expr","locations":[{"start":{"line":72,"column":74},"end":{"line":72,"column":null}},{"start":{"line":72,"column":57},"end":{"line":72,"column":74}}]},"25":{"loc":{"start":{"line":72,"column":74},"end":{"line":72,"column":null}},"type":"binary-expr","locations":[{"start":{"line":72,"column":74},"end":{"line":72,"column":null}},{"start":{"line":72,"column":74},"end":{"line":72,"column":null}}]},"26":{"loc":{"start":{"line":73,"column":18},"end":{"line":73,"column":22}},"type":"cond-expr","locations":[{"start":{"line":73,"column":18},"end":{"line":73,"column":22}},{"start":{"line":73,"column":43},"end":{"line":73,"column":47}}]},"27":{"loc":{"start":{"line":86,"column":13},"end":{"line":86,"column":null}},"type":"cond-expr","locations":[{"start":{"line":86,"column":13},"end":{"line":86,"column":null}},{"start":{"line":85,"column":11},"end":{"line":85,"column":null}}]},"28":{"loc":{"start":{"line":86,"column":13},"end":{"line":86,"column":null}},"type":"binary-expr","locations":[{"start":{"line":86,"column":13},"end":{"line":86,"column":null}},{"start":{"line":86,"column":13},"end":{"line":86,"column":null}}]},"29":{"loc":{"start":{"line":90,"column":2},"end":{"line":96,"column":null}},"type":"if","locations":[{"start":{"line":90,"column":2},"end":{"line":96,"column":null}},{"start":{"line":90,"column":2},"end":{"line":96,"column":null}}]},"30":{"loc":{"start":{"line":106,"column":2},"end":{"line":108,"column":null}},"type":"if","locations":[{"start":{"line":106,"column":2},"end":{"line":108,"column":null}},{"start":{"line":106,"column":2},"end":{"line":108,"column":null}}]},"31":{"loc":{"start":{"line":119,"column":2},"end":{"line":121,"column":null}},"type":"if","locations":[{"start":{"line":119,"column":2},"end":{"line":121,"column":null}},{"start":{"line":119,"column":2},"end":{"line":121,"column":null}}]},"32":{"loc":{"start":{"line":132,"column":2},"end":{"line":134,"column":null}},"type":"if","locations":[{"start":{"line":132,"column":2},"end":{"line":134,"column":null}},{"start":{"line":132,"column":2},"end":{"line":134,"column":null}}]},"33":{"loc":{"start":{"line":135,"column":2},"end":{"line":137,"column":null}},"type":"if","locations":[{"start":{"line":135,"column":2},"end":{"line":137,"column":null}},{"start":{"line":135,"column":2},"end":{"line":137,"column":null}}]},"34":{"loc":{"start":{"line":138,"column":2},"end":{"line":140,"column":null}},"type":"if","locations":[{"start":{"line":138,"column":2},"end":{"line":140,"column":null}},{"start":{"line":138,"column":2},"end":{"line":140,"column":null}}]},"35":{"loc":{"start":{"line":150,"column":2},"end":{"line":152,"column":null}},"type":"if","locations":[{"start":{"line":150,"column":2},"end":{"line":152,"column":null}},{"start":{"line":150,"column":2},"end":{"line":152,"column":null}}]},"36":{"loc":{"start":{"line":153,"column":2},"end":{"line":155,"column":null}},"type":"if","locations":[{"start":{"line":153,"column":2},"end":{"line":155,"column":null}},{"start":{"line":153,"column":2},"end":{"line":155,"column":null}}]},"37":{"loc":{"start":{"line":156,"column":2},"end":{"line":158,"column":null}},"type":"if","locations":[{"start":{"line":156,"column":2},"end":{"line":158,"column":null}},{"start":{"line":156,"column":2},"end":{"line":158,"column":null}}]},"38":{"loc":{"start":{"line":170,"column":2},"end":{"line":172,"column":null}},"type":"if","locations":[{"start":{"line":170,"column":2},"end":{"line":172,"column":null}},{"start":{"line":170,"column":2},"end":{"line":172,"column":null}}]},"39":{"loc":{"start":{"line":173,"column":2},"end":{"line":178,"column":null}},"type":"if","locations":[{"start":{"line":173,"column":2},"end":{"line":178,"column":null}},{"start":{"line":173,"column":2},"end":{"line":178,"column":null}}]},"40":{"loc":{"start":{"line":174,"column":4},"end":{"line":176,"column":null}},"type":"if","locations":[{"start":{"line":174,"column":4},"end":{"line":176,"column":null}},{"start":{"line":174,"column":4},"end":{"line":176,"column":null}}]},"41":{"loc":{"start":{"line":174,"column":9},"end":{"line":174,"column":11}},"type":"binary-expr","locations":[{"start":{"line":174,"column":9},"end":{"line":174,"column":11}},{"start":{"line":174,"column":24},"end":{"line":174,"column":39}},{"start":{"line":174,"column":39},"end":{"line":174,"column":41}}]},"42":{"loc":{"start":{"line":197,"column":4},"end":{"line":197,"column":9}},"type":"switch","locations":[{"start":{"line":197,"column":4},"end":{"line":197,"column":9}},{"start":{"line":198,"column":4},"end":{"line":198,"column":9}},{"start":{"line":199,"column":4},"end":{"line":200,"column":13}},{"start":{"line":201,"column":4},"end":{"line":201,"column":9}},{"start":{"line":202,"column":4},"end":{"line":203,"column":13}},{"start":{"line":204,"column":4},"end":{"line":204,"column":9}},{"start":{"line":205,"column":4},"end":{"line":206,"column":13}},{"start":{"line":207,"column":4},"end":{"line":208,"column":13}}]},"43":{"loc":{"start":{"line":278,"column":9},"end":{"line":278,"column":25}},"type":"binary-expr","locations":[{"start":{"line":278,"column":9},"end":{"line":278,"column":25}},{"start":{"line":278,"column":25},"end":{"line":278,"column":48}},{"start":{"line":278,"column":48},"end":{"line":278,"column":75}},{"start":{"line":278,"column":75},"end":{"line":278,"column":null}}]},"44":{"loc":{"start":{"line":282,"column":2},"end":{"line":284,"column":null}},"type":"if","locations":[{"start":{"line":282,"column":2},"end":{"line":284,"column":null}},{"start":{"line":282,"column":2},"end":{"line":284,"column":null}}]}},"s":{"0":17,"1":3935,"2":3935,"3":17,"4":1950,"5":1950,"6":17,"7":5798,"8":5798,"9":17,"10":10799,"11":10799,"12":17,"13":2,"14":2,"15":17,"16":2,"17":2,"18":17,"19":666,"20":666,"21":17,"22":688,"23":688,"24":17,"25":2779,"26":2779,"27":17,"28":7333,"29":7333,"30":7333,"31":7333,"32":0,"33":0,"34":7333,"35":7333,"36":7333,"37":17,"38":5,"39":4,"40":1,"41":17,"42":163,"43":1,"44":162,"45":17,"46":859,"47":1,"48":858,"49":1,"50":857,"51":856,"52":1,"53":17,"54":131,"55":1,"56":130,"57":1,"58":129,"59":128,"60":1,"61":17,"62":118,"63":37,"64":81,"65":27,"66":14,"67":13,"68":54,"69":17,"70":48,"71":5,"72":3,"73":1,"74":39,"75":17,"76":48,"77":48,"78":48,"79":48,"80":48,"81":17,"82":1,"83":1,"84":5,"85":5,"86":1,"87":17,"88":4,"89":17,"90":4317,"91":0,"92":4317},"f":{"0":3935,"1":1950,"2":5798,"3":10799,"4":2,"5":2,"6":666,"7":688,"8":2779,"9":7333,"10":5,"11":163,"12":859,"13":131,"14":118,"15":48,"16":48,"17":1,"18":4,"19":4317},"b":{"0":[1,3934],"1":[3935,1],"2":[1,3934],"3":[1,1949],"4":[1950,1],"5":[1,1949],"6":[1,5797],"7":[5798,1],"8":[1,5797],"9":[1,10798],"10":[10799,1],"11":[1,10798],"12":[1,1],"13":[2,1],"14":[1,1],"15":[1,1],"16":[2,1],"17":[1,1],"18":[1,665],"19":[666,1],"20":[1,665],"21":[1,687],"22":[688,1],"23":[1,687],"24":[1,2778],"25":[2779,1],"26":[1,2778],"27":[0,7333],"28":[7333,0],"29":[0,7333],"30":[4,1],"31":[1,162],"32":[1,858],"33":[1,857],"34":[856,1],"35":[1,130],"36":[1,129],"37":[128,1],"38":[37,81],"39":[27,54],"40":[14,13],"41":[27,14,13],"42":[5,5,5,3,3,1,1,39],"43":[4,4,0,0],"44":[0,4317]}}
}
