TN:
SF:src/App.vue
FN:10,data
FN:29,handleCalendarClose
FN:32,handleSelectDate
FN:35,handleChangedMonth
FN:38,handleChangedYear
FN:41,handleChangedDay
FN:44,dateSelected
FN:47,checkDatePicker
FN:51,changedVmodel
FN:54,changeDefaultValue
FNF:10
FNH:0
FNDA:0,data
FNDA:0,handleCalendarClose
FNDA:0,handleSelectDate
FNDA:0,handleChangedMonth
FNDA:0,handleChangedYear
FNDA:0,handleChangedDay
FNDA:0,dateSelected
FNDA:0,checkDatePicker
FNDA:0,changedVmodel
FNDA:0,changeDefaultValue
DA:2,0
DA:3,0
DA:11,0
DA:30,0
DA:33,0
DA:36,0
DA:39,0
DA:42,0
DA:45,0
DA:48,0
DA:49,0
DA:52,0
DA:55,0
LF:13
LH:0
BRF:0
BRH:0
end_of_record
TN:
SF:src/main.ts
FNF:0
FNH:0
DA:1,0
DA:2,0
DA:3,0
DA:5,0
DA:7,0
DA:9,0
LF:6
LH:0
BRF:0
BRH:0
end_of_record
TN:
SF:src/components/datepicker/DateInput.vue
FN:82,setup
FN:86,(anonymous_1)
FN:99,(anonymous_2)
FN:125,(anonymous_3)
FN:126,(anonymous_4)
FN:135,showCalendar
FN:143,parseTypedDate
FN:165,clearDate
FN:173,inputBlurred
FNF:9
FNH:0
FNDA:0,setup
FNDA:0,(anonymous_1)
FNDA:0,(anonymous_2)
FNDA:0,(anonymous_3)
FNDA:0,(anonymous_4)
FNDA:0,showCalendar
FNDA:0,parseTypedDate
FNDA:0,clearDate
FNDA:0,inputBlurred
DA:2,0
DA:3,0
DA:83,0
DA:84,0
DA:86,0
DA:87,0
DA:88,0
DA:89,0
DA:92,0
DA:96,0
DA:99,0
DA:100,0
DA:101,0
DA:103,0
DA:104,0
DA:107,0
DA:112,0
DA:113,0
DA:114,0
DA:115,0
DA:116,0
DA:117,0
DA:121,0
DA:125,0
DA:126,0
DA:128,0
DA:136,0
DA:144,0
DA:150,0
DA:152,0
DA:153,0
DA:154,0
DA:155,0
DA:156,0
DA:157,0
DA:166,0
DA:174,0
DA:175,0
DA:177,0
DA:178,0
DA:180,0
DA:183,0
LF:42
LH:0
BRDA:87,0,0,0
BRDA:87,0,1,0
BRDA:88,1,0,0
BRDA:88,1,1,0
BRDA:100,2,0,0
BRDA:100,2,1,0
BRDA:103,3,0,0
BRDA:103,3,1,0
BRDA:107,4,0,0
BRDA:107,4,1,0
BRDA:112,5,0,0
BRDA:112,5,1,0
BRDA:114,6,0,0
BRDA:114,6,1,0
BRDA:116,7,0,0
BRDA:116,7,1,0
BRDA:144,8,0,0
BRDA:144,8,1,0
BRDA:152,9,0,0
BRDA:152,9,1,0
BRDA:155,10,0,0
BRDA:155,10,1,0
BRDA:174,11,0,0
BRDA:174,11,1,0
BRDA:174,12,0,0
BRDA:174,12,1,0
BRF:26
BRH:0
end_of_record
TN:
SF:src/components/datepicker/Datepicker.vue
FN:38,validator
FN:134,setup
FN:151,(anonymous_2)
FN:158,(anonymous_3)
FN:162,(anonymous_4)
FN:167,(anonymous_5)
FN:171,(anonymous_6)
FN:177,(anonymous_7)
FN:181,(anonymous_8)
FN:189,setPageDate
FN:205,allowedToShowView
FN:218,close
FN:233,showDayCalendar
FN:245,showMonthCalendar
FN:257,showYearCalendar
FN:268,setInitialView
FN:291,showCalendar
FN:306,setDate1
FN:321,clearDate
FN:336,selectDate
FN:346,selectDisabledDate
FN:352,selectMonth
FN:366,selectYear
FN:381,setValue
FN:399,handleChangedMonthFromDayPicker
FN:407,setTypedDate
FN:414,init
FN:426,closeOnClickOutside
FN:430,(anonymous_28)
FN:431,(anonymous_29)
FN:436,(anonymous_30)
FN:437,(anonymous_31)
FN:442,(anonymous_32)
FN:443,(anonymous_33)
FN:448,(anonymous_34)
FN:449,(anonymous_35)
FNF:36
FNH:0
FNDA:0,validator
FNDA:0,setup
FNDA:0,(anonymous_2)
FNDA:0,(anonymous_3)
FNDA:0,(anonymous_4)
FNDA:0,(anonymous_5)
FNDA:0,(anonymous_6)
FNDA:0,(anonymous_7)
FNDA:0,(anonymous_8)
FNDA:0,setPageDate
FNDA:0,allowedToShowView
FNDA:0,close
FNDA:0,showDayCalendar
FNDA:0,showMonthCalendar
FNDA:0,showYearCalendar
FNDA:0,setInitialView
FNDA:0,showCalendar
FNDA:0,setDate1
FNDA:0,clearDate
FNDA:0,selectDate
FNDA:0,selectDisabledDate
FNDA:0,selectMonth
FNDA:0,selectYear
FNDA:0,setValue
FNDA:0,handleChangedMonthFromDayPicker
FNDA:0,setTypedDate
FNDA:0,init
FNDA:0,closeOnClickOutside
FNDA:0,(anonymous_28)
FNDA:0,(anonymous_29)
FNDA:0,(anonymous_30)
FNDA:0,(anonymous_31)
FNDA:0,(anonymous_32)
FNDA:0,(anonymous_33)
FNDA:0,(anonymous_34)
FNDA:0,(anonymous_35)
DA:2,0
DA:3,0
DA:4,0
DA:5,0
DA:6,0
DA:7,0
DA:8,0
DA:9,0
DA:38,0
DA:135,0
DA:136,0
DA:137,0
DA:138,0
DA:139,0
DA:140,0
DA:142,0
DA:144,0
DA:145,0
DA:146,0
DA:147,0
DA:148,0
DA:151,0
DA:152,0
DA:153,0
DA:155,0
DA:158,0
DA:159,0
DA:162,0
DA:163,0
DA:164,0
DA:167,0
DA:168,0
DA:171,0
DA:172,0
DA:177,0
DA:178,0
DA:181,0
DA:182,0
DA:190,0
DA:191,0
DA:192,0
DA:194,0
DA:197,0
DA:206,0
DA:207,0
DA:208,0
DA:209,0
DA:211,0
DA:219,0
DA:220,0
DA:221,0
DA:222,0
DA:223,0
DA:224,0
DA:234,0
DA:235,0
DA:237,0
DA:238,0
DA:239,0
DA:246,0
DA:247,0
DA:249,0
DA:250,0
DA:251,0
DA:258,0
DA:259,0
DA:261,0
DA:262,0
DA:263,0
DA:269,0
DA:270,0
DA:271,0
DA:275,0
DA:277,0
DA:278,0
DA:280,0
DA:281,0
DA:283,0
DA:284,0
DA:292,0
DA:293,0
DA:295,0
DA:296,0
DA:298,0
DA:299,0
DA:307,0
DA:308,0
DA:309,0
DA:310,0
DA:311,0
DA:312,0
DA:314,0
DA:322,0
DA:323,0
DA:324,0
DA:325,0
DA:326,0
DA:328,0
DA:330,0
DA:337,0
DA:338,0
DA:339,0
DA:341,0
DA:347,0
DA:353,0
DA:354,0
DA:355,0
DA:356,0
DA:358,0
DA:360,0
DA:367,0
DA:368,0
DA:369,0
DA:370,0
DA:372,0
DA:374,0
DA:382,0
DA:383,0
DA:384,0
DA:385,0
DA:387,0
DA:388,0
DA:389,0
DA:390,0
DA:392,0
DA:393,0
DA:400,0
DA:401,0
DA:408,0
DA:415,0
DA:416,0
DA:418,0
DA:419,0
DA:427,0
DA:430,0
DA:431,0
DA:433,0
DA:436,0
DA:437,0
DA:439,0
DA:442,0
DA:443,0
DA:445,0
DA:448,0
DA:449,0
DA:451,0
DA:455,0
DA:457,0
LF:148
LH:0
BRDA:138,0,0,0
BRDA:138,0,1,0
BRDA:138,1,0,0
BRDA:138,1,1,0
BRDA:152,2,0,0
BRDA:152,2,1,0
BRDA:173,3,0,0
BRDA:173,3,1,0
BRDA:178,4,0,0
BRDA:178,4,1,0
BRDA:178,4,2,0
BRDA:182,5,0,0
BRDA:182,5,1,0
BRDA:190,6,0,0
BRDA:190,6,1,0
BRDA:191,7,0,0
BRDA:191,7,1,0
BRDA:211,8,0,0
BRDA:211,8,1,0
BRDA:222,9,0,0
BRDA:222,9,1,0
BRDA:223,10,0,0
BRDA:223,10,1,0
BRDA:234,11,0,0
BRDA:234,11,1,0
BRDA:246,12,0,0
BRDA:246,12,1,0
BRDA:258,13,0,0
BRDA:258,13,1,0
BRDA:270,14,0,0
BRDA:270,14,1,0
BRDA:276,15,0,0
BRDA:276,15,1,0
BRDA:276,15,2,0
BRDA:292,16,0,0
BRDA:292,16,1,0
BRDA:292,17,0,0
BRDA:292,17,1,0
BRDA:295,18,0,0
BRDA:295,18,1,0
BRDA:311,19,0,0
BRDA:311,19,1,0
BRDA:325,20,0,0
BRDA:325,20,1,0
BRDA:338,21,0,0
BRDA:338,21,1,0
BRDA:354,22,0,0
BRDA:354,22,1,0
BRDA:368,23,0,0
BRDA:368,23,1,0
BRDA:383,24,0,0
BRDA:383,24,1,0
BRDA:383,25,0,0
BRDA:383,25,1,0
BRDA:385,26,0,0
BRDA:385,26,1,0
BRDA:387,27,0,0
BRDA:387,27,1,0
BRDA:415,28,0,0
BRDA:415,28,1,0
BRDA:418,29,0,0
BRDA:418,29,1,0
BRF:62
BRH:0
end_of_record
TN:
SF:src/components/datepicker/PickerDay.vue
FN:56,_default
FN:84,setup
FN:91,selectDate
FN:101,showMonthCalendar
FN:108,showYearCalendar
FN:115,changeMonth
FN:125,isPreviousMonthDisabled
FN:137,previousMonth
FN:147,isNextMonthDisabled
FN:159,nextMonth
FN:169,isSelectedDate
FN:177,isDisabledDate
FN:188,(anonymous_12)
FN:202,(anonymous_13)
FN:228,isDefined
FN:236,isHighlightedDate
FN:249,(anonymous_16)
FN:279,dayClasses
FN:309,isHighlightStart
FN:327,isHighlightEnd
FN:344,(anonymous_20)
FN:353,(anonymous_21)
FN:367,(anonymous_22)
FN:398,(anonymous_23)
FN:409,(anonymous_24)
FN:418,(anonymous_25)
FN:427,(anonymous_26)
FN:435,(anonymous_27)
FN:442,(anonymous_28)
FN:446,(anonymous_29)
FN:452,(anonymous_30)
FNF:31
FNH:0
FNDA:0,_default
FNDA:0,setup
FNDA:0,selectDate
FNDA:0,showMonthCalendar
FNDA:0,showYearCalendar
FNDA:0,changeMonth
FNDA:0,isPreviousMonthDisabled
FNDA:0,previousMonth
FNDA:0,isNextMonthDisabled
FNDA:0,nextMonth
FNDA:0,isSelectedDate
FNDA:0,isDisabledDate
FNDA:0,(anonymous_12)
FNDA:0,(anonymous_13)
FNDA:0,isDefined
FNDA:0,isHighlightedDate
FNDA:0,(anonymous_16)
FNDA:0,dayClasses
FNDA:0,isHighlightStart
FNDA:0,isHighlightEnd
FNDA:0,(anonymous_20)
FNDA:0,(anonymous_21)
FNDA:0,(anonymous_22)
FNDA:0,(anonymous_23)
FNDA:0,(anonymous_24)
FNDA:0,(anonymous_25)
FNDA:0,(anonymous_26)
FNDA:0,(anonymous_27)
FNDA:0,(anonymous_28)
FNDA:0,(anonymous_29)
FNDA:0,(anonymous_30)
DA:2,0
DA:3,0
DA:56,0
DA:92,0
DA:93,0
DA:95,0
DA:102,0
DA:109,0
DA:116,0
DA:117,0
DA:118,0
DA:126,0
DA:127,0
DA:128,0
DA:130,0
DA:131,0
DA:138,0
DA:139,0
DA:148,0
DA:149,0
DA:150,0
DA:152,0
DA:153,0
DA:160,0
DA:161,0
DA:170,0
DA:178,0
DA:179,0
DA:181,0
DA:183,0
DA:184,0
DA:187,0
DA:188,0
DA:189,0
DA:190,0
DA:195,0
DA:196,0
DA:198,0
DA:199,0
DA:201,0
DA:202,0
DA:203,0
DA:204,0
DA:205,0
DA:211,0
DA:212,0
DA:214,0
DA:215,0
DA:217,0
DA:218,0
DA:220,0
DA:229,0
DA:237,0
DA:238,0
DA:239,0
DA:242,0
DA:244,0
DA:245,0
DA:248,0
DA:249,0
DA:250,0
DA:251,0
DA:257,0
DA:258,0
DA:261,0
DA:262,0
DA:265,0
DA:266,0
DA:269,0
DA:270,0
DA:273,0
DA:290,0
DA:310,0
DA:311,0
DA:312,0
DA:328,0
DA:329,0
DA:330,0
DA:344,0
DA:345,0
DA:346,0
DA:347,0
DA:348,0
DA:350,0
DA:353,0
DA:354,0
DA:355,0
DA:358,0
DA:359,0
DA:361,0
DA:367,0
DA:368,0
DA:369,0
DA:371,0
DA:374,0
DA:375,0
DA:376,0
DA:389,0
DA:391,0
DA:398,0
DA:399,0
DA:402,0
DA:409,0
DA:410,0
DA:411,0
DA:418,0
DA:419,0
DA:420,0
DA:427,0
DA:428,0
DA:435,0
DA:436,0
DA:442,0
DA:443,0
DA:446,0
DA:447,0
DA:452,0
DA:453,0
DA:456,0
LF:119
LH:0
BRDA:92,0,0,0
BRDA:92,0,1,0
BRDA:127,1,0,0
BRDA:127,1,1,0
BRDA:127,2,0,0
BRDA:127,2,1,0
BRDA:131,3,0,0
BRDA:131,3,1,0
BRDA:138,4,0,0
BRDA:138,4,1,0
BRDA:149,5,0,0
BRDA:149,5,1,0
BRDA:149,6,0,0
BRDA:149,6,1,0
BRDA:153,7,0,0
BRDA:153,7,1,0
BRDA:160,8,0,0
BRDA:160,8,1,0
BRDA:170,9,0,0
BRDA:170,9,1,0
BRDA:181,10,0,0
BRDA:181,10,1,0
BRDA:183,11,0,0
BRDA:183,11,1,0
BRDA:187,12,0,0
BRDA:187,12,1,0
BRDA:189,13,0,0
BRDA:189,13,1,0
BRDA:195,14,0,0
BRDA:195,14,1,0
BRDA:195,15,0,0
BRDA:195,15,1,0
BRDA:195,15,2,0
BRDA:198,16,0,0
BRDA:198,16,1,0
BRDA:198,17,0,0
BRDA:198,17,1,0
BRDA:198,17,2,0
BRDA:201,18,0,0
BRDA:201,18,1,0
BRDA:203,19,0,0
BRDA:203,19,1,0
BRDA:203,20,0,0
BRDA:203,20,1,0
BRDA:203,20,2,0
BRDA:203,20,3,0
BRDA:204,21,0,0
BRDA:204,21,1,0
BRDA:204,22,0,0
BRDA:204,22,1,0
BRDA:211,23,0,0
BRDA:211,23,1,0
BRDA:211,24,0,0
BRDA:211,24,1,0
BRDA:214,25,0,0
BRDA:214,25,1,0
BRDA:214,26,0,0
BRDA:214,26,1,0
BRDA:217,27,0,0
BRDA:217,27,1,0
BRDA:217,28,0,0
BRDA:217,28,1,0
BRDA:229,29,0,0
BRDA:229,29,1,0
BRDA:238,30,0,0
BRDA:238,30,1,0
BRDA:238,31,0,0
BRDA:238,31,1,0
BRDA:244,32,0,0
BRDA:244,32,1,0
BRDA:248,33,0,0
BRDA:248,33,1,0
BRDA:250,34,0,0
BRDA:250,34,1,0
BRDA:257,35,0,0
BRDA:257,35,1,0
BRDA:257,36,0,0
BRDA:257,36,1,0
BRDA:258,37,0,0
BRDA:258,37,1,0
BRDA:261,38,0,0
BRDA:261,38,1,0
BRDA:261,39,0,0
BRDA:261,39,1,0
BRDA:265,40,0,0
BRDA:265,40,1,0
BRDA:265,41,0,0
BRDA:265,41,1,0
BRDA:269,42,0,0
BRDA:269,42,1,0
BRDA:269,43,0,0
BRDA:269,43,1,0
BRDA:311,44,0,0
BRDA:311,44,1,0
BRDA:312,45,0,0
BRDA:312,45,1,0
BRDA:312,45,2,0
BRDA:312,45,3,0
BRDA:312,45,4,0
BRDA:329,46,0,0
BRDA:329,46,1,0
BRDA:330,47,0,0
BRDA:330,47,1,0
BRDA:330,47,2,0
BRDA:330,47,3,0
BRDA:330,47,4,0
BRDA:345,48,0,0
BRDA:345,48,1,0
BRDA:346,49,0,0
BRDA:346,49,1,0
BRDA:346,49,2,0
BRDA:350,50,0,0
BRDA:350,50,1,0
BRDA:355,51,0,0
BRDA:355,51,1,0
BRDA:358,52,0,0
BRDA:358,52,1,0
BRDA:359,53,0,0
BRDA:359,53,1,0
BRDA:371,54,0,0
BRDA:371,54,1,0
BRDA:385,55,0,0
BRDA:385,55,1,0
BRDA:399,56,0,0
BRDA:399,56,1,0
BRDA:410,57,0,0
BRDA:410,57,1,0
BRDA:419,58,0,0
BRDA:419,58,1,0
BRDA:428,59,0,0
BRDA:428,59,1,0
BRDA:428,59,2,0
BRDA:428,59,3,0
BRDA:436,60,0,0
BRDA:436,60,1,0
BRDA:443,61,0,0
BRDA:443,61,1,0
BRDA:447,62,0,0
BRDA:447,62,1,0
BRDA:453,63,0,0
BRDA:453,63,1,0
BRF:141
BRH:0
end_of_record
TN:
SF:src/components/datepicker/PickerMonth.vue
FN:70,setup
FN:76,selectMonth
FN:86,changeYear
FN:96,isPreviousYearDisabled
FN:107,previousYear
FN:117,isNextYearDisabled
FN:128,nextYear
FN:137,showYearCalendar
FN:146,isSelectedMonth
FN:156,isDisabledMonth
FN:188,(anonymous_10)
FN:211,(anonymous_11)
FN:220,(anonymous_12)
FN:228,(anonymous_13)
FN:236,(anonymous_14)
FN:241,(anonymous_15)
FN:245,(anonymous_16)
FN:255,(anonymous_17)
FN:264,(anonymous_18)
FN:271,(anonymous_19)
FNF:20
FNH:0
FNDA:0,setup
FNDA:0,selectMonth
FNDA:0,changeYear
FNDA:0,isPreviousYearDisabled
FNDA:0,previousYear
FNDA:0,isNextYearDisabled
FNDA:0,nextYear
FNDA:0,showYearCalendar
FNDA:0,isSelectedMonth
FNDA:0,isDisabledMonth
FNDA:0,(anonymous_10)
FNDA:0,(anonymous_11)
FNDA:0,(anonymous_12)
FNDA:0,(anonymous_13)
FNDA:0,(anonymous_14)
FNDA:0,(anonymous_15)
FNDA:0,(anonymous_16)
FNDA:0,(anonymous_17)
FNDA:0,(anonymous_18)
FNDA:0,(anonymous_19)
DA:2,0
DA:3,0
DA:77,0
DA:78,0
DA:87,0
DA:88,0
DA:89,0
DA:97,0
DA:98,0
DA:99,0
DA:101,0
DA:108,0
DA:109,0
DA:118,0
DA:119,0
DA:120,0
DA:122,0
DA:129,0
DA:130,0
DA:138,0
DA:147,0
DA:148,0
DA:157,0
DA:158,0
DA:159,0
DA:160,0
DA:161,0
DA:164,0
DA:165,0
DA:169,0
DA:172,0
DA:173,0
DA:177,0
DA:181,0
DA:182,0
DA:184,0
DA:188,0
DA:189,0
DA:190,0
DA:192,0
DA:195,0
DA:196,0
DA:202,0
DA:204,0
DA:211,0
DA:212,0
DA:213,0
DA:220,0
DA:221,0
DA:228,0
DA:229,0
DA:236,0
DA:237,0
DA:238,0
DA:241,0
DA:242,0
DA:245,0
DA:246,0
DA:255,0
DA:256,0
DA:257,0
DA:264,0
DA:265,0
DA:268,0
DA:271,0
DA:272,0
DA:275,0
LF:67
LH:0
BRDA:77,0,0,0
BRDA:77,0,1,0
BRDA:98,1,0,0
BRDA:98,1,1,0
BRDA:98,2,0,0
BRDA:98,2,1,0
BRDA:108,3,0,0
BRDA:108,3,1,0
BRDA:119,4,0,0
BRDA:119,4,1,0
BRDA:119,5,0,0
BRDA:119,5,1,0
BRDA:129,6,0,0
BRDA:129,6,1,0
BRDA:148,7,0,0
BRDA:148,7,1,0
BRDA:148,7,2,0
BRDA:159,8,0,0
BRDA:159,8,1,0
BRDA:160,9,0,0
BRDA:160,9,1,0
BRDA:164,10,0,0
BRDA:164,10,1,0
BRDA:164,11,0,0
BRDA:164,11,1,0
BRDA:165,12,0,0
BRDA:165,12,1,0
BRDA:165,13,0,0
BRDA:165,13,1,0
BRDA:165,13,2,0
BRDA:172,14,0,0
BRDA:172,14,1,0
BRDA:172,15,0,0
BRDA:172,15,1,0
BRDA:173,16,0,0
BRDA:173,16,1,0
BRDA:173,17,0,0
BRDA:173,17,1,0
BRDA:173,17,2,0
BRDA:181,18,0,0
BRDA:181,18,1,0
BRDA:181,19,0,0
BRDA:181,19,1,0
BRDA:192,20,0,0
BRDA:192,20,1,0
BRDA:197,21,0,0
BRDA:197,21,1,0
BRDA:212,22,0,0
BRDA:212,22,1,0
BRDA:221,23,0,0
BRDA:221,23,1,0
BRDA:229,24,0,0
BRDA:229,24,1,0
BRDA:237,25,0,0
BRDA:237,25,1,0
BRDA:242,26,0,0
BRDA:242,26,1,0
BRDA:246,27,0,0
BRDA:246,27,1,0
BRDA:256,28,0,0
BRDA:256,28,1,0
BRDA:265,29,0,0
BRDA:265,29,1,0
BRDA:272,30,0,0
BRDA:272,30,1,0
BRDA:272,30,2,0
BRF:66
BRH:0
end_of_record
TN:
SF:src/components/datepicker/PickerYear.vue
FN:66,setup
FN:73,selectYear
FN:83,changeYear
FN:92,isPreviousDecadeDisabled
FN:105,previousDecade
FN:114,isNextDecadeDisabled
FN:127,nextDecade
FN:138,isSelectedYear
FN:147,isDisabledYear
FN:172,(anonymous_9)
FN:194,(anonymous_10)
FN:207,(anonymous_11)
FN:215,(anonymous_12)
FN:219,(anonymous_13)
FN:229,(anonymous_14)
FN:234,(anonymous_15)
FN:242,(anonymous_16)
FN:251,(anonymous_17)
FN:258,(anonymous_18)
FNF:19
FNH:18
FNDA:5,setup
FNDA:1,selectYear
FNDA:2,changeYear
FNDA:6,isPreviousDecadeDisabled
FNDA:1,previousDecade
FNDA:6,isNextDecadeDisabled
FNDA:1,nextDecade
FNDA:80,isSelectedYear
FNDA:80,isDisabledYear
FNDA:8,(anonymous_9)
FNDA:7,(anonymous_10)
FNDA:5,(anonymous_11)
FNDA:5,(anonymous_12)
FNDA:6,(anonymous_13)
FNDA:7,(anonymous_14)
FNDA:6,(anonymous_15)
FNDA:7,(anonymous_16)
FNDA:0,(anonymous_17)
FNDA:5,(anonymous_18)
DA:2,1
DA:3,1
DA:74,1
DA:75,1
DA:84,2
DA:85,2
DA:86,2
DA:93,6
DA:94,6
DA:95,6
DA:97,0
DA:98,0
DA:99,0
DA:106,1
DA:107,1
DA:115,6
DA:116,6
DA:117,6
DA:119,0
DA:120,0
DA:121,0
DA:128,1
DA:129,1
DA:139,80
DA:148,80
DA:149,80
DA:150,80
DA:153,0
DA:154,0
DA:155,0
DA:158,0
DA:159,0
DA:160,0
DA:164,0
DA:165,0
DA:168,0
DA:172,5
DA:173,8
DA:174,8
DA:176,8
DA:179,8
DA:180,80
DA:186,80
DA:188,8
DA:194,5
DA:195,7
DA:196,7
DA:197,7
DA:198,7
DA:199,7
DA:200,7
DA:207,5
DA:208,5
DA:215,5
DA:216,5
DA:219,5
DA:220,6
DA:229,5
DA:230,7
DA:231,7
DA:234,5
DA:235,6
DA:242,5
DA:243,7
DA:244,7
DA:251,5
DA:252,0
DA:255,0
DA:258,5
DA:259,5
DA:262,5
LF:71
LH:54
BRDA:74,0,0,1
BRDA:74,0,1,0
BRDA:94,1,0,6
BRDA:94,1,1,0
BRDA:94,2,0,6
BRDA:94,2,1,0
BRDA:106,3,0,1
BRDA:106,3,1,0
BRDA:116,4,0,6
BRDA:116,4,1,0
BRDA:116,5,0,6
BRDA:116,5,1,0
BRDA:128,6,0,1
BRDA:128,6,1,0
BRDA:139,7,0,80
BRDA:139,7,1,0
BRDA:149,8,0,80
BRDA:149,8,1,0
BRDA:149,9,0,80
BRDA:149,9,1,0
BRDA:153,10,0,0
BRDA:153,10,1,0
BRDA:153,11,0,0
BRDA:153,11,1,0
BRDA:154,12,0,0
BRDA:154,12,1,0
BRDA:158,13,0,0
BRDA:158,13,1,0
BRDA:158,14,0,0
BRDA:158,14,1,0
BRDA:159,15,0,0
BRDA:159,15,1,0
BRDA:164,16,0,0
BRDA:164,16,1,0
BRDA:164,17,0,0
BRDA:164,17,1,0
BRDA:176,18,0,0
BRDA:176,18,1,8
BRDA:199,19,0,7
BRDA:199,19,1,7
BRDA:208,20,0,0
BRDA:208,20,1,5
BRDA:216,21,0,0
BRDA:216,21,1,5
BRDA:220,22,0,12
BRDA:220,22,1,6
BRDA:230,23,0,7
BRDA:230,23,1,7
BRDA:235,24,0,6
BRDA:235,24,1,0
BRDA:243,25,0,7
BRDA:243,25,1,7
BRDA:252,26,0,0
BRDA:252,26,1,0
BRDA:259,27,0,5
BRDA:259,27,1,0
BRDA:259,27,2,0
BRF:57
BRH:23
end_of_record
TN:
SF:src/components/datepicker/locale/index.ts
FN:1,af
FN:35,en
FNF:2
FNH:2
FNDA:2,af
FNDA:2,en
DA:1,2
DA:2,2
DA:3,2
DA:17,2
DA:18,2
DA:19,2
DA:20,2
DA:21,2
DA:22,2
DA:35,2
DA:36,2
DA:37,2
DA:51,2
DA:52,2
DA:53,2
DA:54,2
DA:55,2
DA:56,2
DA:57,2
DA:70,2
LF:20
LH:20
BRF:0
BRH:0
end_of_record
TN:
SF:src/components/datepicker/utils/DateUtils.ts
FN:7,getFullYear
FN:15,getMonth
FN:23,getDate
FN:31,getDay
FN:39,getHours
FN:47,getMinutes
FN:55,setFullYear
FN:63,setMonth
FN:72,setDate
FN:82,compareDates
FN:105,isValidDate
FN:118,getDayNameAbbr
FN:131,getMonthName
FN:149,getMonthNameAbbr
FN:169,daysInMonth
FN:195,getNthSuffix
FN:219,formatDate
FN:263,createDateArray
FN:277,validateDateInput
FNF:19
FNH:17
FNDA:359,getFullYear
FNDA:50,getMonth
FNDA:39,getDate
FNDA:21,getDay
FNDA:2,getHours
FNDA:2,getMinutes
FNDA:84,setFullYear
FNDA:2,setMonth
FNDA:7,setDate
FNDA:0,compareDates
FNDA:5,isValidDate
FNDA:20,getDayNameAbbr
FNDA:24,getMonthName
FNDA:17,getMonthNameAbbr
FNDA:28,daysInMonth
FNDA:13,getNthSuffix
FNDA:13,formatDate
FNDA:1,createDateArray
FNDA:0,validateDateInput
DA:7,359
DA:8,359
DA:15,50
DA:16,50
DA:23,39
DA:24,39
DA:31,21
DA:32,21
DA:39,2
DA:40,2
DA:47,2
DA:48,2
DA:55,84
DA:56,84
DA:63,2
DA:64,2
DA:72,7
DA:73,7
DA:82,2
DA:86,0
DA:87,0
DA:88,0
DA:90,0
DA:91,0
DA:92,0
DA:94,0
DA:95,0
DA:97,0
DA:105,2
DA:106,5
DA:107,4
DA:109,1
DA:118,2
DA:119,20
DA:120,1
DA:122,19
DA:131,2
DA:132,24
DA:133,1
DA:135,23
DA:136,1
DA:138,22
DA:139,21
DA:141,1
DA:149,2
DA:150,17
DA:151,1
DA:153,16
DA:154,1
DA:156,15
DA:157,14
DA:159,1
DA:169,2
DA:170,28
DA:171,8
DA:173,20
DA:174,4
DA:175,2
DA:177,2
DA:179,16
DA:195,2
DA:196,13
DA:200,4
DA:203,3
DA:206,1
DA:208,5
DA:219,2
DA:240,13
DA:241,13
DA:242,13
DA:243,13
DA:254,13
DA:263,2
DA:264,1
DA:265,1
DA:266,5
DA:267,5
DA:269,1
DA:277,2
DA:278,0
LF:80
LH:70
BRDA:7,0,0,1
BRDA:7,0,1,358
BRDA:7,1,0,359
BRDA:7,1,1,1
BRDA:8,2,0,1
BRDA:8,2,1,358
BRDA:15,3,0,1
BRDA:15,3,1,49
BRDA:15,4,0,50
BRDA:15,4,1,1
BRDA:16,5,0,1
BRDA:16,5,1,49
BRDA:23,6,0,1
BRDA:23,6,1,38
BRDA:23,7,0,39
BRDA:23,7,1,1
BRDA:24,8,0,1
BRDA:24,8,1,38
BRDA:31,9,0,1
BRDA:31,9,1,20
BRDA:31,10,0,21
BRDA:31,10,1,1
BRDA:32,11,0,1
BRDA:32,11,1,20
BRDA:39,12,0,1
BRDA:39,12,1,1
BRDA:39,13,0,2
BRDA:39,13,1,1
BRDA:40,14,0,1
BRDA:40,14,1,1
BRDA:47,15,0,1
BRDA:47,15,1,1
BRDA:47,16,0,2
BRDA:47,16,1,1
BRDA:48,17,0,1
BRDA:48,17,1,1
BRDA:55,18,0,1
BRDA:55,18,1,83
BRDA:55,19,0,84
BRDA:55,19,1,1
BRDA:56,20,0,1
BRDA:56,20,1,83
BRDA:63,21,0,1
BRDA:63,21,1,1
BRDA:63,22,0,2
BRDA:63,22,1,1
BRDA:64,23,0,1
BRDA:64,23,1,1
BRDA:72,24,0,1
BRDA:72,24,1,6
BRDA:72,25,0,7
BRDA:72,25,1,1
BRDA:73,26,0,1
BRDA:73,26,1,6
BRDA:86,27,0,0
BRDA:86,27,1,0
BRDA:86,28,0,0
BRDA:86,28,1,0
BRDA:90,29,0,0
BRDA:90,29,1,0
BRDA:106,30,0,4
BRDA:106,30,1,1
BRDA:119,31,0,1
BRDA:119,31,1,19
BRDA:132,32,0,1
BRDA:132,32,1,23
BRDA:135,33,0,1
BRDA:135,33,1,22
BRDA:138,34,0,21
BRDA:138,34,1,1
BRDA:150,35,0,1
BRDA:150,35,1,16
BRDA:153,36,0,1
BRDA:153,36,1,15
BRDA:156,37,0,14
BRDA:156,37,1,1
BRDA:170,38,0,8
BRDA:170,38,1,20
BRDA:173,39,0,4
BRDA:173,39,1,16
BRDA:174,40,0,2
BRDA:174,40,1,2
BRDA:174,41,0,4
BRDA:174,41,1,2
BRDA:174,41,2,2
BRDA:197,42,0,4
BRDA:197,42,1,4
BRDA:197,42,2,4
BRDA:197,42,3,3
BRDA:197,42,4,3
BRDA:197,42,5,1
BRDA:197,42,6,1
BRDA:197,42,7,5
BRDA:278,43,0,0
BRDA:278,43,1,0
BRDA:278,43,2,0
BRDA:278,43,3,0
BRF:97
BRH:87
end_of_record
TN:
SF:src/directives/click-outside.ts
FN:13,update
FN:20,bind
FN:35,(anonymous_2)
FN:36,(anonymous_3)
FN:41,unbind
FN:42,(anonymous_5)
FN:46,(anonymous_6)
FN:55,createInstance
FN:58,(anonymous_8)
FN:60,handler
FN:65,onEvent
FNF:11
FNH:0
FNDA:0,update
FNDA:0,bind
FNDA:0,(anonymous_2)
FNDA:0,(anonymous_3)
FNDA:0,unbind
FNDA:0,(anonymous_5)
FNDA:0,(anonymous_6)
FNDA:0,createInstance
FNDA:0,(anonymous_8)
FNDA:0,handler
FNDA:0,onEvent
DA:6,0
DA:8,0
DA:10,0
DA:14,0
DA:15,0
DA:20,0
DA:21,0
DA:23,0
DA:24,0
DA:25,0
DA:27,0
DA:29,0
DA:30,0
DA:32,0
DA:33,0
DA:35,0
DA:36,0
DA:38,0
DA:42,0
DA:43,0
DA:45,0
DA:46,0
DA:49,0
DA:55,0
DA:56,0
DA:58,0
DA:60,0
DA:65,0
DA:66,0
DA:67,0
DA:68,0
DA:72,0
LF:32
LH:0
BRDA:14,0,0,0
BRDA:14,0,1,0
BRDA:27,1,0,0
BRDA:27,1,1,0
BRDA:27,2,0,0
BRDA:27,2,1,0
BRDA:30,3,0,0
BRDA:30,3,1,0
BRDA:32,4,0,0
BRDA:32,4,1,0
BRDA:43,5,0,0
BRDA:43,5,1,0
BRDA:66,6,0,0
BRDA:66,6,1,0
BRDA:66,7,0,0
BRDA:66,7,1,0
BRDA:67,8,0,0
BRDA:67,8,1,0
BRDA:67,9,0,0
BRDA:67,9,1,0
BRDA:68,10,0,0
BRDA:68,10,1,0
BRF:22
BRH:0
end_of_record
