TN:
SF:src/components/datepicker/DateInput.vue
FN:102,setup
FN:106,(anonymous_1)
FN:119,(anonymous_2)
FN:149,(anonymous_3)
FN:150,(anonymous_4)
FN:159,showCalendar
FN:167,parseTypedDate
FN:189,clearDate
FN:197,inputBlurred
FNF:9
FNH:8
FNDA:19,setup
FNDA:20,(anonymous_1)
FNDA:26,(anonymous_2)
FNDA:19,(anonymous_3)
FNDA:0,(anonymous_4)
FNDA:1,showCalendar
FNDA:3,parseTypedDate
FNDA:1,clearDate
FNDA:2,inputBlurred
DA:2,2
DA:3,2
DA:4,2
DA:103,19
DA:104,19
DA:106,19
DA:107,20
DA:108,2
DA:109,1
DA:112,1
DA:116,18
DA:119,19
DA:120,26
DA:121,7
DA:123,19
DA:124,1
DA:127,18
DA:132,18
DA:133,9
DA:134,3
DA:135,2
DA:136,1
DA:137,1
DA:139,1
DA:140,1
DA:141,1
DA:145,17
DA:149,19
DA:150,19
DA:152,0
DA:160,1
DA:168,3
DA:174,1
DA:176,3
DA:177,3
DA:178,3
DA:179,3
DA:180,2
DA:181,2
DA:190,1
DA:198,2
DA:199,1
DA:201,1
DA:202,1
DA:204,2
DA:207,19
LF:46
LH:45
BRDA:107,0,0,2
BRDA:107,0,1,18
BRDA:108,1,0,1
BRDA:108,1,1,1
BRDA:120,2,0,7
BRDA:120,2,1,19
BRDA:123,3,0,1
BRDA:123,3,1,18
BRDA:127,4,0,2
BRDA:127,4,1,16
BRDA:132,5,0,3
BRDA:132,5,1,15
BRDA:134,6,0,2
BRDA:134,6,1,1
BRDA:135,7,0,1
BRDA:135,7,1,1
BRDA:136,8,0,1
BRDA:136,8,1,2
BRDA:137,9,0,1
BRDA:137,9,1,2
BRDA:140,10,0,1
BRDA:140,10,1,0
BRDA:168,11,0,1
BRDA:168,11,1,2
BRDA:176,12,0,3
BRDA:176,12,1,0
BRDA:179,13,0,2
BRDA:179,13,1,1
BRDA:198,14,0,1
BRDA:198,14,1,1
BRDA:198,15,0,2
BRDA:198,15,1,1
BRF:32
BRH:30
end_of_record
TN:
SF:src/components/datepicker/Datepicker.vue
FN:38,validator
FN:150,setup
FN:167,(anonymous_2)
FN:174,(anonymous_3)
FN:178,(anonymous_4)
FN:183,(anonymous_5)
FN:187,(anonymous_6)
FN:193,(anonymous_7)
FN:197,(anonymous_8)
FN:205,setPageDate
FN:221,allowedToShowView
FN:234,close
FN:249,showDayCalendar
FN:261,showMonthCalendar
FN:273,showYearCalendar
FN:284,setInitialView
FN:307,showCalendar
FN:322,setDate1
FN:337,clearDate
FN:352,selectDate
FN:362,selectDisabledDate
FN:368,selectMonth
FN:382,selectYear
FN:397,setValue
FN:415,handleChangedMonthFromDayPicker
FN:423,setTypedDate
FN:430,init
FN:442,closeOnClickOutside
FN:446,(anonymous_28)
FN:447,(anonymous_29)
FN:453,(anonymous_30)
FN:454,(anonymous_31)
FN:460,(anonymous_32)
FN:461,(anonymous_33)
FN:466,(anonymous_34)
FN:467,(anonymous_35)
FNF:36
FNH:0
FNDA:0,validator
FNDA:0,setup
FNDA:0,(anonymous_2)
FNDA:0,(anonymous_3)
FNDA:0,(anonymous_4)
FNDA:0,(anonymous_5)
FNDA:0,(anonymous_6)
FNDA:0,(anonymous_7)
FNDA:0,(anonymous_8)
FNDA:0,setPageDate
FNDA:0,allowedToShowView
FNDA:0,close
FNDA:0,showDayCalendar
FNDA:0,showMonthCalendar
FNDA:0,showYearCalendar
FNDA:0,setInitialView
FNDA:0,showCalendar
FNDA:0,setDate1
FNDA:0,clearDate
FNDA:0,selectDate
FNDA:0,selectDisabledDate
FNDA:0,selectMonth
FNDA:0,selectYear
FNDA:0,setValue
FNDA:0,handleChangedMonthFromDayPicker
FNDA:0,setTypedDate
FNDA:0,init
FNDA:0,closeOnClickOutside
FNDA:0,(anonymous_28)
FNDA:0,(anonymous_29)
FNDA:0,(anonymous_30)
FNDA:0,(anonymous_31)
FNDA:0,(anonymous_32)
FNDA:0,(anonymous_33)
FNDA:0,(anonymous_34)
FNDA:0,(anonymous_35)
DA:2,0
DA:3,0
DA:4,0
DA:5,0
DA:6,0
DA:7,0
DA:8,0
DA:9,0
DA:38,0
DA:151,0
DA:152,0
DA:153,0
DA:154,0
DA:155,0
DA:156,0
DA:158,0
DA:160,0
DA:161,0
DA:162,0
DA:163,0
DA:164,0
DA:167,0
DA:168,0
DA:169,0
DA:171,0
DA:174,0
DA:175,0
DA:178,0
DA:179,0
DA:180,0
DA:183,0
DA:184,0
DA:187,0
DA:188,0
DA:193,0
DA:194,0
DA:197,0
DA:198,0
DA:206,0
DA:207,0
DA:208,0
DA:210,0
DA:213,0
DA:222,0
DA:223,0
DA:224,0
DA:225,0
DA:227,0
DA:235,0
DA:236,0
DA:237,0
DA:238,0
DA:239,0
DA:240,0
DA:250,0
DA:251,0
DA:253,0
DA:254,0
DA:255,0
DA:262,0
DA:263,0
DA:265,0
DA:266,0
DA:267,0
DA:274,0
DA:275,0
DA:277,0
DA:278,0
DA:279,0
DA:285,0
DA:286,0
DA:287,0
DA:291,0
DA:293,0
DA:294,0
DA:296,0
DA:297,0
DA:299,0
DA:300,0
DA:308,0
DA:309,0
DA:311,0
DA:312,0
DA:314,0
DA:315,0
DA:323,0
DA:324,0
DA:325,0
DA:326,0
DA:327,0
DA:328,0
DA:330,0
DA:338,0
DA:339,0
DA:340,0
DA:341,0
DA:342,0
DA:344,0
DA:346,0
DA:353,0
DA:354,0
DA:355,0
DA:357,0
DA:363,0
DA:369,0
DA:370,0
DA:371,0
DA:372,0
DA:374,0
DA:376,0
DA:383,0
DA:384,0
DA:385,0
DA:386,0
DA:388,0
DA:390,0
DA:398,0
DA:399,0
DA:400,0
DA:401,0
DA:403,0
DA:404,0
DA:405,0
DA:406,0
DA:408,0
DA:409,0
DA:416,0
DA:417,0
DA:424,0
DA:431,0
DA:432,0
DA:434,0
DA:435,0
DA:443,0
DA:446,0
DA:447,0
DA:449,0
DA:453,0
DA:454,0
DA:456,0
DA:460,0
DA:461,0
DA:463,0
DA:466,0
DA:467,0
DA:469,0
DA:473,0
DA:475,0
LF:148
LH:0
BRDA:154,0,0,0
BRDA:154,0,1,0
BRDA:154,1,0,0
BRDA:154,1,1,0
BRDA:168,2,0,0
BRDA:168,2,1,0
BRDA:189,3,0,0
BRDA:189,3,1,0
BRDA:194,4,0,0
BRDA:194,4,1,0
BRDA:194,4,2,0
BRDA:198,5,0,0
BRDA:198,5,1,0
BRDA:206,6,0,0
BRDA:206,6,1,0
BRDA:207,7,0,0
BRDA:207,7,1,0
BRDA:227,8,0,0
BRDA:227,8,1,0
BRDA:238,9,0,0
BRDA:238,9,1,0
BRDA:239,10,0,0
BRDA:239,10,1,0
BRDA:250,11,0,0
BRDA:250,11,1,0
BRDA:262,12,0,0
BRDA:262,12,1,0
BRDA:274,13,0,0
BRDA:274,13,1,0
BRDA:286,14,0,0
BRDA:286,14,1,0
BRDA:292,15,0,0
BRDA:292,15,1,0
BRDA:292,15,2,0
BRDA:308,16,0,0
BRDA:308,16,1,0
BRDA:308,17,0,0
BRDA:308,17,1,0
BRDA:311,18,0,0
BRDA:311,18,1,0
BRDA:327,19,0,0
BRDA:327,19,1,0
BRDA:341,20,0,0
BRDA:341,20,1,0
BRDA:354,21,0,0
BRDA:354,21,1,0
BRDA:370,22,0,0
BRDA:370,22,1,0
BRDA:384,23,0,0
BRDA:384,23,1,0
BRDA:399,24,0,0
BRDA:399,24,1,0
BRDA:399,25,0,0
BRDA:399,25,1,0
BRDA:401,26,0,0
BRDA:401,26,1,0
BRDA:403,27,0,0
BRDA:403,27,1,0
BRDA:431,28,0,0
BRDA:431,28,1,0
BRDA:434,29,0,0
BRDA:434,29,1,0
BRF:62
BRH:0
end_of_record
TN:
SF:src/components/datepicker/PickerDay.vue
FN:56,_default
FN:96,setup
FN:103,selectDate
FN:117,showMonthCalendar
FN:124,showYearCalendar
FN:131,changeMonth
FN:141,isPreviousMonthDisabled
FN:153,previousMonth
FN:163,isNextMonthDisabled
FN:175,nextMonth
FN:185,isSelectedDate
FN:193,isDisabledDate
FN:204,(anonymous_12)
FN:218,(anonymous_13)
FN:244,isDefined
FN:252,isHighlightedDate
FN:265,(anonymous_16)
FN:295,dayClasses
FN:325,isHighlightStart
FN:343,isHighlightEnd
FN:360,(anonymous_20)
FN:369,(anonymous_21)
FN:383,(anonymous_22)
FN:414,(anonymous_23)
FN:425,(anonymous_24)
FN:434,(anonymous_25)
FN:443,(anonymous_26)
FN:451,(anonymous_27)
FN:458,(anonymous_28)
FN:462,(anonymous_29)
FN:468,(anonymous_30)
FN:472,(anonymous_31)
FNF:32
FNH:0
FNDA:0,_default
FNDA:0,setup
FNDA:0,selectDate
FNDA:0,showMonthCalendar
FNDA:0,showYearCalendar
FNDA:0,changeMonth
FNDA:0,isPreviousMonthDisabled
FNDA:0,previousMonth
FNDA:0,isNextMonthDisabled
FNDA:0,nextMonth
FNDA:0,isSelectedDate
FNDA:0,isDisabledDate
FNDA:0,(anonymous_12)
FNDA:0,(anonymous_13)
FNDA:0,isDefined
FNDA:0,isHighlightedDate
FNDA:0,(anonymous_16)
FNDA:0,dayClasses
FNDA:0,isHighlightStart
FNDA:0,isHighlightEnd
FNDA:0,(anonymous_20)
FNDA:0,(anonymous_21)
FNDA:0,(anonymous_22)
FNDA:0,(anonymous_23)
FNDA:0,(anonymous_24)
FNDA:0,(anonymous_25)
FNDA:0,(anonymous_26)
FNDA:0,(anonymous_27)
FNDA:0,(anonymous_28)
FNDA:0,(anonymous_29)
FNDA:0,(anonymous_30)
FNDA:0,(anonymous_31)
DA:2,0
DA:3,0
DA:56,0
DA:104,0
DA:105,0
DA:106,0
DA:107,0
DA:110,0
DA:118,0
DA:125,0
DA:132,0
DA:133,0
DA:134,0
DA:142,0
DA:143,0
DA:144,0
DA:146,0
DA:147,0
DA:154,0
DA:155,0
DA:164,0
DA:165,0
DA:166,0
DA:168,0
DA:169,0
DA:176,0
DA:177,0
DA:186,0
DA:194,0
DA:195,0
DA:197,0
DA:199,0
DA:200,0
DA:203,0
DA:204,0
DA:205,0
DA:206,0
DA:211,0
DA:212,0
DA:214,0
DA:215,0
DA:217,0
DA:218,0
DA:219,0
DA:220,0
DA:221,0
DA:227,0
DA:228,0
DA:230,0
DA:231,0
DA:233,0
DA:234,0
DA:236,0
DA:245,0
DA:253,0
DA:254,0
DA:255,0
DA:258,0
DA:260,0
DA:261,0
DA:264,0
DA:265,0
DA:266,0
DA:267,0
DA:273,0
DA:274,0
DA:277,0
DA:278,0
DA:281,0
DA:282,0
DA:285,0
DA:286,0
DA:289,0
DA:306,0
DA:326,0
DA:327,0
DA:328,0
DA:344,0
DA:345,0
DA:346,0
DA:360,0
DA:361,0
DA:362,0
DA:363,0
DA:364,0
DA:366,0
DA:369,0
DA:370,0
DA:371,0
DA:374,0
DA:375,0
DA:377,0
DA:383,0
DA:384,0
DA:385,0
DA:387,0
DA:390,0
DA:391,0
DA:392,0
DA:405,0
DA:407,0
DA:414,0
DA:415,0
DA:418,0
DA:425,0
DA:426,0
DA:427,0
DA:434,0
DA:435,0
DA:436,0
DA:443,0
DA:444,0
DA:451,0
DA:452,0
DA:458,0
DA:459,0
DA:462,0
DA:463,0
DA:468,0
DA:469,0
DA:472,0
DA:473,0
DA:476,0
LF:123
LH:0
BRDA:104,0,0,0
BRDA:104,0,1,0
BRDA:106,1,0,0
BRDA:106,1,1,0
BRDA:143,2,0,0
BRDA:143,2,1,0
BRDA:143,3,0,0
BRDA:143,3,1,0
BRDA:147,4,0,0
BRDA:147,4,1,0
BRDA:154,5,0,0
BRDA:154,5,1,0
BRDA:165,6,0,0
BRDA:165,6,1,0
BRDA:165,7,0,0
BRDA:165,7,1,0
BRDA:169,8,0,0
BRDA:169,8,1,0
BRDA:176,9,0,0
BRDA:176,9,1,0
BRDA:186,10,0,0
BRDA:186,10,1,0
BRDA:197,11,0,0
BRDA:197,11,1,0
BRDA:199,12,0,0
BRDA:199,12,1,0
BRDA:203,13,0,0
BRDA:203,13,1,0
BRDA:205,14,0,0
BRDA:205,14,1,0
BRDA:211,15,0,0
BRDA:211,15,1,0
BRDA:211,16,0,0
BRDA:211,16,1,0
BRDA:211,16,2,0
BRDA:214,17,0,0
BRDA:214,17,1,0
BRDA:214,18,0,0
BRDA:214,18,1,0
BRDA:214,18,2,0
BRDA:217,19,0,0
BRDA:217,19,1,0
BRDA:219,20,0,0
BRDA:219,20,1,0
BRDA:219,21,0,0
BRDA:219,21,1,0
BRDA:219,21,2,0
BRDA:219,21,3,0
BRDA:220,22,0,0
BRDA:220,22,1,0
BRDA:220,23,0,0
BRDA:220,23,1,0
BRDA:227,24,0,0
BRDA:227,24,1,0
BRDA:227,25,0,0
BRDA:227,25,1,0
BRDA:230,26,0,0
BRDA:230,26,1,0
BRDA:230,27,0,0
BRDA:230,27,1,0
BRDA:233,28,0,0
BRDA:233,28,1,0
BRDA:233,29,0,0
BRDA:233,29,1,0
BRDA:245,30,0,0
BRDA:245,30,1,0
BRDA:254,31,0,0
BRDA:254,31,1,0
BRDA:254,32,0,0
BRDA:254,32,1,0
BRDA:260,33,0,0
BRDA:260,33,1,0
BRDA:264,34,0,0
BRDA:264,34,1,0
BRDA:266,35,0,0
BRDA:266,35,1,0
BRDA:273,36,0,0
BRDA:273,36,1,0
BRDA:273,37,0,0
BRDA:273,37,1,0
BRDA:274,38,0,0
BRDA:274,38,1,0
BRDA:277,39,0,0
BRDA:277,39,1,0
BRDA:277,40,0,0
BRDA:277,40,1,0
BRDA:281,41,0,0
BRDA:281,41,1,0
BRDA:281,42,0,0
BRDA:281,42,1,0
BRDA:285,43,0,0
BRDA:285,43,1,0
BRDA:285,44,0,0
BRDA:285,44,1,0
BRDA:327,45,0,0
BRDA:327,45,1,0
BRDA:328,46,0,0
BRDA:328,46,1,0
BRDA:328,46,2,0
BRDA:328,46,3,0
BRDA:328,46,4,0
BRDA:345,47,0,0
BRDA:345,47,1,0
BRDA:346,48,0,0
BRDA:346,48,1,0
BRDA:346,48,2,0
BRDA:346,48,3,0
BRDA:346,48,4,0
BRDA:361,49,0,0
BRDA:361,49,1,0
BRDA:362,50,0,0
BRDA:362,50,1,0
BRDA:362,50,2,0
BRDA:366,51,0,0
BRDA:366,51,1,0
BRDA:371,52,0,0
BRDA:371,52,1,0
BRDA:374,53,0,0
BRDA:374,53,1,0
BRDA:375,54,0,0
BRDA:375,54,1,0
BRDA:387,55,0,0
BRDA:387,55,1,0
BRDA:401,56,0,0
BRDA:401,56,1,0
BRDA:415,57,0,0
BRDA:415,57,1,0
BRDA:426,58,0,0
BRDA:426,58,1,0
BRDA:435,59,0,0
BRDA:435,59,1,0
BRDA:444,60,0,0
BRDA:444,60,1,0
BRDA:444,60,2,0
BRDA:444,60,3,0
BRDA:452,61,0,0
BRDA:452,61,1,0
BRDA:459,62,0,0
BRDA:459,62,1,0
BRDA:463,63,0,0
BRDA:463,63,1,0
BRDA:469,64,0,0
BRDA:469,64,1,0
BRDA:473,65,0,0
BRDA:473,65,1,0
BRDA:473,65,2,0
BRF:146
BRH:0
end_of_record
TN:
SF:src/components/datepicker/PickerMonth.vue
FN:70,setup
FN:76,selectMonth
FN:86,changeYear
FN:96,isPreviousYearDisabled
FN:107,previousYear
FN:117,isNextYearDisabled
FN:128,nextYear
FN:137,showYearCalendar
FN:146,isSelectedMonth
FN:156,isDisabledMonth
FN:188,(anonymous_10)
FN:211,(anonymous_11)
FN:220,(anonymous_12)
FN:228,(anonymous_13)
FN:236,(anonymous_14)
FN:241,(anonymous_15)
FN:245,(anonymous_16)
FN:255,(anonymous_17)
FN:264,(anonymous_18)
FN:271,(anonymous_19)
FNF:20
FNH:0
FNDA:0,setup
FNDA:0,selectMonth
FNDA:0,changeYear
FNDA:0,isPreviousYearDisabled
FNDA:0,previousYear
FNDA:0,isNextYearDisabled
FNDA:0,nextYear
FNDA:0,showYearCalendar
FNDA:0,isSelectedMonth
FNDA:0,isDisabledMonth
FNDA:0,(anonymous_10)
FNDA:0,(anonymous_11)
FNDA:0,(anonymous_12)
FNDA:0,(anonymous_13)
FNDA:0,(anonymous_14)
FNDA:0,(anonymous_15)
FNDA:0,(anonymous_16)
FNDA:0,(anonymous_17)
FNDA:0,(anonymous_18)
FNDA:0,(anonymous_19)
DA:2,0
DA:3,0
DA:77,0
DA:78,0
DA:87,0
DA:88,0
DA:89,0
DA:97,0
DA:98,0
DA:99,0
DA:101,0
DA:108,0
DA:109,0
DA:118,0
DA:119,0
DA:120,0
DA:122,0
DA:129,0
DA:130,0
DA:138,0
DA:147,0
DA:148,0
DA:157,0
DA:158,0
DA:159,0
DA:160,0
DA:161,0
DA:164,0
DA:165,0
DA:169,0
DA:172,0
DA:173,0
DA:177,0
DA:181,0
DA:182,0
DA:184,0
DA:188,0
DA:189,0
DA:190,0
DA:192,0
DA:195,0
DA:196,0
DA:202,0
DA:204,0
DA:211,0
DA:212,0
DA:213,0
DA:220,0
DA:221,0
DA:228,0
DA:229,0
DA:236,0
DA:237,0
DA:238,0
DA:241,0
DA:242,0
DA:245,0
DA:246,0
DA:255,0
DA:256,0
DA:257,0
DA:264,0
DA:265,0
DA:268,0
DA:271,0
DA:272,0
DA:275,0
LF:67
LH:0
BRDA:77,0,0,0
BRDA:77,0,1,0
BRDA:98,1,0,0
BRDA:98,1,1,0
BRDA:98,2,0,0
BRDA:98,2,1,0
BRDA:108,3,0,0
BRDA:108,3,1,0
BRDA:119,4,0,0
BRDA:119,4,1,0
BRDA:119,5,0,0
BRDA:119,5,1,0
BRDA:129,6,0,0
BRDA:129,6,1,0
BRDA:148,7,0,0
BRDA:148,7,1,0
BRDA:148,7,2,0
BRDA:159,8,0,0
BRDA:159,8,1,0
BRDA:160,9,0,0
BRDA:160,9,1,0
BRDA:164,10,0,0
BRDA:164,10,1,0
BRDA:164,11,0,0
BRDA:164,11,1,0
BRDA:165,12,0,0
BRDA:165,12,1,0
BRDA:165,13,0,0
BRDA:165,13,1,0
BRDA:165,13,2,0
BRDA:172,14,0,0
BRDA:172,14,1,0
BRDA:172,15,0,0
BRDA:172,15,1,0
BRDA:173,16,0,0
BRDA:173,16,1,0
BRDA:173,17,0,0
BRDA:173,17,1,0
BRDA:173,17,2,0
BRDA:181,18,0,0
BRDA:181,18,1,0
BRDA:181,19,0,0
BRDA:181,19,1,0
BRDA:192,20,0,0
BRDA:192,20,1,0
BRDA:197,21,0,0
BRDA:197,21,1,0
BRDA:212,22,0,0
BRDA:212,22,1,0
BRDA:221,23,0,0
BRDA:221,23,1,0
BRDA:229,24,0,0
BRDA:229,24,1,0
BRDA:237,25,0,0
BRDA:237,25,1,0
BRDA:242,26,0,0
BRDA:242,26,1,0
BRDA:246,27,0,0
BRDA:246,27,1,0
BRDA:256,28,0,0
BRDA:256,28,1,0
BRDA:265,29,0,0
BRDA:265,29,1,0
BRDA:272,30,0,0
BRDA:272,30,1,0
BRDA:272,30,2,0
BRF:66
BRH:0
end_of_record
TN:
SF:src/components/datepicker/PickerYear.vue
FN:67,setup
FN:74,selectYear
FN:84,changeYear
FN:93,isPreviousDecadeDisabled
FN:106,previousDecade
FN:115,isNextDecadeDisabled
FN:128,nextDecade
FN:139,isSelectedYear
FN:148,isDisabledYear
FN:173,(anonymous_9)
FN:195,(anonymous_10)
FN:206,(anonymous_11)
FN:214,(anonymous_12)
FN:218,(anonymous_13)
FN:228,(anonymous_14)
FN:233,(anonymous_15)
FN:241,(anonymous_16)
FN:250,(anonymous_17)
FN:257,(anonymous_18)
FNF:19
FNH:18
FNDA:15,setup
FNDA:2,selectYear
FNDA:2,changeYear
FNDA:21,isPreviousDecadeDisabled
FNDA:2,previousDecade
FNDA:23,isNextDecadeDisabled
FNDA:2,nextDecade
FNDA:200,isSelectedYear
FNDA:205,isDisabledYear
FNDA:20,(anonymous_9)
FNDA:19,(anonymous_10)
FNDA:17,(anonymous_11)
FNDA:17,(anonymous_12)
FNDA:16,(anonymous_13)
FNDA:19,(anonymous_14)
FNDA:16,(anonymous_15)
FNDA:19,(anonymous_16)
FNDA:0,(anonymous_17)
FNDA:15,(anonymous_18)
DA:2,2
DA:3,2
DA:75,2
DA:76,1
DA:85,2
DA:86,2
DA:87,2
DA:94,21
DA:95,21
DA:96,9
DA:98,12
DA:99,12
DA:100,12
DA:107,2
DA:108,1
DA:116,23
DA:117,23
DA:118,7
DA:120,16
DA:121,16
DA:122,16
DA:129,2
DA:130,1
DA:140,200
DA:149,205
DA:150,205
DA:151,80
DA:154,125
DA:155,90
DA:156,64
DA:159,125
DA:160,110
DA:161,8
DA:165,125
DA:166,15
DA:169,125
DA:173,15
DA:174,20
DA:175,20
DA:177,20
DA:180,20
DA:181,200
DA:187,200
DA:189,20
DA:195,15
DA:196,19
DA:197,19
DA:198,19
DA:199,19
DA:206,15
DA:207,17
DA:214,15
DA:215,17
DA:218,15
DA:219,16
DA:228,15
DA:229,19
DA:230,19
DA:233,15
DA:234,16
DA:241,15
DA:242,19
DA:243,19
DA:250,15
DA:251,0
DA:254,0
DA:257,15
DA:258,15
DA:261,15
LF:69
LH:67
BRDA:75,0,0,1
BRDA:75,0,1,1
BRDA:95,1,0,9
BRDA:95,1,1,12
BRDA:95,2,0,21
BRDA:95,2,1,15
BRDA:107,3,0,1
BRDA:107,3,1,1
BRDA:117,4,0,7
BRDA:117,4,1,16
BRDA:117,5,0,23
BRDA:117,5,1,17
BRDA:129,6,0,1
BRDA:129,6,1,1
BRDA:140,7,0,200
BRDA:140,7,1,0
BRDA:150,8,0,80
BRDA:150,8,1,125
BRDA:150,9,0,205
BRDA:150,9,1,125
BRDA:154,10,0,90
BRDA:154,10,1,35
BRDA:154,11,0,125
BRDA:154,11,1,90
BRDA:155,12,0,64
BRDA:155,12,1,26
BRDA:159,13,0,110
BRDA:159,13,1,15
BRDA:159,14,0,125
BRDA:159,14,1,110
BRDA:160,15,0,8
BRDA:160,15,1,102
BRDA:165,16,0,15
BRDA:165,16,1,110
BRDA:177,17,0,0
BRDA:177,17,1,20
BRDA:198,18,0,19
BRDA:198,18,1,19
BRDA:207,19,0,0
BRDA:207,19,1,17
BRDA:215,20,0,0
BRDA:215,20,1,17
BRDA:219,21,0,32
BRDA:219,21,1,16
BRDA:229,22,0,19
BRDA:229,22,1,19
BRDA:234,23,0,16
BRDA:234,23,1,0
BRDA:242,24,0,19
BRDA:242,24,1,19
BRDA:251,25,0,0
BRDA:251,25,1,0
BRDA:258,26,0,15
BRDA:258,26,1,0
BRDA:258,26,2,0
BRF:55
BRH:46
end_of_record
TN:
SF:src/components/datepicker/locale/index.ts
FN:1,af
FN:35,en
FNF:2
FNH:2
FNDA:5,af
FNDA:5,en
DA:1,5
DA:2,5
DA:3,5
DA:17,5
DA:18,5
DA:19,5
DA:20,5
DA:21,5
DA:22,5
DA:35,5
DA:36,5
DA:37,5
DA:51,5
DA:52,5
DA:53,5
DA:54,5
DA:55,5
DA:56,5
DA:57,5
DA:70,5
LF:20
LH:20
BRF:0
BRH:0
end_of_record
TN:
SF:src/components/datepicker/utils/DateUtils.ts
FN:7,getFullYear
FN:15,getMonth
FN:23,getDate
FN:31,getDay
FN:39,getHours
FN:47,getMinutes
FN:55,setFullYear
FN:63,setMonth
FN:72,setDate
FN:82,compareDates
FN:105,isValidDate
FN:118,getDayNameAbbr
FN:131,getMonthName
FN:149,getMonthNameAbbr
FN:169,daysInMonth
FN:195,getNthSuffix
FN:219,formatDate
FN:263,createDateArray
FN:277,validateDateInput
FNF:19
FNH:17
FNDA:1328,getFullYear
FNDA:110,getMonth
FNDA:81,getDate
FNDA:47,getDay
FNDA:2,getHours
FNDA:2,getMinutes
FNDA:204,setFullYear
FNDA:2,setMonth
FNDA:7,setDate
FNDA:0,compareDates
FNDA:5,isValidDate
FNDA:46,getDayNameAbbr
FNDA:52,getMonthName
FNDA:33,getMonthNameAbbr
FNDA:28,daysInMonth
FNDA:29,getNthSuffix
FNDA:29,formatDate
FNDA:1,createDateArray
FNDA:0,validateDateInput
DA:7,1328
DA:8,1328
DA:15,110
DA:16,110
DA:23,81
DA:24,81
DA:31,47
DA:32,47
DA:39,5
DA:40,2
DA:47,5
DA:48,2
DA:55,204
DA:56,204
DA:63,5
DA:64,2
DA:72,7
DA:73,7
DA:82,5
DA:86,0
DA:87,0
DA:88,0
DA:90,0
DA:91,0
DA:92,0
DA:94,0
DA:95,0
DA:97,0
DA:105,5
DA:106,5
DA:107,4
DA:109,1
DA:118,5
DA:119,46
DA:120,1
DA:122,45
DA:131,5
DA:132,52
DA:133,1
DA:135,51
DA:136,1
DA:138,50
DA:139,49
DA:141,1
DA:149,5
DA:150,33
DA:151,1
DA:153,32
DA:154,1
DA:156,31
DA:157,30
DA:159,1
DA:169,5
DA:170,28
DA:171,8
DA:173,20
DA:174,4
DA:175,2
DA:177,2
DA:179,16
DA:195,5
DA:196,29
DA:200,4
DA:203,3
DA:206,1
DA:208,21
DA:219,5
DA:240,29
DA:241,29
DA:242,29
DA:243,29
DA:254,29
DA:263,5
DA:264,1
DA:265,1
DA:266,5
DA:267,5
DA:269,1
DA:277,5
DA:278,0
LF:80
LH:70
BRDA:7,0,0,1
BRDA:7,0,1,1327
BRDA:7,1,0,1328
BRDA:7,1,1,1
BRDA:8,2,0,1
BRDA:8,2,1,1327
BRDA:15,3,0,1
BRDA:15,3,1,109
BRDA:15,4,0,110
BRDA:15,4,1,1
BRDA:16,5,0,1
BRDA:16,5,1,109
BRDA:23,6,0,1
BRDA:23,6,1,80
BRDA:23,7,0,81
BRDA:23,7,1,1
BRDA:24,8,0,1
BRDA:24,8,1,80
BRDA:31,9,0,1
BRDA:31,9,1,46
BRDA:31,10,0,47
BRDA:31,10,1,1
BRDA:32,11,0,1
BRDA:32,11,1,46
BRDA:39,12,0,1
BRDA:39,12,1,1
BRDA:39,13,0,2
BRDA:39,13,1,1
BRDA:40,14,0,1
BRDA:40,14,1,1
BRDA:47,15,0,1
BRDA:47,15,1,1
BRDA:47,16,0,2
BRDA:47,16,1,1
BRDA:48,17,0,1
BRDA:48,17,1,1
BRDA:55,18,0,1
BRDA:55,18,1,203
BRDA:55,19,0,204
BRDA:55,19,1,1
BRDA:56,20,0,1
BRDA:56,20,1,203
BRDA:63,21,0,1
BRDA:63,21,1,1
BRDA:63,22,0,2
BRDA:63,22,1,1
BRDA:64,23,0,1
BRDA:64,23,1,1
BRDA:72,24,0,1
BRDA:72,24,1,6
BRDA:72,25,0,7
BRDA:72,25,1,1
BRDA:73,26,0,1
BRDA:73,26,1,6
BRDA:86,27,0,0
BRDA:86,27,1,0
BRDA:86,28,0,0
BRDA:86,28,1,0
BRDA:90,29,0,0
BRDA:90,29,1,0
BRDA:106,30,0,4
BRDA:106,30,1,1
BRDA:119,31,0,1
BRDA:119,31,1,45
BRDA:132,32,0,1
BRDA:132,32,1,51
BRDA:135,33,0,1
BRDA:135,33,1,50
BRDA:138,34,0,49
BRDA:138,34,1,1
BRDA:150,35,0,1
BRDA:150,35,1,32
BRDA:153,36,0,1
BRDA:153,36,1,31
BRDA:156,37,0,30
BRDA:156,37,1,1
BRDA:170,38,0,8
BRDA:170,38,1,20
BRDA:173,39,0,4
BRDA:173,39,1,16
BRDA:174,40,0,2
BRDA:174,40,1,2
BRDA:174,41,0,4
BRDA:174,41,1,2
BRDA:174,41,2,2
BRDA:197,42,0,4
BRDA:197,42,1,4
BRDA:197,42,2,4
BRDA:197,42,3,3
BRDA:197,42,4,3
BRDA:197,42,5,1
BRDA:197,42,6,1
BRDA:197,42,7,21
BRDA:278,43,0,0
BRDA:278,43,1,0
BRDA:278,43,2,0
BRDA:278,43,3,0
BRF:97
BRH:87
end_of_record
